<?xml version="1.0" encoding="UTF-8"?>
<!-- Generated by org.testng.reporters.JUnitReportReporter -->
<testsuite hostname="MacBook-Pro-3.lan" name="patientClinic.Login" tests="1" failures="0" timestamp="19 Jun 2016 16:13:43 GMT" time="9.691" errors="0">
  <testcase name="login" time="9.691" classname="patientClinic.Login"/>
</testsuite> <!-- patientClinic.Login -->
