<?xml version="1.0" encoding="UTF-8"?>
<!-- Generated by org.testng.reporters.JUnitReportReporter -->
<testsuite hostname="KLS-00004.local" name="patientClinic.PatientJournal" tests="2" failures="0" timestamp="29 Apr 2016 12:29:01 GMT" time="22.454" errors="0">
  <testcase name="Journal_New_Entry" time="12.153" classname="patientClinic.PatientJournal"/>
  <testcase name="Journal_View" time="10.301" classname="patientClinic.PatientJournal"/>
</testsuite> <!-- patientClinic.PatientJournal -->
