<?xml version="1.0" encoding="UTF-8"?>
<!-- Generated by org.testng.reporters.JUnitReportReporter -->
<testsuite hostname="KLS-00004" name="patientClinic.Login" tests="1" failures="0" timestamp="1 May 2016 17:03:21 GMT" time="16.552" errors="0">
  <testcase name="login" time="16.552" classname="patientClinic.Login"/>
</testsuite> <!-- patientClinic.Login -->
