<?xml version="1.0" encoding="UTF-8"?>
<!-- Generated by org.testng.reporters.JUnitReportReporter -->
<testsuite hostname="MacBook-Pro-3.local" name="patientClinic.PatientJournal" tests="2" failures="0" timestamp="21 Jun 2016 18:44:24 GMT" time="17.027" errors="0">
  <testcase name="Journal_New_Entry" time="8.948" classname="patientClinic.PatientJournal"/>
  <testcase name="Journal_View" time="8.079" classname="patientClinic.PatientJournal"/>
</testsuite> <!-- patientClinic.PatientJournal -->
