<?xml version="1.0" encoding="UTF-8"?>
<!-- Generated by org.testng.reporters.JUnitReportReporter -->
<testsuite hostname="KLS-00004.local" name="patientClinic.PatientJournal" tests="2" failures="0" timestamp="27 Apr 2016 13:43:01 GMT" time="30.619" errors="0">
  <testcase name="Journal_New_Entry" time="15.544" classname="patientClinic.PatientJournal"/>
  <testcase name="Journal_View" time="15.075" classname="patientClinic.PatientJournal"/>
</testsuite> <!-- patientClinic.PatientJournal -->
