<?xml version="1.0" encoding="UTF-8"?>
<!-- Generated by org.testng.reporters.JUnitReportReporter -->
<testsuite hostname="KLS-00004.local" name="patientClinic.Login" tests="1" failures="0" timestamp="22 Apr 2016 15:04:11 GMT" time="13.962" errors="0">
  <testcase name="login" time="13.962" classname="patientClinic.Login"/>
</testsuite> <!-- patientClinic.Login -->
