<?xml version="1.0" encoding="UTF-8"?>
<!-- Generated by org.testng.reporters.JUnitReportReporter -->
<testsuite hostname="KLS-00004.local" name="patientClinic.PateintNotes" tests="5" failures="0" timestamp="26 Apr 2016 15:02:55 GMT" time="66.536" errors="0">
  <testcase name="Notes_Add_Cancel_link" time="17.261" classname="patientClinic.PateintNotes"/>
  <testcase name="Notes_Delete" time="11.739" classname="patientClinic.PateintNotes"/>
  <testcase name="Notes_Edit" time="11.335" classname="patientClinic.PateintNotes"/>
  <testcase name="Notes_Edit_Cancel_link" time="8.228" classname="patientClinic.PateintNotes"/>
  <testcase name="Add_Note" time="17.973" classname="patientClinic.PateintNotes"/>
</testsuite> <!-- patientClinic.PateintNotes -->
