<?xml version="1.0" encoding="UTF-8"?>
<!-- Generated by org.testng.reporters.JUnitReportReporter -->
<testsuite hostname="KLS-00004.local" name="practitonerClinic.HideMessage" tests="1" failures="0" timestamp="18 Apr 2016 17:20:47 GMT" time="33.563" errors="0">
  <testcase name="hidemessage" time="33.563" classname="practitonerClinic.HideMessage"/>
</testsuite> <!-- practitonerClinic.HideMessage -->
