<?xml version="1.0" encoding="UTF-8"?>
<!-- Generated by org.testng.reporters.JUnitReportReporter -->
<testsuite hostname="KLS-00004.local" name="practitionerClinic.SearchPatient" tests="2" failures="0" timestamp="28 Apr 2016 13:16:38 GMT" time="38.502" errors="0">
  <testcase name="searchClear" time="17.630" classname="practitionerClinic.SearchPatient"/>
  <testcase name="searchPatient" time="20.872" classname="practitionerClinic.SearchPatient"/>
</testsuite> <!-- practitionerClinic.SearchPatient -->
