<?xml version="1.0" encoding="UTF-8"?>
<!-- Generated by org.testng.reporters.JUnitReportReporter -->
<testsuite hostname="KLS-00004.local" name="patientClinic.PatientNotes" tests="5" failures="0" timestamp="29 Apr 2016 12:29:01 GMT" time="59.982" errors="0">
  <testcase name="Add_Note" time="12.246" classname="patientClinic.PatientNotes"/>
  <testcase name="Notes_Delete" time="13.979" classname="patientClinic.PatientNotes"/>
  <testcase name="Notes_Edit" time="12.545" classname="patientClinic.PatientNotes"/>
  <testcase name="Notes_Edit_Cancel_link" time="10.749" classname="patientClinic.PatientNotes"/>
  <testcase name="Notes_Add_Cancel_link" time="10.463" classname="patientClinic.PatientNotes"/>
</testsuite> <!-- patientClinic.PatientNotes -->
