<?xml version="1.0" encoding="UTF-8"?>
<!-- Generated by org.testng.reporters.JUnitReportReporter -->
<testsuite hostname="MacBook-Pro-3.local" name="practitionerClinic.PracLogin" tests="1" failures="0" timestamp="19 Jun 2016 21:10:40 GMT" time="8.341" errors="0">
  <testcase name="login" time="8.341" classname="practitionerClinic.PracLogin"/>
</testsuite> <!-- practitionerClinic.PracLogin -->
