<?xml version="1.0" encoding="UTF-8"?>
<!-- Generated by org.testng.reporters.JUnitReportReporter -->
<testsuite hostname="KLS-00004.local" name="practitionerClinic.PracLogin" tests="1" failures="0" timestamp="29 Apr 2016 18:54:10 GMT" time="9.395" errors="0">
  <testcase name="login" time="9.395" classname="practitionerClinic.PracLogin"/>
</testsuite> <!-- practitionerClinic.PracLogin -->
