<?xml version="1.0" encoding="UTF-8"?>
<!-- Generated by org.testng.reporters.JUnitReportReporter -->
<testsuite hostname="MacBook-Pro.local" name="patientClinic.PatientJournal" tests="2" failures="0" timestamp="4 May 2016 12:43:58 GMT" time="20.938" errors="0">
  <testcase name="Journal_View" time="9.456" classname="patientClinic.PatientJournal"/>
  <testcase name="Journal_New_Entry" time="11.482" classname="patientClinic.PatientJournal"/>
</testsuite> <!-- patientClinic.PatientJournal -->
