<?xml version="1.0" encoding="UTF-8"?>
<!-- Generated by org.testng.reporters.JUnitReportReporter -->
<testsuite hostname="KLS-00004.local" name="patientClinic.PatientAssessment" tests="4" failures="0" timestamp="27 Apr 2016 13:43:01 GMT" time="63.360" errors="0">
  <testcase name="Assessment_view_icon" time="14.547" classname="patientClinic.PatientAssessment"/>
  <testcase name="Assessment_view_email" time="15.954" classname="patientClinic.PatientAssessment"/>
  <testcase name="Assessment_View_Back" time="17.337" classname="patientClinic.PatientAssessment"/>
  <testcase name="Assessment_View_Print" time="15.522" classname="patientClinic.PatientAssessment"/>
</testsuite> <!-- patientClinic.PatientAssessment -->
