<?xml version="1.0" encoding="UTF-8"?>
<!-- Generated by org.testng.reporters.JUnitReportReporter -->
<testsuite hostname="KLS-00004.local" name="patientClinic.PatientJournal" tests="2" failures="0" timestamp="28 Apr 2016 17:31:34 GMT" time="29.517" errors="0">
  <testcase name="Journal_View" time="13.934" classname="patientClinic.PatientJournal"/>
  <testcase name="Journal_New_Entry" time="15.583" classname="patientClinic.PatientJournal"/>
</testsuite> <!-- patientClinic.PatientJournal -->
