<?xml version="1.0" encoding="UTF-8"?>
<!-- Generated by org.testng.reporters.JUnitReportReporter -->
<testsuite hostname="MacBook-Pro.local" name="practitionerClinic.RespondMessage" tests="1" failures="0" timestamp="4 May 2016 15:28:23 GMT" time="27.124" errors="0">
  <testcase name="respondmessage" time="27.124" classname="practitionerClinic.RespondMessage"/>
</testsuite> <!-- practitionerClinic.RespondMessage -->
