<?xml version="1.0" encoding="UTF-8"?>
<!-- Generated by org.testng.reporters.JUnitReportReporter -->
<testsuite hostname="MacBook-Pro-2.local" name="patientClinic.Login" tests="1" failures="1" timestamp="6 May 2016 01:48:01 GMT" time="13.506" errors="0">
  <testcase name="login" time="13.506" classname="patientClinic.Login">
    <failure type="org.openqa.selenium.NoSuchWindowException" message="Window not found. The browser window may have been closed.
Command duration or timeout: 18 milliseconds
Build info: version: &#039;2.53.0&#039;, revision: &#039;35ae25b1534ae328c771e0856c93e187490ca824&#039;, time: &#039;2016-03-15 10:43:46&#039;
System info: host: &#039;MacBook-Pro-2.local&#039;, ip: &#039;192.168.0.20&#039;, os.name: &#039;Mac OS X&#039;, os.arch: &#039;x86_64&#039;, os.version: &#039;10.11.3&#039;, java.version: &#039;1.8.0_77&#039;
Driver info: org.openqa.selenium.firefox.FirefoxDriver
Capabilities [{applicationCacheEnabled=true, rotatable=false, handlesAlerts=true, databaseEnabled=true, version=46.0.1, platform=MAC, nativeEvents=false, acceptSslCerts=true, webStorageEnabled=true, locationContextEnabled=true, browserName=firefox, takesScreenshot=true, javascriptEnabled=true, cssSelectorsEnabled=true}]
Session ID: 13dd0e9c-1507-e544-a626-2a1aa2caec76
*** Element info: {Using=xpath, value=.//*[@id=&#039;profile_tabs&#039;]/li[1]/a}">
      <![CDATA[org.openqa.selenium.NoSuchWindowException: Window not found. The browser window may have been closed.
Command duration or timeout: 18 milliseconds
Build info: version: '2.53.0', revision: '35ae25b1534ae328c771e0856c93e187490ca824', time: '2016-03-15 10:43:46'
System info: host: 'MacBook-Pro-2.local', ip: '192.168.0.20', os.name: 'Mac OS X', os.arch: 'x86_64', os.version: '10.11.3', java.version: '1.8.0_77'
Driver info: org.openqa.selenium.firefox.FirefoxDriver
Capabilities [{applicationCacheEnabled=true, rotatable=false, handlesAlerts=true, databaseEnabled=true, version=46.0.1, platform=MAC, nativeEvents=false, acceptSslCerts=true, webStorageEnabled=true, locationContextEnabled=true, browserName=firefox, takesScreenshot=true, javascriptEnabled=true, cssSelectorsEnabled=true}]
Session ID: 13dd0e9c-1507-e544-a626-2a1aa2caec76
*** Element info: {Using=xpath, value=.//*[@id='profile_tabs']/li[1]/a}
	at sun.reflect.NativeConstructorAccessorImpl.newInstance0(Native Method)
	at sun.reflect.NativeConstructorAccessorImpl.newInstance(NativeConstructorAccessorImpl.java:62)
	at sun.reflect.DelegatingConstructorAccessorImpl.newInstance(DelegatingConstructorAccessorImpl.java:45)
	at java.lang.reflect.Constructor.newInstance(Constructor.java:423)
	at org.openqa.selenium.remote.ErrorHandler.createThrowable(ErrorHandler.java:206)
	at org.openqa.selenium.remote.ErrorHandler.throwIfResponseFailed(ErrorHandler.java:158)
	at org.openqa.selenium.remote.RemoteWebDriver.execute(RemoteWebDriver.java:678)
	at org.openqa.selenium.remote.RemoteWebDriver.findElement(RemoteWebDriver.java:363)
	at org.openqa.selenium.remote.RemoteWebDriver.findElementByXPath(RemoteWebDriver.java:500)
	at org.openqa.selenium.By$ByXPath.findElement(By.java:361)
	at org.openqa.selenium.remote.RemoteWebDriver.findElement(RemoteWebDriver.java:355)
	at patientClinic.Login.login(Login.java:109)
	at sun.reflect.NativeMethodAccessorImpl.invoke0(Native Method)
	at sun.reflect.NativeMethodAccessorImpl.invoke(NativeMethodAccessorImpl.java:62)
	at sun.reflect.DelegatingMethodAccessorImpl.invoke(DelegatingMethodAccessorImpl.java:43)
	at java.lang.reflect.Method.invoke(Method.java:498)
	at org.testng.internal.MethodInvocationHelper.invokeMethod(MethodInvocationHelper.java:80)
	at org.testng.internal.Invoker.invokeMethod(Invoker.java:714)
	at org.testng.internal.Invoker.invokeTestMethod(Invoker.java:901)
	at org.testng.internal.Invoker.invokeTestMethods(Invoker.java:1231)
	at org.testng.internal.TestMethodWorker.invokeTestMethods(TestMethodWorker.java:127)
	at org.testng.internal.TestMethodWorker.run(TestMethodWorker.java:111)
	at org.testng.TestRunner.privateRun(TestRunner.java:767)
	at org.testng.TestRunner.run(TestRunner.java:617)
	at org.testng.SuiteRunner.runTest(SuiteRunner.java:334)
	at org.testng.SuiteRunner.runSequentially(SuiteRunner.java:329)
	at org.testng.SuiteRunner.privateRun(SuiteRunner.java:291)
	at org.testng.SuiteRunner.run(SuiteRunner.java:240)
	at org.testng.SuiteRunnerWorker.runSuite(SuiteRunnerWorker.java:52)
	at org.testng.SuiteRunnerWorker.run(SuiteRunnerWorker.java:86)
	at org.testng.TestNG.runSuitesSequentially(TestNG.java:1198)
	at org.testng.TestNG.runSuitesLocally(TestNG.java:1123)
	at org.testng.TestNG.run(TestNG.java:1031)
	at org.testng.remote.RemoteTestNG.run(RemoteTestNG.java:115)
	at org.testng.remote.RemoteTestNG.initAndRun(RemoteTestNG.java:207)
	at org.testng.remote.RemoteTestNG.main(RemoteTestNG.java:178)
Caused by: org.openqa.selenium.NoSuchWindowException: Window not found. The browser window may have been closed.
Build info: version: '2.53.0', revision: '35ae25b1534ae328c771e0856c93e187490ca824', time: '2016-03-15 10:43:46'
System info: host: 'MacBook-Pro-2.local', ip: '192.168.0.20', os.name: 'Mac OS X', os.arch: 'x86_64', os.version: '10.11.3', java.version: '1.8.0_77'
Driver info: driver.version: unknown
	at <anonymous class>.nsCommandProcessor.prototype.execute(file:///var/folders/7w/qxkxstx926x6q8_5yzfzppz00000gp/T/anonymous8333434108929702697webdriver-profile/extensions/fxdriver@googlecode.com/components/command-processor.js:12719)
	at <anonymous class>.Dispatcher.executeAs/<(file:///var/folders/7w/qxkxstx926x6q8_5yzfzppz00000gp/T/anonymous8333434108929702697webdriver-profile/extensions/fxdriver@googlecode.com/components/driver-component.js:9558)
	at <anonymous class>.Resource.prototype.handle(file:///var/folders/7w/qxkxstx926x6q8_5yzfzppz00000gp/T/anonymous8333434108929702697webdriver-profile/extensions/fxdriver@googlecode.com/components/driver-component.js:9705)
	at <anonymous class>.Dispatcher.prototype.dispatch(file:///var/folders/7w/qxkxstx926x6q8_5yzfzppz00000gp/T/anonymous8333434108929702697webdriver-profile/extensions/fxdriver@googlecode.com/components/driver-component.js:9652)
	at <anonymous class>.WebDriverServer/<.handle(file:///var/folders/7w/qxkxstx926x6q8_5yzfzppz00000gp/T/anonymous8333434108929702697webdriver-profile/extensions/fxdriver@googlecode.com/components/driver-component.js:12517)
	at <anonymous class>.createHandlerFunc/<(file:///var/folders/7w/qxkxstx926x6q8_5yzfzppz00000gp/T/anonymous8333434108929702697webdriver-profile/extensions/fxdriver@googlecode.com/components/httpd.js:2054)
	at <anonymous class>.ServerHandler.prototype.handleResponse(file:///var/folders/7w/qxkxstx926x6q8_5yzfzppz00000gp/T/anonymous8333434108929702697webdriver-profile/extensions/fxdriver@googlecode.com/components/httpd.js:2387)
	at <anonymous class>.Connection.prototype.process(file:///var/folders/7w/qxkxstx926x6q8_5yzfzppz00000gp/T/anonymous8333434108929702697webdriver-profile/extensions/fxdriver@googlecode.com/components/httpd.js:1223)
	at <anonymous class>.RequestReader.prototype._handleResponse(file:///var/folders/7w/qxkxstx926x6q8_5yzfzppz00000gp/T/anonymous8333434108929702697webdriver-profile/extensions/fxdriver@googlecode.com/components/httpd.js:1677)
	at <anonymous class>.RequestReader.prototype._processBody(file:///var/folders/7w/qxkxstx926x6q8_5yzfzppz00000gp/T/anonymous8333434108929702697webdriver-profile/extensions/fxdriver@googlecode.com/components/httpd.js:1525)
	at <anonymous class>.RequestReader.prototype.onInputStreamReady(file:///var/folders/7w/qxkxstx926x6q8_5yzfzppz00000gp/T/anonymous8333434108929702697webdriver-profile/extensions/fxdriver@googlecode.com/components/httpd.js:1393)
]]>
    </failure>
  </testcase> <!-- login -->
</testsuite> <!-- patientClinic.Login -->
