<?xml version="1.0" encoding="UTF-8"?>
<!-- Generated by org.testng.reporters.JUnitReportReporter -->
<testsuite hostname="KLS-00004.local" name="patientClinic.Login" tests="1" failures="0" timestamp="26 Apr 2016 14:45:23 GMT" time="55.244" errors="0">
  <testcase name="login" time="55.244" classname="patientClinic.Login"/>
</testsuite> <!-- patientClinic.Login -->
