<?xml version="1.0" encoding="UTF-8"?>
<!-- Generated by org.testng.reporters.JUnitReportReporter -->
<testsuite hostname="KLS-00004.local" name="patientClinic.PatientAssessment" tests="4" failures="0" timestamp="27 Apr 2016 15:20:55 GMT" time="61.831" errors="0">
  <testcase name="Assessment_View_Print" time="16.216" classname="patientClinic.PatientAssessment"/>
  <testcase name="Assessment_View_Back" time="12.259" classname="patientClinic.PatientAssessment"/>
  <testcase name="Assessment_view_icon" time="17.527" classname="patientClinic.PatientAssessment"/>
  <testcase name="Assessment_view_email" time="15.829" classname="patientClinic.PatientAssessment"/>
</testsuite> <!-- patientClinic.PatientAssessment -->
