<?xml version="1.0" encoding="UTF-8"?>
<!-- Generated by org.testng.reporters.JUnitReportReporter -->
<testsuite hostname="KLS-00004.local" name="practitionerClinic.HideMessage" tests="1" failures="0" timestamp="18 Apr 2016 19:27:37 GMT" time="35.812" errors="0">
  <testcase name="hidemessage" time="35.812" classname="practitionerClinic.HideMessage"/>
</testsuite> <!-- practitionerClinic.HideMessage -->
