<?xml version="1.0" encoding="UTF-8"?>
<!-- Generated by org.testng.reporters.JUnitReportReporter -->
<testsuite hostname="MacBook-Pro.local" name="patientClinic.PatientCalendar" tests="3" failures="0" timestamp="4 May 2016 12:43:58 GMT" time="32.021" errors="0">
  <testcase name="Calendar_Add_Event_Cancel" time="10.724" classname="patientClinic.PatientCalendar"/>
  <testcase name="Calendar_Add_Event" time="11.944" classname="patientClinic.PatientCalendar"/>
  <testcase name="Calendar_Export" time="9.353" classname="patientClinic.PatientCalendar"/>
</testsuite> <!-- patientClinic.PatientCalendar -->
