<?xml version="1.0" encoding="UTF-8"?>
<!-- Generated by org.testng.reporters.JUnitReportReporter -->
<testsuite hostname="KLS-00004.local" name="adminClinic.PostMessage" tests="1" failures="0" timestamp="21 Apr 2016 03:08:08 GMT" time="17.848" errors="0">
  <testcase name="postmessage" time="17.848" classname="adminClinic.PostMessage"/>
</testsuite> <!-- adminClinic.PostMessage -->
