<?xml version="1.0" encoding="UTF-8"?>
<!-- Generated by org.testng.reporters.JUnitReportReporter -->
<testsuite hostname="MacBook-Pro-3.local" name="patientClinic.PatientCalendar" tests="3" failures="0" timestamp="21 Jun 2016 18:43:41 GMT" time="26.924" errors="0">
  <testcase name="Calendar_Add_Event" time="9.823" classname="patientClinic.PatientCalendar"/>
  <testcase name="Calendar_Export" time="9.138" classname="patientClinic.PatientCalendar"/>
  <testcase name="Calendar_Add_Event_Cancel" time="7.963" classname="patientClinic.PatientCalendar"/>
</testsuite> <!-- patientClinic.PatientCalendar -->
