<?xml version="1.0" encoding="UTF-8"?>
<!-- Generated by org.testng.reporters.JUnitReportReporter -->
<testsuite hostname="KLS-00004.local" name="patientClinic.PatientJournal" tests="2" failures="0" timestamp="27 Apr 2016 15:20:55 GMT" time="22.119" errors="0">
  <testcase name="Journal_New_Entry" time="13.001" classname="patientClinic.PatientJournal"/>
  <testcase name="Journal_View" time="9.118" classname="patientClinic.PatientJournal"/>
</testsuite> <!-- patientClinic.PatientJournal -->
