<?xml version="1.0" encoding="UTF-8"?>
<!-- Generated by org.testng.reporters.JUnitReportReporter -->
<testsuite hostname="MacBook-Pro-3.local" name="practitionerClinic.PractitionerMessageTest" tests="5" failures="5" timestamp="17 Jun 2016 11:58:59 GMT" time="145.932" errors="0">
  <testcase name="respondmessage" time="45.156" classname="practitionerClinic.PractitionerMessageTest">
    <failure type="org.openqa.selenium.WebDriverException" message="Failed to connect to binary FirefoxBinary(/Applications/Firefox.app/Contents/MacOS/firefox-bin) on port 7056; process output follows: 
ocal&quot;,&quot;version&quot;:&quot;2.0&quot;,&quot;type&quot;:&quot;extension&quot;,&quot;internalName&quot;:null,&quot;updateURL&quot;:null,&quot;updateKey&quot;:null,&quot;optionsURL&quot;:null,&quot;optionsType&quot;:null,&quot;aboutURL&quot;:null,&quot;icons&quot;:{},&quot;iconURL&quot;:&quot;chrome://web2pdfextension/skin/C_AdobeLogo_48x48.png&quot;,&quot;icon64URL&quot;:&quot;chrome://web2pdfextension/skin/C_AdobeLogo_64x64.png&quot;,&quot;defaultLocale&quot;:{&quot;name&quot;:&quot;Adobe Acrobat - Create PDF&quot;,&quot;description&quot;:&quot;Converts a web page to PDF&quot;,&quot;creator&quot;:&quot;Adobe Systems Incorporated&quot;,&quot;homepageURL&quot;:&quot;http://www.adobe.com/&quot;},&quot;visible&quot;:true,&quot;active&quot;:false,&quot;userDisabled&quot;:true,&quot;appDisabled&quot;:false,&quot;descriptor&quot;:&quot;/Library/Application Support/Mozilla/Extensions/{ec8030f7-c20a-464f-9b0e-13a3a9e97384}/web2pdfextension@web2pdf.adobedotcom&quot;,&quot;installDate&quot;:1408552034000,&quot;updateDate&quot;:1408552034000,&quot;applyBackgroundUpdates&quot;:1,&quot;bootstrap&quot;:false,&quot;skinnable&quot;:false,&quot;size&quot;:135272,&quot;sourceURI&quot;:null,&quot;releaseNotesURI&quot;:null,&quot;softDisabled&quot;:false,&quot;foreignInstall&quot;:true,&quot;hasBinaryComponents&quot;:false,&quot;strictCompatibility&quot;:false,&quot;locales&quot;:[],&quot;targetApplications&quot;:[{&quot;id&quot;:&quot;{ec8030f7-c20a-464f-9b0e-13a3a9e97384}&quot;,&quot;minVersion&quot;:&quot;4.0&quot;,&quot;maxVersion&quot;:&quot;*.*&quot;}],&quot;targetPlatforms&quot;:[],&quot;multiprocessCompatible&quot;:false,&quot;signedState&quot;:0,&quot;seen&quot;:true}
1466164694580	DeferredSave.extensions.json	DEBUG	Save changes
1466164694580	addons.xpi	DEBUG	Updating database with changes to installed add-ons
1466164694580	addons.xpi-utils	DEBUG	Updating add-on states
1466164694581	addons.xpi-utils	DEBUG	Writing add-ons list
1466164694582	addons.xpi	DEBUG	Registering manifest for /Applications/Firefox.app/Contents/Resources/browser/features/e10srollout@mozilla.org.xpi
1466164694582	addons.xpi	DEBUG	Calling bootstrap method startup on e10srollout@mozilla.org version 1.0
1466164694582	addons.xpi	DEBUG	Registering manifest for /Applications/Firefox.app/Contents/Resources/browser/features/firefox@getpocket.com.xpi
1466164694583	addons.xpi	DEBUG	Calling bootstrap method startup on firefox@getpocket.com version 1.0.2
1466164694584	addons.xpi	DEBUG	Registering manifest for /Applications/Firefox.app/Contents/Resources/browser/features/loop@mozilla.org.xpi
1466164694584	addons.xpi	DEBUG	Calling bootstrap method startup on loop@mozilla.org version 1.3.2
1466164694604	addons.manager	DEBUG	Registering shutdown blocker for XPIProvider
1466164694604	addons.manager	DEBUG	Provider finished startup: XPIProvider
1466164694604	addons.manager	DEBUG	Starting provider: LightweightThemeManager
1466164694604	addons.manager	DEBUG	Registering shutdown blocker for LightweightThemeManager
1466164694604	addons.manager	DEBUG	Provider finished startup: LightweightThemeManager
1466164694605	addons.manager	DEBUG	Starting provider: GMPProvider
1466164694610	addons.manager	DEBUG	Registering shutdown blocker for GMPProvider
1466164694610	addons.manager	DEBUG	Provider finished startup: GMPProvider
1466164694610	addons.manager	DEBUG	Starting provider: PluginProvider
1466164694610	addons.manager	DEBUG	Registering shutdown blocker for PluginProvider
1466164694611	addons.manager	DEBUG	Provider finished startup: PluginProvider
1466164694611	addons.manager	DEBUG	Completed startup sequence
1466164694862	addons.manager	DEBUG	Starting provider: &lt;unnamed-provider&gt;
1466164694862	addons.manager	DEBUG	Registering shutdown blocker for &lt;unnamed-provider&gt;
1466164694863	addons.manager	DEBUG	Provider finished startup: &lt;unnamed-provider&gt;
1466164694880	DeferredSave.extensions.json	DEBUG	Starting write
1466164695028	addons.repository	DEBUG	No addons.json found.
1466164695029	DeferredSave.addons.json	DEBUG	Save changes
1466164695034	DeferredSave.addons.json	DEBUG	Starting timer
1466164695109	addons.manager	DEBUG	Starting provider: PreviousExperimentProvider
1466164695110	addons.manager	DEBUG	Registering shutdown blocker for PreviousExperimentProvider
1466164695110	addons.manager	DEBUG	Provider finished startup: PreviousExperimentProvider
1466164695114	DeferredSave.extensions.json	DEBUG	Write succeeded
1466164695115	addons.xpi-utils	DEBUG	XPI Database saved, setting schema version preference to 17
1466164695116	DeferredSave.addons.json	DEBUG	Starting write
1466164695145	DeferredSave.addons.json	DEBUG	Write succeeded

Build info: version: &#039;2.53.0&#039;, revision: &#039;35ae25b1534ae328c771e0856c93e187490ca824&#039;, time: &#039;2016-03-15 10:43:46&#039;
System info: host: &#039;MacBook-Pro-3.local&#039;, ip: &#039;192.168.0.3&#039;, os.name: &#039;Mac OS X&#039;, os.arch: &#039;x86_64&#039;, os.version: &#039;10.11.4&#039;, java.version: &#039;1.8.0_91&#039;
Driver info: driver.version: FirefoxDriver">
      <![CDATA[org.openqa.selenium.WebDriverException: Failed to connect to binary FirefoxBinary(/Applications/Firefox.app/Contents/MacOS/firefox-bin) on port 7056; process output follows: 
ocal","version":"2.0","type":"extension","internalName":null,"updateURL":null,"updateKey":null,"optionsURL":null,"optionsType":null,"aboutURL":null,"icons":{},"iconURL":"chrome://web2pdfextension/skin/C_AdobeLogo_48x48.png","icon64URL":"chrome://web2pdfextension/skin/C_AdobeLogo_64x64.png","defaultLocale":{"name":"Adobe Acrobat - Create PDF","description":"Converts a web page to PDF","creator":"Adobe Systems Incorporated","homepageURL":"http://www.adobe.com/"},"visible":true,"active":false,"userDisabled":true,"appDisabled":false,"descriptor":"/Library/Application Support/Mozilla/Extensions/{ec8030f7-c20a-464f-9b0e-13a3a9e97384}/web2pdfextension@web2pdf.adobedotcom","installDate":1408552034000,"updateDate":1408552034000,"applyBackgroundUpdates":1,"bootstrap":false,"skinnable":false,"size":135272,"sourceURI":null,"releaseNotesURI":null,"softDisabled":false,"foreignInstall":true,"hasBinaryComponents":false,"strictCompatibility":false,"locales":[],"targetApplications":[{"id":"{ec8030f7-c20a-464f-9b0e-13a3a9e97384}","minVersion":"4.0","maxVersion":"*.*"}],"targetPlatforms":[],"multiprocessCompatible":false,"signedState":0,"seen":true}
1466164694580	DeferredSave.extensions.json	DEBUG	Save changes
1466164694580	addons.xpi	DEBUG	Updating database with changes to installed add-ons
1466164694580	addons.xpi-utils	DEBUG	Updating add-on states
1466164694581	addons.xpi-utils	DEBUG	Writing add-ons list
1466164694582	addons.xpi	DEBUG	Registering manifest for /Applications/Firefox.app/Contents/Resources/browser/features/e10srollout@mozilla.org.xpi
1466164694582	addons.xpi	DEBUG	Calling bootstrap method startup on e10srollout@mozilla.org version 1.0
1466164694582	addons.xpi	DEBUG	Registering manifest for /Applications/Firefox.app/Contents/Resources/browser/features/firefox@getpocket.com.xpi
1466164694583	addons.xpi	DEBUG	Calling bootstrap method startup on firefox@getpocket.com version 1.0.2
1466164694584	addons.xpi	DEBUG	Registering manifest for /Applications/Firefox.app/Contents/Resources/browser/features/loop@mozilla.org.xpi
1466164694584	addons.xpi	DEBUG	Calling bootstrap method startup on loop@mozilla.org version 1.3.2
1466164694604	addons.manager	DEBUG	Registering shutdown blocker for XPIProvider
1466164694604	addons.manager	DEBUG	Provider finished startup: XPIProvider
1466164694604	addons.manager	DEBUG	Starting provider: LightweightThemeManager
1466164694604	addons.manager	DEBUG	Registering shutdown blocker for LightweightThemeManager
1466164694604	addons.manager	DEBUG	Provider finished startup: LightweightThemeManager
1466164694605	addons.manager	DEBUG	Starting provider: GMPProvider
1466164694610	addons.manager	DEBUG	Registering shutdown blocker for GMPProvider
1466164694610	addons.manager	DEBUG	Provider finished startup: GMPProvider
1466164694610	addons.manager	DEBUG	Starting provider: PluginProvider
1466164694610	addons.manager	DEBUG	Registering shutdown blocker for PluginProvider
1466164694611	addons.manager	DEBUG	Provider finished startup: PluginProvider
1466164694611	addons.manager	DEBUG	Completed startup sequence
1466164694862	addons.manager	DEBUG	Starting provider: <unnamed-provider>
1466164694862	addons.manager	DEBUG	Registering shutdown blocker for <unnamed-provider>
1466164694863	addons.manager	DEBUG	Provider finished startup: <unnamed-provider>
1466164694880	DeferredSave.extensions.json	DEBUG	Starting write
1466164695028	addons.repository	DEBUG	No addons.json found.
1466164695029	DeferredSave.addons.json	DEBUG	Save changes
1466164695034	DeferredSave.addons.json	DEBUG	Starting timer
1466164695109	addons.manager	DEBUG	Starting provider: PreviousExperimentProvider
1466164695110	addons.manager	DEBUG	Registering shutdown blocker for PreviousExperimentProvider
1466164695110	addons.manager	DEBUG	Provider finished startup: PreviousExperimentProvider
1466164695114	DeferredSave.extensions.json	DEBUG	Write succeeded
1466164695115	addons.xpi-utils	DEBUG	XPI Database saved, setting schema version preference to 17
1466164695116	DeferredSave.addons.json	DEBUG	Starting write
1466164695145	DeferredSave.addons.json	DEBUG	Write succeeded

Build info: version: '2.53.0', revision: '35ae25b1534ae328c771e0856c93e187490ca824', time: '2016-03-15 10:43:46'
System info: host: 'MacBook-Pro-3.local', ip: '192.168.0.3', os.name: 'Mac OS X', os.arch: 'x86_64', os.version: '10.11.4', java.version: '1.8.0_91'
Driver info: driver.version: FirefoxDriver
	at org.openqa.selenium.firefox.internal.NewProfileExtensionConnection.start(NewProfileExtensionConnection.java:125)
	at org.openqa.selenium.firefox.FirefoxDriver.startClient(FirefoxDriver.java:271)
	at org.openqa.selenium.remote.RemoteWebDriver.<init>(RemoteWebDriver.java:119)
	at org.openqa.selenium.firefox.FirefoxDriver.<init>(FirefoxDriver.java:216)
	at org.openqa.selenium.firefox.FirefoxDriver.<init>(FirefoxDriver.java:211)
	at org.openqa.selenium.firefox.FirefoxDriver.<init>(FirefoxDriver.java:207)
	at org.openqa.selenium.firefox.FirefoxDriver.<init>(FirefoxDriver.java:120)
	at patientClinic.Login.login(Login.java:50)
	at practitionerClinic.PractitionerMessageTest.respondmessage(PractitionerMessageTest.java:356)
	at sun.reflect.NativeMethodAccessorImpl.invoke0(Native Method)
	at sun.reflect.NativeMethodAccessorImpl.invoke(NativeMethodAccessorImpl.java:62)
	at sun.reflect.DelegatingMethodAccessorImpl.invoke(DelegatingMethodAccessorImpl.java:43)
	at java.lang.reflect.Method.invoke(Method.java:498)
	at org.testng.internal.MethodInvocationHelper.invokeMethod(MethodInvocationHelper.java:80)
	at org.testng.internal.Invoker.invokeMethod(Invoker.java:714)
	at org.testng.internal.Invoker.invokeTestMethod(Invoker.java:901)
	at org.testng.internal.Invoker.invokeTestMethods(Invoker.java:1231)
	at org.testng.internal.TestMethodWorker.invokeTestMethods(TestMethodWorker.java:127)
	at org.testng.internal.TestMethodWorker.run(TestMethodWorker.java:111)
	at org.testng.TestRunner.privateRun(TestRunner.java:767)
	at org.testng.TestRunner.run(TestRunner.java:617)
	at org.testng.SuiteRunner.runTest(SuiteRunner.java:334)
	at org.testng.SuiteRunner.runSequentially(SuiteRunner.java:329)
	at org.testng.SuiteRunner.privateRun(SuiteRunner.java:291)
	at org.testng.SuiteRunner.run(SuiteRunner.java:240)
	at org.testng.SuiteRunnerWorker.runSuite(SuiteRunnerWorker.java:52)
	at org.testng.SuiteRunnerWorker.run(SuiteRunnerWorker.java:86)
	at org.testng.TestNG.runSuitesSequentially(TestNG.java:1198)
	at org.testng.TestNG.runSuitesLocally(TestNG.java:1123)
	at org.testng.TestNG.run(TestNG.java:1031)
	at org.testng.remote.RemoteTestNG.run(RemoteTestNG.java:115)
	at org.testng.remote.RemoteTestNG.initAndRun(RemoteTestNG.java:207)
	at org.testng.remote.RemoteTestNG.main(RemoteTestNG.java:178)
Caused by: org.openqa.selenium.firefox.NotConnectedException: Unable to connect to host 127.0.0.1 on port 7056 after 45000 ms. Firefox console output:
ocal","version":"2.0","type":"extension","internalName":null,"updateURL":null,"updateKey":null,"optionsURL":null,"optionsType":null,"aboutURL":null,"icons":{},"iconURL":"chrome://web2pdfextension/skin/C_AdobeLogo_48x48.png","icon64URL":"chrome://web2pdfextension/skin/C_AdobeLogo_64x64.png","defaultLocale":{"name":"Adobe Acrobat - Create PDF","description":"Converts a web page to PDF","creator":"Adobe Systems Incorporated","homepageURL":"http://www.adobe.com/"},"visible":true,"active":false,"userDisabled":true,"appDisabled":false,"descriptor":"/Library/Application Support/Mozilla/Extensions/{ec8030f7-c20a-464f-9b0e-13a3a9e97384}/web2pdfextension@web2pdf.adobedotcom","installDate":1408552034000,"updateDate":1408552034000,"applyBackgroundUpdates":1,"bootstrap":false,"skinnable":false,"size":135272,"sourceURI":null,"releaseNotesURI":null,"softDisabled":false,"foreignInstall":true,"hasBinaryComponents":false,"strictCompatibility":false,"locales":[],"targetApplications":[{"id":"{ec8030f7-c20a-464f-9b0e-13a3a9e97384}","minVersion":"4.0","maxVersion":"*.*"}],"targetPlatforms":[],"multiprocessCompatible":false,"signedState":0,"seen":true}
1466164694580	DeferredSave.extensions.json	DEBUG	Save changes
1466164694580	addons.xpi	DEBUG	Updating database with changes to installed add-ons
1466164694580	addons.xpi-utils	DEBUG	Updating add-on states
1466164694581	addons.xpi-utils	DEBUG	Writing add-ons list
1466164694582	addons.xpi	DEBUG	Registering manifest for /Applications/Firefox.app/Contents/Resources/browser/features/e10srollout@mozilla.org.xpi
1466164694582	addons.xpi	DEBUG	Calling bootstrap method startup on e10srollout@mozilla.org version 1.0
1466164694582	addons.xpi	DEBUG	Registering manifest for /Applications/Firefox.app/Contents/Resources/browser/features/firefox@getpocket.com.xpi
1466164694583	addons.xpi	DEBUG	Calling bootstrap method startup on firefox@getpocket.com version 1.0.2
1466164694584	addons.xpi	DEBUG	Registering manifest for /Applications/Firefox.app/Contents/Resources/browser/features/loop@mozilla.org.xpi
1466164694584	addons.xpi	DEBUG	Calling bootstrap method startup on loop@mozilla.org version 1.3.2
1466164694604	addons.manager	DEBUG	Registering shutdown blocker for XPIProvider
1466164694604	addons.manager	DEBUG	Provider finished startup: XPIProvider
1466164694604	addons.manager	DEBUG	Starting provider: LightweightThemeManager
1466164694604	addons.manager	DEBUG	Registering shutdown blocker for LightweightThemeManager
1466164694604	addons.manager	DEBUG	Provider finished startup: LightweightThemeManager
1466164694605	addons.manager	DEBUG	Starting provider: GMPProvider
1466164694610	addons.manager	DEBUG	Registering shutdown blocker for GMPProvider
1466164694610	addons.manager	DEBUG	Provider finished startup: GMPProvider
1466164694610	addons.manager	DEBUG	Starting provider: PluginProvider
1466164694610	addons.manager	DEBUG	Registering shutdown blocker for PluginProvider
1466164694611	addons.manager	DEBUG	Provider finished startup: PluginProvider
1466164694611	addons.manager	DEBUG	Completed startup sequence
1466164694862	addons.manager	DEBUG	Starting provider: <unnamed-provider>
1466164694862	addons.manager	DEBUG	Registering shutdown blocker for <unnamed-provider>
1466164694863	addons.manager	DEBUG	Provider finished startup: <unnamed-provider>
1466164694880	DeferredSave.extensions.json	DEBUG	Starting write
1466164695028	addons.repository	DEBUG	No addons.json found.
1466164695029	DeferredSave.addons.json	DEBUG	Save changes
1466164695034	DeferredSave.addons.json	DEBUG	Starting timer
1466164695109	addons.manager	DEBUG	Starting provider: PreviousExperimentProvider
1466164695110	addons.manager	DEBUG	Registering shutdown blocker for PreviousExperimentProvider
1466164695110	addons.manager	DEBUG	Provider finished startup: PreviousExperimentProvider
1466164695114	DeferredSave.extensions.json	DEBUG	Write succeeded
1466164695115	addons.xpi-utils	DEBUG	XPI Database saved, setting schema version preference to 17
1466164695116	DeferredSave.addons.json	DEBUG	Starting write
1466164695145	DeferredSave.addons.json	DEBUG	Write succeeded

	at org.openqa.selenium.firefox.internal.NewProfileExtensionConnection.start(NewProfileExtensionConnection.java:113)
	... 32 more
]]>
    </failure>
  </testcase> <!-- respondmessage -->
  <testcase name="postmessage_show_hidden_message" time="4.728" classname="practitionerClinic.PractitionerMessageTest">
    <failure type="org.openqa.selenium.remote.UnreachableBrowserException" message="Could not start a new session. Possible causes are invalid address of the remote server or browser start-up failure.
Build info: version: &#039;2.53.0&#039;, revision: &#039;35ae25b1534ae328c771e0856c93e187490ca824&#039;, time: &#039;2016-03-15 10:43:46&#039;
System info: host: &#039;MacBook-Pro-3.local&#039;, ip: &#039;192.168.0.3&#039;, os.name: &#039;Mac OS X&#039;, os.arch: &#039;x86_64&#039;, os.version: &#039;10.11.4&#039;, java.version: &#039;1.8.0_91&#039;
Driver info: driver.version: FirefoxDriver">
      <![CDATA[org.openqa.selenium.remote.UnreachableBrowserException: Could not start a new session. Possible causes are invalid address of the remote server or browser start-up failure.
Build info: version: '2.53.0', revision: '35ae25b1534ae328c771e0856c93e187490ca824', time: '2016-03-15 10:43:46'
System info: host: 'MacBook-Pro-3.local', ip: '192.168.0.3', os.name: 'Mac OS X', os.arch: 'x86_64', os.version: '10.11.4', java.version: '1.8.0_91'
Driver info: driver.version: FirefoxDriver
	at org.openqa.selenium.remote.RemoteWebDriver.execute(RemoteWebDriver.java:665)
	at org.openqa.selenium.remote.RemoteWebDriver.startSession(RemoteWebDriver.java:249)
	at org.openqa.selenium.remote.RemoteWebDriver.<init>(RemoteWebDriver.java:131)
	at org.openqa.selenium.firefox.FirefoxDriver.<init>(FirefoxDriver.java:216)
	at org.openqa.selenium.firefox.FirefoxDriver.<init>(FirefoxDriver.java:211)
	at org.openqa.selenium.firefox.FirefoxDriver.<init>(FirefoxDriver.java:207)
	at org.openqa.selenium.firefox.FirefoxDriver.<init>(FirefoxDriver.java:120)
	at practitionerClinic.PracLogin.login(PracLogin.java:49)
	at practitionerClinic.PractitionerMessageTest.postmessage_show_hidden_message(PractitionerMessageTest.java:262)
	at sun.reflect.NativeMethodAccessorImpl.invoke0(Native Method)
	at sun.reflect.NativeMethodAccessorImpl.invoke(NativeMethodAccessorImpl.java:62)
	at sun.reflect.DelegatingMethodAccessorImpl.invoke(DelegatingMethodAccessorImpl.java:43)
	at java.lang.reflect.Method.invoke(Method.java:498)
	at org.testng.internal.MethodInvocationHelper.invokeMethod(MethodInvocationHelper.java:80)
	at org.testng.internal.Invoker.invokeMethod(Invoker.java:714)
	at org.testng.internal.Invoker.invokeTestMethod(Invoker.java:901)
	at org.testng.internal.Invoker.invokeTestMethods(Invoker.java:1231)
	at org.testng.internal.TestMethodWorker.invokeTestMethods(TestMethodWorker.java:127)
	at org.testng.internal.TestMethodWorker.run(TestMethodWorker.java:111)
	at org.testng.TestRunner.privateRun(TestRunner.java:767)
	at org.testng.TestRunner.run(TestRunner.java:617)
	at org.testng.SuiteRunner.runTest(SuiteRunner.java:334)
	at org.testng.SuiteRunner.runSequentially(SuiteRunner.java:329)
	at org.testng.SuiteRunner.privateRun(SuiteRunner.java:291)
	at org.testng.SuiteRunner.run(SuiteRunner.java:240)
	at org.testng.SuiteRunnerWorker.runSuite(SuiteRunnerWorker.java:52)
	at org.testng.SuiteRunnerWorker.run(SuiteRunnerWorker.java:86)
	at org.testng.TestNG.runSuitesSequentially(TestNG.java:1198)
	at org.testng.TestNG.runSuitesLocally(TestNG.java:1123)
	at org.testng.TestNG.run(TestNG.java:1031)
	at org.testng.remote.RemoteTestNG.run(RemoteTestNG.java:115)
	at org.testng.remote.RemoteTestNG.initAndRun(RemoteTestNG.java:207)
	at org.testng.remote.RemoteTestNG.main(RemoteTestNG.java:178)
Caused by: org.apache.http.conn.HttpHostConnectException: Connect to 127.0.0.1:7055 [/127.0.0.1] failed: Connection refused
	at org.apache.http.impl.conn.DefaultHttpClientConnectionOperator.connect(DefaultHttpClientConnectionOperator.java:151)
	at org.apache.http.impl.conn.PoolingHttpClientConnectionManager.connect(PoolingHttpClientConnectionManager.java:353)
	at org.apache.http.impl.execchain.MainClientExec.establishRoute(MainClientExec.java:380)
	at org.apache.http.impl.execchain.MainClientExec.execute(MainClientExec.java:236)
	at org.apache.http.impl.execchain.ProtocolExec.execute(ProtocolExec.java:184)
	at org.apache.http.impl.execchain.RetryExec.execute(RetryExec.java:88)
	at org.apache.http.impl.execchain.RedirectExec.execute(RedirectExec.java:110)
	at org.apache.http.impl.client.InternalHttpClient.doExecute(InternalHttpClient.java:184)
	at org.apache.http.impl.client.CloseableHttpClient.execute(CloseableHttpClient.java:71)
	at org.apache.http.impl.client.CloseableHttpClient.execute(CloseableHttpClient.java:55)
	at org.openqa.selenium.remote.internal.ApacheHttpClient.fallBackExecute(ApacheHttpClient.java:162)
	at org.openqa.selenium.remote.internal.ApacheHttpClient.execute(ApacheHttpClient.java:90)
	at org.openqa.selenium.remote.HttpCommandExecutor.execute(HttpCommandExecutor.java:142)
	at org.openqa.selenium.firefox.internal.NewProfileExtensionConnection.execute(NewProfileExtensionConnection.java:160)
	at org.openqa.selenium.firefox.FirefoxDriver$LazyCommandExecutor.execute(FirefoxDriver.java:380)
	at org.openqa.selenium.remote.RemoteWebDriver.execute(RemoteWebDriver.java:644)
	... 32 more
Caused by: java.net.ConnectException: Connection refused
	at java.net.PlainSocketImpl.socketConnect(Native Method)
	at java.net.AbstractPlainSocketImpl.doConnect(AbstractPlainSocketImpl.java:350)
	at java.net.AbstractPlainSocketImpl.connectToAddress(AbstractPlainSocketImpl.java:206)
	at java.net.AbstractPlainSocketImpl.connect(AbstractPlainSocketImpl.java:188)
	at java.net.SocksSocketImpl.connect(SocksSocketImpl.java:392)
	at java.net.Socket.connect(Socket.java:589)
	at org.apache.http.conn.socket.PlainConnectionSocketFactory.connectSocket(PlainConnectionSocketFactory.java:74)
	at org.apache.http.impl.conn.DefaultHttpClientConnectionOperator.connect(DefaultHttpClientConnectionOperator.java:134)
	... 47 more
]]>
    </failure>
  </testcase> <!-- postmessage_show_hidden_message -->
  <testcase name="postmessage_cancel_link" time="5.790" classname="practitionerClinic.PractitionerMessageTest">
    <failure type="org.openqa.selenium.remote.UnreachableBrowserException" message="Error communicating with the remote browser. It may have died.
Build info: version: &#039;2.53.0&#039;, revision: &#039;35ae25b1534ae328c771e0856c93e187490ca824&#039;, time: &#039;2016-03-15 10:43:46&#039;
System info: host: &#039;MacBook-Pro-3.local&#039;, ip: &#039;192.168.0.3&#039;, os.name: &#039;Mac OS X&#039;, os.arch: &#039;x86_64&#039;, os.version: &#039;10.11.4&#039;, java.version: &#039;1.8.0_91&#039;
Driver info: driver.version: RemoteWebDriver
Capabilities [{applicationCacheEnabled=true, rotatable=false, handlesAlerts=true, databaseEnabled=true, version=47.0, platform=MAC, nativeEvents=false, acceptSslCerts=true, webStorageEnabled=true, locationContextEnabled=true, browserName=firefox, takesScreenshot=true, javascriptEnabled=true, cssSelectorsEnabled=true}]
Session ID: 4f418a30-729d-df4d-ac76-84c6ed7ee7e4">
      <![CDATA[org.openqa.selenium.remote.UnreachableBrowserException: Error communicating with the remote browser. It may have died.
Build info: version: '2.53.0', revision: '35ae25b1534ae328c771e0856c93e187490ca824', time: '2016-03-15 10:43:46'
System info: host: 'MacBook-Pro-3.local', ip: '192.168.0.3', os.name: 'Mac OS X', os.arch: 'x86_64', os.version: '10.11.4', java.version: '1.8.0_91'
Driver info: driver.version: RemoteWebDriver
Capabilities [{applicationCacheEnabled=true, rotatable=false, handlesAlerts=true, databaseEnabled=true, version=47.0, platform=MAC, nativeEvents=false, acceptSslCerts=true, webStorageEnabled=true, locationContextEnabled=true, browserName=firefox, takesScreenshot=true, javascriptEnabled=true, cssSelectorsEnabled=true}]
Session ID: 4f418a30-729d-df4d-ac76-84c6ed7ee7e4
	at org.openqa.selenium.remote.RemoteWebDriver.execute(RemoteWebDriver.java:665)
	at org.openqa.selenium.remote.RemoteWebDriver.get(RemoteWebDriver.java:316)
	at practitionerClinic.PracLogin.login(PracLogin.java:58)
	at practitionerClinic.PractitionerMessageTest.postmessage_cancel_link(PractitionerMessageTest.java:154)
	at sun.reflect.NativeMethodAccessorImpl.invoke0(Native Method)
	at sun.reflect.NativeMethodAccessorImpl.invoke(NativeMethodAccessorImpl.java:62)
	at sun.reflect.DelegatingMethodAccessorImpl.invoke(DelegatingMethodAccessorImpl.java:43)
	at java.lang.reflect.Method.invoke(Method.java:498)
	at org.testng.internal.MethodInvocationHelper.invokeMethod(MethodInvocationHelper.java:80)
	at org.testng.internal.Invoker.invokeMethod(Invoker.java:714)
	at org.testng.internal.Invoker.invokeTestMethod(Invoker.java:901)
	at org.testng.internal.Invoker.invokeTestMethods(Invoker.java:1231)
	at org.testng.internal.TestMethodWorker.invokeTestMethods(TestMethodWorker.java:127)
	at org.testng.internal.TestMethodWorker.run(TestMethodWorker.java:111)
	at org.testng.TestRunner.privateRun(TestRunner.java:767)
	at org.testng.TestRunner.run(TestRunner.java:617)
	at org.testng.SuiteRunner.runTest(SuiteRunner.java:334)
	at org.testng.SuiteRunner.runSequentially(SuiteRunner.java:329)
	at org.testng.SuiteRunner.privateRun(SuiteRunner.java:291)
	at org.testng.SuiteRunner.run(SuiteRunner.java:240)
	at org.testng.SuiteRunnerWorker.runSuite(SuiteRunnerWorker.java:52)
	at org.testng.SuiteRunnerWorker.run(SuiteRunnerWorker.java:86)
	at org.testng.TestNG.runSuitesSequentially(TestNG.java:1198)
	at org.testng.TestNG.runSuitesLocally(TestNG.java:1123)
	at org.testng.TestNG.run(TestNG.java:1031)
	at org.testng.remote.RemoteTestNG.run(RemoteTestNG.java:115)
	at org.testng.remote.RemoteTestNG.initAndRun(RemoteTestNG.java:207)
	at org.testng.remote.RemoteTestNG.main(RemoteTestNG.java:178)
Caused by: org.apache.http.conn.HttpHostConnectException: Connect to 127.0.0.1:7055 [/127.0.0.1] failed: Connection refused
	at org.apache.http.impl.conn.DefaultHttpClientConnectionOperator.connect(DefaultHttpClientConnectionOperator.java:151)
	at org.apache.http.impl.conn.PoolingHttpClientConnectionManager.connect(PoolingHttpClientConnectionManager.java:353)
	at org.apache.http.impl.execchain.MainClientExec.establishRoute(MainClientExec.java:380)
	at org.apache.http.impl.execchain.MainClientExec.execute(MainClientExec.java:236)
	at org.apache.http.impl.execchain.ProtocolExec.execute(ProtocolExec.java:184)
	at org.apache.http.impl.execchain.RetryExec.execute(RetryExec.java:88)
	at org.apache.http.impl.execchain.RedirectExec.execute(RedirectExec.java:110)
	at org.apache.http.impl.client.InternalHttpClient.doExecute(InternalHttpClient.java:184)
	at org.apache.http.impl.client.CloseableHttpClient.execute(CloseableHttpClient.java:71)
	at org.apache.http.impl.client.CloseableHttpClient.execute(CloseableHttpClient.java:55)
	at org.openqa.selenium.remote.internal.ApacheHttpClient.fallBackExecute(ApacheHttpClient.java:162)
	at org.openqa.selenium.remote.internal.ApacheHttpClient.execute(ApacheHttpClient.java:90)
	at org.openqa.selenium.remote.HttpCommandExecutor.execute(HttpCommandExecutor.java:142)
	at org.openqa.selenium.firefox.internal.NewProfileExtensionConnection.execute(NewProfileExtensionConnection.java:160)
	at org.openqa.selenium.firefox.FirefoxDriver$LazyCommandExecutor.execute(FirefoxDriver.java:380)
	at org.openqa.selenium.remote.RemoteWebDriver.execute(RemoteWebDriver.java:644)
	... 27 more
Caused by: java.net.ConnectException: Connection refused
	at java.net.PlainSocketImpl.socketConnect(Native Method)
	at java.net.AbstractPlainSocketImpl.doConnect(AbstractPlainSocketImpl.java:350)
	at java.net.AbstractPlainSocketImpl.connectToAddress(AbstractPlainSocketImpl.java:206)
	at java.net.AbstractPlainSocketImpl.connect(AbstractPlainSocketImpl.java:188)
	at java.net.SocksSocketImpl.connect(SocksSocketImpl.java:392)
	at java.net.Socket.connect(Socket.java:589)
	at org.apache.http.conn.socket.PlainConnectionSocketFactory.connectSocket(PlainConnectionSocketFactory.java:74)
	at org.apache.http.impl.conn.DefaultHttpClientConnectionOperator.connect(DefaultHttpClientConnectionOperator.java:134)
	... 42 more
]]>
    </failure>
  </testcase> <!-- postmessage_cancel_link -->
  <testcase name="delete_message" time="45.113" classname="practitionerClinic.PractitionerMessageTest">
    <failure type="org.openqa.selenium.WebDriverException" message="Failed to connect to binary FirefoxBinary(/Applications/Firefox.app/Contents/MacOS/firefox-bin) on port 7056; process output follows: 
ocal&quot;,&quot;version&quot;:&quot;2.0&quot;,&quot;type&quot;:&quot;extension&quot;,&quot;internalName&quot;:null,&quot;updateURL&quot;:null,&quot;updateKey&quot;:null,&quot;optionsURL&quot;:null,&quot;optionsType&quot;:null,&quot;aboutURL&quot;:null,&quot;icons&quot;:{},&quot;iconURL&quot;:&quot;chrome://web2pdfextension/skin/C_AdobeLogo_48x48.png&quot;,&quot;icon64URL&quot;:&quot;chrome://web2pdfextension/skin/C_AdobeLogo_64x64.png&quot;,&quot;defaultLocale&quot;:{&quot;name&quot;:&quot;Adobe Acrobat - Create PDF&quot;,&quot;description&quot;:&quot;Converts a web page to PDF&quot;,&quot;creator&quot;:&quot;Adobe Systems Incorporated&quot;,&quot;homepageURL&quot;:&quot;http://www.adobe.com/&quot;},&quot;visible&quot;:true,&quot;active&quot;:false,&quot;userDisabled&quot;:true,&quot;appDisabled&quot;:false,&quot;descriptor&quot;:&quot;/Library/Application Support/Mozilla/Extensions/{ec8030f7-c20a-464f-9b0e-13a3a9e97384}/web2pdfextension@web2pdf.adobedotcom&quot;,&quot;installDate&quot;:1408552034000,&quot;updateDate&quot;:1408552034000,&quot;applyBackgroundUpdates&quot;:1,&quot;bootstrap&quot;:false,&quot;skinnable&quot;:false,&quot;size&quot;:135272,&quot;sourceURI&quot;:null,&quot;releaseNotesURI&quot;:null,&quot;softDisabled&quot;:false,&quot;foreignInstall&quot;:true,&quot;hasBinaryComponents&quot;:false,&quot;strictCompatibility&quot;:false,&quot;locales&quot;:[],&quot;targetApplications&quot;:[{&quot;id&quot;:&quot;{ec8030f7-c20a-464f-9b0e-13a3a9e97384}&quot;,&quot;minVersion&quot;:&quot;4.0&quot;,&quot;maxVersion&quot;:&quot;*.*&quot;}],&quot;targetPlatforms&quot;:[],&quot;multiprocessCompatible&quot;:false,&quot;signedState&quot;:0,&quot;seen&quot;:true}
1466164649422	DeferredSave.extensions.json	DEBUG	Save changes
1466164649422	addons.xpi	DEBUG	Updating database with changes to installed add-ons
1466164649422	addons.xpi-utils	DEBUG	Updating add-on states
1466164649423	addons.xpi-utils	DEBUG	Writing add-ons list
1466164649425	addons.xpi	DEBUG	Registering manifest for /Applications/Firefox.app/Contents/Resources/browser/features/e10srollout@mozilla.org.xpi
1466164649425	addons.xpi	DEBUG	Calling bootstrap method startup on e10srollout@mozilla.org version 1.0
1466164649425	addons.xpi	DEBUG	Registering manifest for /Applications/Firefox.app/Contents/Resources/browser/features/firefox@getpocket.com.xpi
1466164649426	addons.xpi	DEBUG	Calling bootstrap method startup on firefox@getpocket.com version 1.0.2
1466164649428	addons.xpi	DEBUG	Registering manifest for /Applications/Firefox.app/Contents/Resources/browser/features/loop@mozilla.org.xpi
1466164649429	addons.xpi	DEBUG	Calling bootstrap method startup on loop@mozilla.org version 1.3.2
1466164649446	addons.manager	DEBUG	Registering shutdown blocker for XPIProvider
1466164649446	addons.manager	DEBUG	Provider finished startup: XPIProvider
1466164649446	addons.manager	DEBUG	Starting provider: LightweightThemeManager
1466164649446	addons.manager	DEBUG	Registering shutdown blocker for LightweightThemeManager
1466164649447	addons.manager	DEBUG	Provider finished startup: LightweightThemeManager
1466164649447	addons.manager	DEBUG	Starting provider: GMPProvider
1466164649451	addons.manager	DEBUG	Registering shutdown blocker for GMPProvider
1466164649452	addons.manager	DEBUG	Provider finished startup: GMPProvider
1466164649452	addons.manager	DEBUG	Starting provider: PluginProvider
1466164649452	addons.manager	DEBUG	Registering shutdown blocker for PluginProvider
1466164649452	addons.manager	DEBUG	Provider finished startup: PluginProvider
1466164649452	addons.manager	DEBUG	Completed startup sequence
1466164649697	DeferredSave.extensions.json	DEBUG	Starting write
1466164649702	addons.manager	DEBUG	Starting provider: &lt;unnamed-provider&gt;
1466164649702	addons.manager	DEBUG	Registering shutdown blocker for &lt;unnamed-provider&gt;
1466164649702	addons.manager	DEBUG	Provider finished startup: &lt;unnamed-provider&gt;
1466164649807	addons.repository	DEBUG	No addons.json found.
1466164649808	DeferredSave.addons.json	DEBUG	Save changes
1466164649812	DeferredSave.addons.json	DEBUG	Starting timer
1466164649838	addons.manager	DEBUG	Starting provider: PreviousExperimentProvider
1466164649838	addons.manager	DEBUG	Registering shutdown blocker for PreviousExperimentProvider
1466164649838	addons.manager	DEBUG	Provider finished startup: PreviousExperimentProvider
1466164649847	DeferredSave.extensions.json	DEBUG	Write succeeded
1466164649847	addons.xpi-utils	DEBUG	XPI Database saved, setting schema version preference to 17
1466164649868	DeferredSave.addons.json	DEBUG	Starting write
1466164649881	DeferredSave.addons.json	DEBUG	Write succeeded

Build info: version: &#039;2.53.0&#039;, revision: &#039;35ae25b1534ae328c771e0856c93e187490ca824&#039;, time: &#039;2016-03-15 10:43:46&#039;
System info: host: &#039;MacBook-Pro-3.local&#039;, ip: &#039;192.168.0.3&#039;, os.name: &#039;Mac OS X&#039;, os.arch: &#039;x86_64&#039;, os.version: &#039;10.11.4&#039;, java.version: &#039;1.8.0_91&#039;
Driver info: driver.version: FirefoxDriver">
      <![CDATA[org.openqa.selenium.WebDriverException: Failed to connect to binary FirefoxBinary(/Applications/Firefox.app/Contents/MacOS/firefox-bin) on port 7056; process output follows: 
ocal","version":"2.0","type":"extension","internalName":null,"updateURL":null,"updateKey":null,"optionsURL":null,"optionsType":null,"aboutURL":null,"icons":{},"iconURL":"chrome://web2pdfextension/skin/C_AdobeLogo_48x48.png","icon64URL":"chrome://web2pdfextension/skin/C_AdobeLogo_64x64.png","defaultLocale":{"name":"Adobe Acrobat - Create PDF","description":"Converts a web page to PDF","creator":"Adobe Systems Incorporated","homepageURL":"http://www.adobe.com/"},"visible":true,"active":false,"userDisabled":true,"appDisabled":false,"descriptor":"/Library/Application Support/Mozilla/Extensions/{ec8030f7-c20a-464f-9b0e-13a3a9e97384}/web2pdfextension@web2pdf.adobedotcom","installDate":1408552034000,"updateDate":1408552034000,"applyBackgroundUpdates":1,"bootstrap":false,"skinnable":false,"size":135272,"sourceURI":null,"releaseNotesURI":null,"softDisabled":false,"foreignInstall":true,"hasBinaryComponents":false,"strictCompatibility":false,"locales":[],"targetApplications":[{"id":"{ec8030f7-c20a-464f-9b0e-13a3a9e97384}","minVersion":"4.0","maxVersion":"*.*"}],"targetPlatforms":[],"multiprocessCompatible":false,"signedState":0,"seen":true}
1466164649422	DeferredSave.extensions.json	DEBUG	Save changes
1466164649422	addons.xpi	DEBUG	Updating database with changes to installed add-ons
1466164649422	addons.xpi-utils	DEBUG	Updating add-on states
1466164649423	addons.xpi-utils	DEBUG	Writing add-ons list
1466164649425	addons.xpi	DEBUG	Registering manifest for /Applications/Firefox.app/Contents/Resources/browser/features/e10srollout@mozilla.org.xpi
1466164649425	addons.xpi	DEBUG	Calling bootstrap method startup on e10srollout@mozilla.org version 1.0
1466164649425	addons.xpi	DEBUG	Registering manifest for /Applications/Firefox.app/Contents/Resources/browser/features/firefox@getpocket.com.xpi
1466164649426	addons.xpi	DEBUG	Calling bootstrap method startup on firefox@getpocket.com version 1.0.2
1466164649428	addons.xpi	DEBUG	Registering manifest for /Applications/Firefox.app/Contents/Resources/browser/features/loop@mozilla.org.xpi
1466164649429	addons.xpi	DEBUG	Calling bootstrap method startup on loop@mozilla.org version 1.3.2
1466164649446	addons.manager	DEBUG	Registering shutdown blocker for XPIProvider
1466164649446	addons.manager	DEBUG	Provider finished startup: XPIProvider
1466164649446	addons.manager	DEBUG	Starting provider: LightweightThemeManager
1466164649446	addons.manager	DEBUG	Registering shutdown blocker for LightweightThemeManager
1466164649447	addons.manager	DEBUG	Provider finished startup: LightweightThemeManager
1466164649447	addons.manager	DEBUG	Starting provider: GMPProvider
1466164649451	addons.manager	DEBUG	Registering shutdown blocker for GMPProvider
1466164649452	addons.manager	DEBUG	Provider finished startup: GMPProvider
1466164649452	addons.manager	DEBUG	Starting provider: PluginProvider
1466164649452	addons.manager	DEBUG	Registering shutdown blocker for PluginProvider
1466164649452	addons.manager	DEBUG	Provider finished startup: PluginProvider
1466164649452	addons.manager	DEBUG	Completed startup sequence
1466164649697	DeferredSave.extensions.json	DEBUG	Starting write
1466164649702	addons.manager	DEBUG	Starting provider: <unnamed-provider>
1466164649702	addons.manager	DEBUG	Registering shutdown blocker for <unnamed-provider>
1466164649702	addons.manager	DEBUG	Provider finished startup: <unnamed-provider>
1466164649807	addons.repository	DEBUG	No addons.json found.
1466164649808	DeferredSave.addons.json	DEBUG	Save changes
1466164649812	DeferredSave.addons.json	DEBUG	Starting timer
1466164649838	addons.manager	DEBUG	Starting provider: PreviousExperimentProvider
1466164649838	addons.manager	DEBUG	Registering shutdown blocker for PreviousExperimentProvider
1466164649838	addons.manager	DEBUG	Provider finished startup: PreviousExperimentProvider
1466164649847	DeferredSave.extensions.json	DEBUG	Write succeeded
1466164649847	addons.xpi-utils	DEBUG	XPI Database saved, setting schema version preference to 17
1466164649868	DeferredSave.addons.json	DEBUG	Starting write
1466164649881	DeferredSave.addons.json	DEBUG	Write succeeded

Build info: version: '2.53.0', revision: '35ae25b1534ae328c771e0856c93e187490ca824', time: '2016-03-15 10:43:46'
System info: host: 'MacBook-Pro-3.local', ip: '192.168.0.3', os.name: 'Mac OS X', os.arch: 'x86_64', os.version: '10.11.4', java.version: '1.8.0_91'
Driver info: driver.version: FirefoxDriver
	at org.openqa.selenium.firefox.internal.NewProfileExtensionConnection.start(NewProfileExtensionConnection.java:125)
	at org.openqa.selenium.firefox.FirefoxDriver.startClient(FirefoxDriver.java:271)
	at org.openqa.selenium.remote.RemoteWebDriver.<init>(RemoteWebDriver.java:119)
	at org.openqa.selenium.firefox.FirefoxDriver.<init>(FirefoxDriver.java:216)
	at org.openqa.selenium.firefox.FirefoxDriver.<init>(FirefoxDriver.java:211)
	at org.openqa.selenium.firefox.FirefoxDriver.<init>(FirefoxDriver.java:207)
	at org.openqa.selenium.firefox.FirefoxDriver.<init>(FirefoxDriver.java:120)
	at practitionerClinic.PracLogin.login(PracLogin.java:49)
	at practitionerClinic.PractitionerMessageTest.delete_message(PractitionerMessageTest.java:312)
	at sun.reflect.NativeMethodAccessorImpl.invoke0(Native Method)
	at sun.reflect.NativeMethodAccessorImpl.invoke(NativeMethodAccessorImpl.java:62)
	at sun.reflect.DelegatingMethodAccessorImpl.invoke(DelegatingMethodAccessorImpl.java:43)
	at java.lang.reflect.Method.invoke(Method.java:498)
	at org.testng.internal.MethodInvocationHelper.invokeMethod(MethodInvocationHelper.java:80)
	at org.testng.internal.Invoker.invokeMethod(Invoker.java:714)
	at org.testng.internal.Invoker.invokeTestMethod(Invoker.java:901)
	at org.testng.internal.Invoker.invokeTestMethods(Invoker.java:1231)
	at org.testng.internal.TestMethodWorker.invokeTestMethods(TestMethodWorker.java:127)
	at org.testng.internal.TestMethodWorker.run(TestMethodWorker.java:111)
	at org.testng.TestRunner.privateRun(TestRunner.java:767)
	at org.testng.TestRunner.run(TestRunner.java:617)
	at org.testng.SuiteRunner.runTest(SuiteRunner.java:334)
	at org.testng.SuiteRunner.runSequentially(SuiteRunner.java:329)
	at org.testng.SuiteRunner.privateRun(SuiteRunner.java:291)
	at org.testng.SuiteRunner.run(SuiteRunner.java:240)
	at org.testng.SuiteRunnerWorker.runSuite(SuiteRunnerWorker.java:52)
	at org.testng.SuiteRunnerWorker.run(SuiteRunnerWorker.java:86)
	at org.testng.TestNG.runSuitesSequentially(TestNG.java:1198)
	at org.testng.TestNG.runSuitesLocally(TestNG.java:1123)
	at org.testng.TestNG.run(TestNG.java:1031)
	at org.testng.remote.RemoteTestNG.run(RemoteTestNG.java:115)
	at org.testng.remote.RemoteTestNG.initAndRun(RemoteTestNG.java:207)
	at org.testng.remote.RemoteTestNG.main(RemoteTestNG.java:178)
Caused by: org.openqa.selenium.firefox.NotConnectedException: Unable to connect to host 127.0.0.1 on port 7056 after 45000 ms. Firefox console output:
ocal","version":"2.0","type":"extension","internalName":null,"updateURL":null,"updateKey":null,"optionsURL":null,"optionsType":null,"aboutURL":null,"icons":{},"iconURL":"chrome://web2pdfextension/skin/C_AdobeLogo_48x48.png","icon64URL":"chrome://web2pdfextension/skin/C_AdobeLogo_64x64.png","defaultLocale":{"name":"Adobe Acrobat - Create PDF","description":"Converts a web page to PDF","creator":"Adobe Systems Incorporated","homepageURL":"http://www.adobe.com/"},"visible":true,"active":false,"userDisabled":true,"appDisabled":false,"descriptor":"/Library/Application Support/Mozilla/Extensions/{ec8030f7-c20a-464f-9b0e-13a3a9e97384}/web2pdfextension@web2pdf.adobedotcom","installDate":1408552034000,"updateDate":1408552034000,"applyBackgroundUpdates":1,"bootstrap":false,"skinnable":false,"size":135272,"sourceURI":null,"releaseNotesURI":null,"softDisabled":false,"foreignInstall":true,"hasBinaryComponents":false,"strictCompatibility":false,"locales":[],"targetApplications":[{"id":"{ec8030f7-c20a-464f-9b0e-13a3a9e97384}","minVersion":"4.0","maxVersion":"*.*"}],"targetPlatforms":[],"multiprocessCompatible":false,"signedState":0,"seen":true}
1466164649422	DeferredSave.extensions.json	DEBUG	Save changes
1466164649422	addons.xpi	DEBUG	Updating database with changes to installed add-ons
1466164649422	addons.xpi-utils	DEBUG	Updating add-on states
1466164649423	addons.xpi-utils	DEBUG	Writing add-ons list
1466164649425	addons.xpi	DEBUG	Registering manifest for /Applications/Firefox.app/Contents/Resources/browser/features/e10srollout@mozilla.org.xpi
1466164649425	addons.xpi	DEBUG	Calling bootstrap method startup on e10srollout@mozilla.org version 1.0
1466164649425	addons.xpi	DEBUG	Registering manifest for /Applications/Firefox.app/Contents/Resources/browser/features/firefox@getpocket.com.xpi
1466164649426	addons.xpi	DEBUG	Calling bootstrap method startup on firefox@getpocket.com version 1.0.2
1466164649428	addons.xpi	DEBUG	Registering manifest for /Applications/Firefox.app/Contents/Resources/browser/features/loop@mozilla.org.xpi
1466164649429	addons.xpi	DEBUG	Calling bootstrap method startup on loop@mozilla.org version 1.3.2
1466164649446	addons.manager	DEBUG	Registering shutdown blocker for XPIProvider
1466164649446	addons.manager	DEBUG	Provider finished startup: XPIProvider
1466164649446	addons.manager	DEBUG	Starting provider: LightweightThemeManager
1466164649446	addons.manager	DEBUG	Registering shutdown blocker for LightweightThemeManager
1466164649447	addons.manager	DEBUG	Provider finished startup: LightweightThemeManager
1466164649447	addons.manager	DEBUG	Starting provider: GMPProvider
1466164649451	addons.manager	DEBUG	Registering shutdown blocker for GMPProvider
1466164649452	addons.manager	DEBUG	Provider finished startup: GMPProvider
1466164649452	addons.manager	DEBUG	Starting provider: PluginProvider
1466164649452	addons.manager	DEBUG	Registering shutdown blocker for PluginProvider
1466164649452	addons.manager	DEBUG	Provider finished startup: PluginProvider
1466164649452	addons.manager	DEBUG	Completed startup sequence
1466164649697	DeferredSave.extensions.json	DEBUG	Starting write
1466164649702	addons.manager	DEBUG	Starting provider: <unnamed-provider>
1466164649702	addons.manager	DEBUG	Registering shutdown blocker for <unnamed-provider>
1466164649702	addons.manager	DEBUG	Provider finished startup: <unnamed-provider>
1466164649807	addons.repository	DEBUG	No addons.json found.
1466164649808	DeferredSave.addons.json	DEBUG	Save changes
1466164649812	DeferredSave.addons.json	DEBUG	Starting timer
1466164649838	addons.manager	DEBUG	Starting provider: PreviousExperimentProvider
1466164649838	addons.manager	DEBUG	Registering shutdown blocker for PreviousExperimentProvider
1466164649838	addons.manager	DEBUG	Provider finished startup: PreviousExperimentProvider
1466164649847	DeferredSave.extensions.json	DEBUG	Write succeeded
1466164649847	addons.xpi-utils	DEBUG	XPI Database saved, setting schema version preference to 17
1466164649868	DeferredSave.addons.json	DEBUG	Starting write
1466164649881	DeferredSave.addons.json	DEBUG	Write succeeded

	at org.openqa.selenium.firefox.internal.NewProfileExtensionConnection.start(NewProfileExtensionConnection.java:113)
	... 32 more
]]>
    </failure>
  </testcase> <!-- delete_message -->
  <testcase name="postmessage_hide_message" time="45.145" classname="practitionerClinic.PractitionerMessageTest">
    <failure type="org.openqa.selenium.WebDriverException" message="Failed to connect to binary FirefoxBinary(/Applications/Firefox.app/Contents/MacOS/firefox-bin) on port 7056; process output follows: 
ocal&quot;,&quot;version&quot;:&quot;2.0&quot;,&quot;type&quot;:&quot;extension&quot;,&quot;internalName&quot;:null,&quot;updateURL&quot;:null,&quot;updateKey&quot;:null,&quot;optionsURL&quot;:null,&quot;optionsType&quot;:null,&quot;aboutURL&quot;:null,&quot;icons&quot;:{},&quot;iconURL&quot;:&quot;chrome://web2pdfextension/skin/C_AdobeLogo_48x48.png&quot;,&quot;icon64URL&quot;:&quot;chrome://web2pdfextension/skin/C_AdobeLogo_64x64.png&quot;,&quot;defaultLocale&quot;:{&quot;name&quot;:&quot;Adobe Acrobat - Create PDF&quot;,&quot;description&quot;:&quot;Converts a web page to PDF&quot;,&quot;creator&quot;:&quot;Adobe Systems Incorporated&quot;,&quot;homepageURL&quot;:&quot;http://www.adobe.com/&quot;},&quot;visible&quot;:true,&quot;active&quot;:false,&quot;userDisabled&quot;:true,&quot;appDisabled&quot;:false,&quot;descriptor&quot;:&quot;/Library/Application Support/Mozilla/Extensions/{ec8030f7-c20a-464f-9b0e-13a3a9e97384}/web2pdfextension@web2pdf.adobedotcom&quot;,&quot;installDate&quot;:1408552034000,&quot;updateDate&quot;:1408552034000,&quot;applyBackgroundUpdates&quot;:1,&quot;bootstrap&quot;:false,&quot;skinnable&quot;:false,&quot;size&quot;:135272,&quot;sourceURI&quot;:null,&quot;releaseNotesURI&quot;:null,&quot;softDisabled&quot;:false,&quot;foreignInstall&quot;:true,&quot;hasBinaryComponents&quot;:false,&quot;strictCompatibility&quot;:false,&quot;locales&quot;:[],&quot;targetApplications&quot;:[{&quot;id&quot;:&quot;{ec8030f7-c20a-464f-9b0e-13a3a9e97384}&quot;,&quot;minVersion&quot;:&quot;4.0&quot;,&quot;maxVersion&quot;:&quot;*.*&quot;}],&quot;targetPlatforms&quot;:[],&quot;multiprocessCompatible&quot;:false,&quot;signedState&quot;:0,&quot;seen&quot;:true}
1466164599552	DeferredSave.extensions.json	DEBUG	Save changes
1466164599552	addons.xpi	DEBUG	Updating database with changes to installed add-ons
1466164599552	addons.xpi-utils	DEBUG	Updating add-on states
1466164599553	addons.xpi-utils	DEBUG	Writing add-ons list
1466164599554	addons.xpi	DEBUG	Registering manifest for /Applications/Firefox.app/Contents/Resources/browser/features/e10srollout@mozilla.org.xpi
1466164599554	addons.xpi	DEBUG	Calling bootstrap method startup on e10srollout@mozilla.org version 1.0
1466164599554	addons.xpi	DEBUG	Registering manifest for /Applications/Firefox.app/Contents/Resources/browser/features/firefox@getpocket.com.xpi
1466164599555	addons.xpi	DEBUG	Calling bootstrap method startup on firefox@getpocket.com version 1.0.2
1466164599556	addons.xpi	DEBUG	Registering manifest for /Applications/Firefox.app/Contents/Resources/browser/features/loop@mozilla.org.xpi
1466164599557	addons.xpi	DEBUG	Calling bootstrap method startup on loop@mozilla.org version 1.3.2
1466164599575	addons.manager	DEBUG	Registering shutdown blocker for XPIProvider
1466164599576	addons.manager	DEBUG	Provider finished startup: XPIProvider
1466164599576	addons.manager	DEBUG	Starting provider: LightweightThemeManager
1466164599576	addons.manager	DEBUG	Registering shutdown blocker for LightweightThemeManager
1466164599576	addons.manager	DEBUG	Provider finished startup: LightweightThemeManager
1466164599577	addons.manager	DEBUG	Starting provider: GMPProvider
1466164599581	addons.manager	DEBUG	Registering shutdown blocker for GMPProvider
1466164599582	addons.manager	DEBUG	Provider finished startup: GMPProvider
1466164599582	addons.manager	DEBUG	Starting provider: PluginProvider
1466164599582	addons.manager	DEBUG	Registering shutdown blocker for PluginProvider
1466164599582	addons.manager	DEBUG	Provider finished startup: PluginProvider
1466164599583	addons.manager	DEBUG	Completed startup sequence
1466164599834	addons.manager	DEBUG	Starting provider: &lt;unnamed-provider&gt;
1466164599834	addons.manager	DEBUG	Registering shutdown blocker for &lt;unnamed-provider&gt;
1466164599834	addons.manager	DEBUG	Provider finished startup: &lt;unnamed-provider&gt;
1466164599840	DeferredSave.extensions.json	DEBUG	Starting write
1466164599956	addons.repository	DEBUG	No addons.json found.
1466164599956	DeferredSave.addons.json	DEBUG	Save changes
1466164599960	DeferredSave.addons.json	DEBUG	Starting timer
1466164599985	addons.manager	DEBUG	Starting provider: PreviousExperimentProvider
1466164599985	addons.manager	DEBUG	Registering shutdown blocker for PreviousExperimentProvider
1466164599985	addons.manager	DEBUG	Provider finished startup: PreviousExperimentProvider
1466164599989	DeferredSave.extensions.json	DEBUG	Write succeeded
1466164599989	addons.xpi-utils	DEBUG	XPI Database saved, setting schema version preference to 17
1466164600013	DeferredSave.addons.json	DEBUG	Starting write
1466164600028	DeferredSave.addons.json	DEBUG	Write succeeded

Build info: version: &#039;2.53.0&#039;, revision: &#039;35ae25b1534ae328c771e0856c93e187490ca824&#039;, time: &#039;2016-03-15 10:43:46&#039;
System info: host: &#039;MacBook-Pro-3.local&#039;, ip: &#039;192.168.0.3&#039;, os.name: &#039;Mac OS X&#039;, os.arch: &#039;x86_64&#039;, os.version: &#039;10.11.4&#039;, java.version: &#039;1.8.0_91&#039;
Driver info: driver.version: FirefoxDriver">
      <![CDATA[org.openqa.selenium.WebDriverException: Failed to connect to binary FirefoxBinary(/Applications/Firefox.app/Contents/MacOS/firefox-bin) on port 7056; process output follows: 
ocal","version":"2.0","type":"extension","internalName":null,"updateURL":null,"updateKey":null,"optionsURL":null,"optionsType":null,"aboutURL":null,"icons":{},"iconURL":"chrome://web2pdfextension/skin/C_AdobeLogo_48x48.png","icon64URL":"chrome://web2pdfextension/skin/C_AdobeLogo_64x64.png","defaultLocale":{"name":"Adobe Acrobat - Create PDF","description":"Converts a web page to PDF","creator":"Adobe Systems Incorporated","homepageURL":"http://www.adobe.com/"},"visible":true,"active":false,"userDisabled":true,"appDisabled":false,"descriptor":"/Library/Application Support/Mozilla/Extensions/{ec8030f7-c20a-464f-9b0e-13a3a9e97384}/web2pdfextension@web2pdf.adobedotcom","installDate":1408552034000,"updateDate":1408552034000,"applyBackgroundUpdates":1,"bootstrap":false,"skinnable":false,"size":135272,"sourceURI":null,"releaseNotesURI":null,"softDisabled":false,"foreignInstall":true,"hasBinaryComponents":false,"strictCompatibility":false,"locales":[],"targetApplications":[{"id":"{ec8030f7-c20a-464f-9b0e-13a3a9e97384}","minVersion":"4.0","maxVersion":"*.*"}],"targetPlatforms":[],"multiprocessCompatible":false,"signedState":0,"seen":true}
1466164599552	DeferredSave.extensions.json	DEBUG	Save changes
1466164599552	addons.xpi	DEBUG	Updating database with changes to installed add-ons
1466164599552	addons.xpi-utils	DEBUG	Updating add-on states
1466164599553	addons.xpi-utils	DEBUG	Writing add-ons list
1466164599554	addons.xpi	DEBUG	Registering manifest for /Applications/Firefox.app/Contents/Resources/browser/features/e10srollout@mozilla.org.xpi
1466164599554	addons.xpi	DEBUG	Calling bootstrap method startup on e10srollout@mozilla.org version 1.0
1466164599554	addons.xpi	DEBUG	Registering manifest for /Applications/Firefox.app/Contents/Resources/browser/features/firefox@getpocket.com.xpi
1466164599555	addons.xpi	DEBUG	Calling bootstrap method startup on firefox@getpocket.com version 1.0.2
1466164599556	addons.xpi	DEBUG	Registering manifest for /Applications/Firefox.app/Contents/Resources/browser/features/loop@mozilla.org.xpi
1466164599557	addons.xpi	DEBUG	Calling bootstrap method startup on loop@mozilla.org version 1.3.2
1466164599575	addons.manager	DEBUG	Registering shutdown blocker for XPIProvider
1466164599576	addons.manager	DEBUG	Provider finished startup: XPIProvider
1466164599576	addons.manager	DEBUG	Starting provider: LightweightThemeManager
1466164599576	addons.manager	DEBUG	Registering shutdown blocker for LightweightThemeManager
1466164599576	addons.manager	DEBUG	Provider finished startup: LightweightThemeManager
1466164599577	addons.manager	DEBUG	Starting provider: GMPProvider
1466164599581	addons.manager	DEBUG	Registering shutdown blocker for GMPProvider
1466164599582	addons.manager	DEBUG	Provider finished startup: GMPProvider
1466164599582	addons.manager	DEBUG	Starting provider: PluginProvider
1466164599582	addons.manager	DEBUG	Registering shutdown blocker for PluginProvider
1466164599582	addons.manager	DEBUG	Provider finished startup: PluginProvider
1466164599583	addons.manager	DEBUG	Completed startup sequence
1466164599834	addons.manager	DEBUG	Starting provider: <unnamed-provider>
1466164599834	addons.manager	DEBUG	Registering shutdown blocker for <unnamed-provider>
1466164599834	addons.manager	DEBUG	Provider finished startup: <unnamed-provider>
1466164599840	DeferredSave.extensions.json	DEBUG	Starting write
1466164599956	addons.repository	DEBUG	No addons.json found.
1466164599956	DeferredSave.addons.json	DEBUG	Save changes
1466164599960	DeferredSave.addons.json	DEBUG	Starting timer
1466164599985	addons.manager	DEBUG	Starting provider: PreviousExperimentProvider
1466164599985	addons.manager	DEBUG	Registering shutdown blocker for PreviousExperimentProvider
1466164599985	addons.manager	DEBUG	Provider finished startup: PreviousExperimentProvider
1466164599989	DeferredSave.extensions.json	DEBUG	Write succeeded
1466164599989	addons.xpi-utils	DEBUG	XPI Database saved, setting schema version preference to 17
1466164600013	DeferredSave.addons.json	DEBUG	Starting write
1466164600028	DeferredSave.addons.json	DEBUG	Write succeeded

Build info: version: '2.53.0', revision: '35ae25b1534ae328c771e0856c93e187490ca824', time: '2016-03-15 10:43:46'
System info: host: 'MacBook-Pro-3.local', ip: '192.168.0.3', os.name: 'Mac OS X', os.arch: 'x86_64', os.version: '10.11.4', java.version: '1.8.0_91'
Driver info: driver.version: FirefoxDriver
	at org.openqa.selenium.firefox.internal.NewProfileExtensionConnection.start(NewProfileExtensionConnection.java:125)
	at org.openqa.selenium.firefox.FirefoxDriver.startClient(FirefoxDriver.java:271)
	at org.openqa.selenium.remote.RemoteWebDriver.<init>(RemoteWebDriver.java:119)
	at org.openqa.selenium.firefox.FirefoxDriver.<init>(FirefoxDriver.java:216)
	at org.openqa.selenium.firefox.FirefoxDriver.<init>(FirefoxDriver.java:211)
	at org.openqa.selenium.firefox.FirefoxDriver.<init>(FirefoxDriver.java:207)
	at org.openqa.selenium.firefox.FirefoxDriver.<init>(FirefoxDriver.java:120)
	at practitionerClinic.PracLogin.login(PracLogin.java:49)
	at practitionerClinic.PractitionerMessageTest.postmessage_hide_message(PractitionerMessageTest.java:217)
	at sun.reflect.NativeMethodAccessorImpl.invoke0(Native Method)
	at sun.reflect.NativeMethodAccessorImpl.invoke(NativeMethodAccessorImpl.java:62)
	at sun.reflect.DelegatingMethodAccessorImpl.invoke(DelegatingMethodAccessorImpl.java:43)
	at java.lang.reflect.Method.invoke(Method.java:498)
	at org.testng.internal.MethodInvocationHelper.invokeMethod(MethodInvocationHelper.java:80)
	at org.testng.internal.Invoker.invokeMethod(Invoker.java:714)
	at org.testng.internal.Invoker.invokeTestMethod(Invoker.java:901)
	at org.testng.internal.Invoker.invokeTestMethods(Invoker.java:1231)
	at org.testng.internal.TestMethodWorker.invokeTestMethods(TestMethodWorker.java:127)
	at org.testng.internal.TestMethodWorker.run(TestMethodWorker.java:111)
	at org.testng.TestRunner.privateRun(TestRunner.java:767)
	at org.testng.TestRunner.run(TestRunner.java:617)
	at org.testng.SuiteRunner.runTest(SuiteRunner.java:334)
	at org.testng.SuiteRunner.runSequentially(SuiteRunner.java:329)
	at org.testng.SuiteRunner.privateRun(SuiteRunner.java:291)
	at org.testng.SuiteRunner.run(SuiteRunner.java:240)
	at org.testng.SuiteRunnerWorker.runSuite(SuiteRunnerWorker.java:52)
	at org.testng.SuiteRunnerWorker.run(SuiteRunnerWorker.java:86)
	at org.testng.TestNG.runSuitesSequentially(TestNG.java:1198)
	at org.testng.TestNG.runSuitesLocally(TestNG.java:1123)
	at org.testng.TestNG.run(TestNG.java:1031)
	at org.testng.remote.RemoteTestNG.run(RemoteTestNG.java:115)
	at org.testng.remote.RemoteTestNG.initAndRun(RemoteTestNG.java:207)
	at org.testng.remote.RemoteTestNG.main(RemoteTestNG.java:178)
Caused by: org.openqa.selenium.firefox.NotConnectedException: Unable to connect to host 127.0.0.1 on port 7056 after 45000 ms. Firefox console output:
ocal","version":"2.0","type":"extension","internalName":null,"updateURL":null,"updateKey":null,"optionsURL":null,"optionsType":null,"aboutURL":null,"icons":{},"iconURL":"chrome://web2pdfextension/skin/C_AdobeLogo_48x48.png","icon64URL":"chrome://web2pdfextension/skin/C_AdobeLogo_64x64.png","defaultLocale":{"name":"Adobe Acrobat - Create PDF","description":"Converts a web page to PDF","creator":"Adobe Systems Incorporated","homepageURL":"http://www.adobe.com/"},"visible":true,"active":false,"userDisabled":true,"appDisabled":false,"descriptor":"/Library/Application Support/Mozilla/Extensions/{ec8030f7-c20a-464f-9b0e-13a3a9e97384}/web2pdfextension@web2pdf.adobedotcom","installDate":1408552034000,"updateDate":1408552034000,"applyBackgroundUpdates":1,"bootstrap":false,"skinnable":false,"size":135272,"sourceURI":null,"releaseNotesURI":null,"softDisabled":false,"foreignInstall":true,"hasBinaryComponents":false,"strictCompatibility":false,"locales":[],"targetApplications":[{"id":"{ec8030f7-c20a-464f-9b0e-13a3a9e97384}","minVersion":"4.0","maxVersion":"*.*"}],"targetPlatforms":[],"multiprocessCompatible":false,"signedState":0,"seen":true}
1466164599552	DeferredSave.extensions.json	DEBUG	Save changes
1466164599552	addons.xpi	DEBUG	Updating database with changes to installed add-ons
1466164599552	addons.xpi-utils	DEBUG	Updating add-on states
1466164599553	addons.xpi-utils	DEBUG	Writing add-ons list
1466164599554	addons.xpi	DEBUG	Registering manifest for /Applications/Firefox.app/Contents/Resources/browser/features/e10srollout@mozilla.org.xpi
1466164599554	addons.xpi	DEBUG	Calling bootstrap method startup on e10srollout@mozilla.org version 1.0
1466164599554	addons.xpi	DEBUG	Registering manifest for /Applications/Firefox.app/Contents/Resources/browser/features/firefox@getpocket.com.xpi
1466164599555	addons.xpi	DEBUG	Calling bootstrap method startup on firefox@getpocket.com version 1.0.2
1466164599556	addons.xpi	DEBUG	Registering manifest for /Applications/Firefox.app/Contents/Resources/browser/features/loop@mozilla.org.xpi
1466164599557	addons.xpi	DEBUG	Calling bootstrap method startup on loop@mozilla.org version 1.3.2
1466164599575	addons.manager	DEBUG	Registering shutdown blocker for XPIProvider
1466164599576	addons.manager	DEBUG	Provider finished startup: XPIProvider
1466164599576	addons.manager	DEBUG	Starting provider: LightweightThemeManager
1466164599576	addons.manager	DEBUG	Registering shutdown blocker for LightweightThemeManager
1466164599576	addons.manager	DEBUG	Provider finished startup: LightweightThemeManager
1466164599577	addons.manager	DEBUG	Starting provider: GMPProvider
1466164599581	addons.manager	DEBUG	Registering shutdown blocker for GMPProvider
1466164599582	addons.manager	DEBUG	Provider finished startup: GMPProvider
1466164599582	addons.manager	DEBUG	Starting provider: PluginProvider
1466164599582	addons.manager	DEBUG	Registering shutdown blocker for PluginProvider
1466164599582	addons.manager	DEBUG	Provider finished startup: PluginProvider
1466164599583	addons.manager	DEBUG	Completed startup sequence
1466164599834	addons.manager	DEBUG	Starting provider: <unnamed-provider>
1466164599834	addons.manager	DEBUG	Registering shutdown blocker for <unnamed-provider>
1466164599834	addons.manager	DEBUG	Provider finished startup: <unnamed-provider>
1466164599840	DeferredSave.extensions.json	DEBUG	Starting write
1466164599956	addons.repository	DEBUG	No addons.json found.
1466164599956	DeferredSave.addons.json	DEBUG	Save changes
1466164599960	DeferredSave.addons.json	DEBUG	Starting timer
1466164599985	addons.manager	DEBUG	Starting provider: PreviousExperimentProvider
1466164599985	addons.manager	DEBUG	Registering shutdown blocker for PreviousExperimentProvider
1466164599985	addons.manager	DEBUG	Provider finished startup: PreviousExperimentProvider
1466164599989	DeferredSave.extensions.json	DEBUG	Write succeeded
1466164599989	addons.xpi-utils	DEBUG	XPI Database saved, setting schema version preference to 17
1466164600013	DeferredSave.addons.json	DEBUG	Starting write
1466164600028	DeferredSave.addons.json	DEBUG	Write succeeded

	at org.openqa.selenium.firefox.internal.NewProfileExtensionConnection.start(NewProfileExtensionConnection.java:113)
	... 32 more
]]>
    </failure>
  </testcase> <!-- postmessage_hide_message -->
</testsuite> <!-- practitionerClinic.PractitionerMessageTest -->
