<?xml version="1.0" encoding="UTF-8"?>
<!-- Generated by org.testng.reporters.JUnitReportReporter -->
<testsuite hostname="MacBook-Pro-3.local" name="patientClinic.PatientMessage" tests="5" failures="0" timestamp="11 May 2016 14:37:01 GMT" time="55.173" errors="0">
  <testcase name="Message_Delete" time="10.814" classname="patientClinic.PatientMessage"/>
  <testcase name="Post_Message" time="13.024" classname="patientClinic.PatientMessage"/>
  <testcase name="Post_Message_Cancel_link" time="11.192" classname="patientClinic.PatientMessage"/>
  <testcase name="Message_Show" time="9.994" classname="patientClinic.PatientMessage"/>
  <testcase name="Message_Hide" time="10.149" classname="patientClinic.PatientMessage"/>
</testsuite> <!-- patientClinic.PatientMessage -->
