<?xml version="1.0" encoding="UTF-8"?>
<!-- Generated by org.testng.reporters.JUnitReportReporter -->
<testsuite hostname="KLS-00004.local" name="patientClinic.Login" tests="1" failures="0" timestamp="28 Apr 2016 00:10:59 GMT" time="17.444" errors="0">
  <testcase name="login" time="17.444" classname="patientClinic.Login"/>
</testsuite> <!-- patientClinic.Login -->
