<?xml version="1.0" encoding="UTF-8"?>
<!-- Generated by org.testng.reporters.JUnitReportReporter -->
<testsuite hostname="KLS-00004.local" name="practitonerClinic.ShowHiddenMessage" tests="1" failures="0" timestamp="18 Apr 2016 17:23:18 GMT" time="14.378" errors="0">
  <testcase name="showhiddenmessage" time="14.378" classname="practitonerClinic.ShowHiddenMessage"/>
</testsuite> <!-- practitonerClinic.ShowHiddenMessage -->
