<?xml version="1.0" encoding="UTF-8"?>
<!-- Generated by org.testng.reporters.JUnitReportReporter -->
<testsuite hostname="MacBook-Pro.local" name="patientClinic.PatientMessage" tests="5" failures="0" timestamp="3 May 2016 18:32:35 GMT" time="57.140" errors="0">
  <testcase name="Message_Hide" time="10.718" classname="patientClinic.PatientMessage"/>
  <testcase name="Message_Show" time="9.907" classname="patientClinic.PatientMessage"/>
  <testcase name="Message_Delete" time="11.466" classname="patientClinic.PatientMessage"/>
  <testcase name="Post_Message" time="13.029" classname="patientClinic.PatientMessage"/>
  <testcase name="Post_Message_Cancel_link" time="12.020" classname="patientClinic.PatientMessage"/>
</testsuite> <!-- patientClinic.PatientMessage -->
