<?xml version="1.0" encoding="UTF-8"?>
<!-- Generated by org.testng.reporters.JUnitReportReporter -->
<testsuite hostname="MacBook-Pro.local" name="patientClinic.PatientNotes" tests="5" failures="0" timestamp="4 May 2016 12:43:58 GMT" time="43.337" errors="0">
  <testcase name="Notes_Add_Cancel_link" time="8.606" classname="patientClinic.PatientNotes"/>
  <testcase name="Notes_Edit_Cancel_link" time="8.641" classname="patientClinic.PatientNotes"/>
  <testcase name="Add_Note" time="8.682" classname="patientClinic.PatientNotes"/>
  <testcase name="Notes_Edit" time="8.707" classname="patientClinic.PatientNotes"/>
  <testcase name="Notes_Delete" time="8.701" classname="patientClinic.PatientNotes"/>
</testsuite> <!-- patientClinic.PatientNotes -->
