<?xml version="1.0" encoding="UTF-8"?>
<!-- Generated by org.testng.reporters.JUnitReportReporter -->
<testsuite hostname="MacBook-Pro-3.local" name="patientClinic.PatientNotes" tests="5" failures="0" timestamp="18 May 2016 00:58:56 GMT" time="51.586" errors="0">
  <testcase name="Notes_Edit" time="10.834" classname="patientClinic.PatientNotes"/>
  <testcase name="Add_Note" time="10.304" classname="patientClinic.PatientNotes"/>
  <testcase name="Notes_Add_Cancel_link" time="10.032" classname="patientClinic.PatientNotes"/>
  <testcase name="Notes_Delete" time="10.126" classname="patientClinic.PatientNotes"/>
  <testcase name="Notes_Edit_Cancel_link" time="10.290" classname="patientClinic.PatientNotes"/>
</testsuite> <!-- patientClinic.PatientNotes -->
