<?xml version="1.0" encoding="UTF-8"?>
<!-- Generated by org.testng.reporters.JUnitReportReporter -->
<testsuite hostname="MacBook-Pro-3.local" name="patientClinic.Login" tests="1" failures="0" timestamp="12 May 2016 17:42:10 GMT" time="12.156" errors="0">
  <testcase name="login" time="12.156" classname="patientClinic.Login"/>
</testsuite> <!-- patientClinic.Login -->
