<?xml version="1.0" encoding="UTF-8"?>
<!-- Generated by org.testng.reporters.JUnitReportReporter -->
<testsuite hostname="MacBook-Pro.local" name="patientClinic.PatientMessage" tests="5" failures="0" timestamp="4 May 2016 12:43:58 GMT" time="53.364" errors="0">
  <testcase name="Message_Hide" time="9.712" classname="patientClinic.PatientMessage"/>
  <testcase name="Message_Show" time="9.516" classname="patientClinic.PatientMessage"/>
  <testcase name="Message_Delete" time="10.388" classname="patientClinic.PatientMessage"/>
  <testcase name="Post_Message" time="12.314" classname="patientClinic.PatientMessage"/>
  <testcase name="Post_Message_Cancel_link" time="11.434" classname="patientClinic.PatientMessage"/>
</testsuite> <!-- patientClinic.PatientMessage -->
