<?xml version="1.0" encoding="UTF-8"?>
<!-- Generated by org.testng.reporters.JUnitReportReporter -->
<testsuite hostname="KLS-00004.local" name="patientClinic.PatientMessage" tests="5" failures="0" timestamp="28 Apr 2016 17:31:34 GMT" time="70.526" errors="0">
  <testcase name="Message_Hide" time="12.943" classname="patientClinic.PatientMessage"/>
  <testcase name="Message_Delete" time="13.858" classname="patientClinic.PatientMessage"/>
  <testcase name="Post_Message_Cancel_link" time="14.522" classname="patientClinic.PatientMessage"/>
  <testcase name="Message_Show" time="12.812" classname="patientClinic.PatientMessage"/>
  <testcase name="Post_Message" time="16.391" classname="patientClinic.PatientMessage"/>
</testsuite> <!-- patientClinic.PatientMessage -->
