<?xml version="1.0" encoding="UTF-8"?>
<!-- Generated by org.testng.reporters.JUnitReportReporter -->
<testsuite hostname="MacBook-Pro-3.local" name="patientClinic.Login" tests="1" failures="0" timestamp="18 May 2016 12:53:38 GMT" time="10.551" errors="0">
  <testcase name="login" time="10.551" classname="patientClinic.Login"/>
</testsuite> <!-- patientClinic.Login -->
