<?xml version="1.0" encoding="UTF-8"?>
<!-- Generated by org.testng.reporters.JUnitReportReporter -->
<testsuite hostname="KLS-00004.local" name="practitionerClinic.ShowHiddenMessage" tests="1" failures="0" timestamp="18 Apr 2016 19:27:37 GMT" time="13.718" errors="0">
  <testcase name="showhiddenmessage" time="13.718" classname="practitionerClinic.ShowHiddenMessage"/>
</testsuite> <!-- practitionerClinic.ShowHiddenMessage -->
