<?xml version="1.0" encoding="UTF-8"?>
<!-- Generated by org.testng.reporters.JUnitReportReporter -->
<testsuite hostname="KLS-00004.local" name="patientClinic.PatientMessage" tests="5" failures="0" timestamp="29 Apr 2016 12:29:01 GMT" time="80.823" errors="0">
  <testcase name="Post_Message_Cancel_link" time="16.144" classname="patientClinic.PatientMessage"/>
  <testcase name="Message_Show" time="15.291" classname="patientClinic.PatientMessage"/>
  <testcase name="Post_Message" time="15.143" classname="patientClinic.PatientMessage"/>
  <testcase name="Message_Hide" time="15.680" classname="patientClinic.PatientMessage"/>
  <testcase name="Message_Delete" time="18.565" classname="patientClinic.PatientMessage"/>
</testsuite> <!-- patientClinic.PatientMessage -->
