<?xml version="1.0" encoding="UTF-8"?>
<!-- Generated by org.testng.reporters.JUnitReportReporter -->
<testsuite hostname="MacBook-Pro-3.local" name="patientClinic.PatientJournal" tests="2" failures="0" timestamp="18 May 2016 00:58:56 GMT" time="27.309" errors="0">
  <testcase name="Journal_View" time="12.569" classname="patientClinic.PatientJournal"/>
  <testcase name="Journal_New_Entry" time="14.740" classname="patientClinic.PatientJournal"/>
</testsuite> <!-- patientClinic.PatientJournal -->
