<?xml version="1.0" encoding="UTF-8"?>
<!-- Generated by org.testng.reporters.JUnitReportReporter -->
<testsuite hostname="KLS-00004.local" name="practitionerClinic.RespondMessage" tests="1" failures="0" timestamp="18 Apr 2016 23:54:40 GMT" time="19.641" errors="0">
  <testcase name="respondmessage" time="19.641" classname="practitionerClinic.RespondMessage"/>
</testsuite> <!-- practitionerClinic.RespondMessage -->
