<?xml version="1.0" encoding="UTF-8"?>
<!-- Generated by org.testng.reporters.JUnitReportReporter -->
<testsuite hostname="MacBook-Pro-3.local" name="patientClinic.PatientAssessment" tests="4" failures="4" timestamp="14 Jun 2016 13:25:01 GMT" time="181.309" errors="0">
  <testcase name="Assessment_View_Back" time="45.160" classname="patientClinic.PatientAssessment">
    <failure type="org.openqa.selenium.WebDriverException" message="Failed to connect to binary FirefoxBinary(/Applications/Firefox.app/Contents/MacOS/firefox-bin) on port 7055; process output follows: 
ocal&quot;,&quot;version&quot;:&quot;2.0&quot;,&quot;type&quot;:&quot;extension&quot;,&quot;internalName&quot;:null,&quot;updateURL&quot;:null,&quot;updateKey&quot;:null,&quot;optionsURL&quot;:null,&quot;optionsType&quot;:null,&quot;aboutURL&quot;:null,&quot;icons&quot;:{},&quot;iconURL&quot;:&quot;chrome://web2pdfextension/skin/C_AdobeLogo_48x48.png&quot;,&quot;icon64URL&quot;:&quot;chrome://web2pdfextension/skin/C_AdobeLogo_64x64.png&quot;,&quot;defaultLocale&quot;:{&quot;name&quot;:&quot;Adobe Acrobat - Create PDF&quot;,&quot;description&quot;:&quot;Converts a web page to PDF&quot;,&quot;creator&quot;:&quot;Adobe Systems Incorporated&quot;,&quot;homepageURL&quot;:&quot;http://www.adobe.com/&quot;},&quot;visible&quot;:true,&quot;active&quot;:false,&quot;userDisabled&quot;:true,&quot;appDisabled&quot;:false,&quot;descriptor&quot;:&quot;/Library/Application Support/Mozilla/Extensions/{ec8030f7-c20a-464f-9b0e-13a3a9e97384}/web2pdfextension@web2pdf.adobedotcom&quot;,&quot;installDate&quot;:1408552034000,&quot;updateDate&quot;:1408552034000,&quot;applyBackgroundUpdates&quot;:1,&quot;bootstrap&quot;:false,&quot;skinnable&quot;:false,&quot;size&quot;:135272,&quot;sourceURI&quot;:null,&quot;releaseNotesURI&quot;:null,&quot;softDisabled&quot;:false,&quot;foreignInstall&quot;:true,&quot;hasBinaryComponents&quot;:false,&quot;strictCompatibility&quot;:false,&quot;locales&quot;:[],&quot;targetApplications&quot;:[{&quot;id&quot;:&quot;{ec8030f7-c20a-464f-9b0e-13a3a9e97384}&quot;,&quot;minVersion&quot;:&quot;4.0&quot;,&quot;maxVersion&quot;:&quot;*.*&quot;}],&quot;targetPlatforms&quot;:[],&quot;multiprocessCompatible&quot;:false,&quot;signedState&quot;:0,&quot;seen&quot;:true}
1465910656100	DeferredSave.extensions.json	DEBUG	Save changes
1465910656100	addons.xpi	DEBUG	Updating database with changes to installed add-ons
1465910656100	addons.xpi-utils	DEBUG	Updating add-on states
1465910656100	addons.xpi-utils	DEBUG	Writing add-ons list
1465910656102	addons.xpi	DEBUG	Registering manifest for /Applications/Firefox.app/Contents/Resources/browser/features/e10srollout@mozilla.org.xpi
1465910656102	addons.xpi	DEBUG	Calling bootstrap method startup on e10srollout@mozilla.org version 1.0
1465910656102	addons.xpi	DEBUG	Registering manifest for /Applications/Firefox.app/Contents/Resources/browser/features/firefox@getpocket.com.xpi
1465910656103	addons.xpi	DEBUG	Calling bootstrap method startup on firefox@getpocket.com version 1.0.2
1465910656103	addons.xpi	DEBUG	Registering manifest for /Applications/Firefox.app/Contents/Resources/browser/features/loop@mozilla.org.xpi
1465910656104	addons.xpi	DEBUG	Calling bootstrap method startup on loop@mozilla.org version 1.3.2
1465910656122	addons.manager	DEBUG	Registering shutdown blocker for XPIProvider
1465910656123	addons.manager	DEBUG	Provider finished startup: XPIProvider
1465910656123	addons.manager	DEBUG	Starting provider: LightweightThemeManager
1465910656123	addons.manager	DEBUG	Registering shutdown blocker for LightweightThemeManager
1465910656123	addons.manager	DEBUG	Provider finished startup: LightweightThemeManager
1465910656123	addons.manager	DEBUG	Starting provider: GMPProvider
1465910656128	addons.manager	DEBUG	Registering shutdown blocker for GMPProvider
1465910656128	addons.manager	DEBUG	Provider finished startup: GMPProvider
1465910656128	addons.manager	DEBUG	Starting provider: PluginProvider
1465910656128	addons.manager	DEBUG	Registering shutdown blocker for PluginProvider
1465910656129	addons.manager	DEBUG	Provider finished startup: PluginProvider
1465910656129	addons.manager	DEBUG	Completed startup sequence
1465910656407	addons.manager	DEBUG	Starting provider: &lt;unnamed-provider&gt;
1465910656407	addons.manager	DEBUG	Registering shutdown blocker for &lt;unnamed-provider&gt;
1465910656407	addons.manager	DEBUG	Provider finished startup: &lt;unnamed-provider&gt;
1465910656415	DeferredSave.extensions.json	DEBUG	Starting write
1465910656595	addons.repository	DEBUG	No addons.json found.
1465910656595	DeferredSave.addons.json	DEBUG	Save changes
1465910656601	DeferredSave.addons.json	DEBUG	Starting timer
1465910656634	addons.manager	DEBUG	Starting provider: PreviousExperimentProvider
1465910656635	addons.manager	DEBUG	Registering shutdown blocker for PreviousExperimentProvider
1465910656635	addons.manager	DEBUG	Provider finished startup: PreviousExperimentProvider
1465910656638	DeferredSave.extensions.json	DEBUG	Write succeeded
1465910656639	addons.xpi-utils	DEBUG	XPI Database saved, setting schema version preference to 17
1465910656656	DeferredSave.addons.json	DEBUG	Starting write
1465910656673	DeferredSave.addons.json	DEBUG	Write succeeded

Build info: version: &#039;2.53.0&#039;, revision: &#039;35ae25b1534ae328c771e0856c93e187490ca824&#039;, time: &#039;2016-03-15 10:43:46&#039;
System info: host: &#039;MacBook-Pro-3.local&#039;, ip: &#039;10.100.25.118&#039;, os.name: &#039;Mac OS X&#039;, os.arch: &#039;x86_64&#039;, os.version: &#039;10.11.4&#039;, java.version: &#039;1.8.0_91&#039;
Driver info: driver.version: FirefoxDriver">
      <![CDATA[org.openqa.selenium.WebDriverException: Failed to connect to binary FirefoxBinary(/Applications/Firefox.app/Contents/MacOS/firefox-bin) on port 7055; process output follows: 
ocal","version":"2.0","type":"extension","internalName":null,"updateURL":null,"updateKey":null,"optionsURL":null,"optionsType":null,"aboutURL":null,"icons":{},"iconURL":"chrome://web2pdfextension/skin/C_AdobeLogo_48x48.png","icon64URL":"chrome://web2pdfextension/skin/C_AdobeLogo_64x64.png","defaultLocale":{"name":"Adobe Acrobat - Create PDF","description":"Converts a web page to PDF","creator":"Adobe Systems Incorporated","homepageURL":"http://www.adobe.com/"},"visible":true,"active":false,"userDisabled":true,"appDisabled":false,"descriptor":"/Library/Application Support/Mozilla/Extensions/{ec8030f7-c20a-464f-9b0e-13a3a9e97384}/web2pdfextension@web2pdf.adobedotcom","installDate":1408552034000,"updateDate":1408552034000,"applyBackgroundUpdates":1,"bootstrap":false,"skinnable":false,"size":135272,"sourceURI":null,"releaseNotesURI":null,"softDisabled":false,"foreignInstall":true,"hasBinaryComponents":false,"strictCompatibility":false,"locales":[],"targetApplications":[{"id":"{ec8030f7-c20a-464f-9b0e-13a3a9e97384}","minVersion":"4.0","maxVersion":"*.*"}],"targetPlatforms":[],"multiprocessCompatible":false,"signedState":0,"seen":true}
1465910656100	DeferredSave.extensions.json	DEBUG	Save changes
1465910656100	addons.xpi	DEBUG	Updating database with changes to installed add-ons
1465910656100	addons.xpi-utils	DEBUG	Updating add-on states
1465910656100	addons.xpi-utils	DEBUG	Writing add-ons list
1465910656102	addons.xpi	DEBUG	Registering manifest for /Applications/Firefox.app/Contents/Resources/browser/features/e10srollout@mozilla.org.xpi
1465910656102	addons.xpi	DEBUG	Calling bootstrap method startup on e10srollout@mozilla.org version 1.0
1465910656102	addons.xpi	DEBUG	Registering manifest for /Applications/Firefox.app/Contents/Resources/browser/features/firefox@getpocket.com.xpi
1465910656103	addons.xpi	DEBUG	Calling bootstrap method startup on firefox@getpocket.com version 1.0.2
1465910656103	addons.xpi	DEBUG	Registering manifest for /Applications/Firefox.app/Contents/Resources/browser/features/loop@mozilla.org.xpi
1465910656104	addons.xpi	DEBUG	Calling bootstrap method startup on loop@mozilla.org version 1.3.2
1465910656122	addons.manager	DEBUG	Registering shutdown blocker for XPIProvider
1465910656123	addons.manager	DEBUG	Provider finished startup: XPIProvider
1465910656123	addons.manager	DEBUG	Starting provider: LightweightThemeManager
1465910656123	addons.manager	DEBUG	Registering shutdown blocker for LightweightThemeManager
1465910656123	addons.manager	DEBUG	Provider finished startup: LightweightThemeManager
1465910656123	addons.manager	DEBUG	Starting provider: GMPProvider
1465910656128	addons.manager	DEBUG	Registering shutdown blocker for GMPProvider
1465910656128	addons.manager	DEBUG	Provider finished startup: GMPProvider
1465910656128	addons.manager	DEBUG	Starting provider: PluginProvider
1465910656128	addons.manager	DEBUG	Registering shutdown blocker for PluginProvider
1465910656129	addons.manager	DEBUG	Provider finished startup: PluginProvider
1465910656129	addons.manager	DEBUG	Completed startup sequence
1465910656407	addons.manager	DEBUG	Starting provider: <unnamed-provider>
1465910656407	addons.manager	DEBUG	Registering shutdown blocker for <unnamed-provider>
1465910656407	addons.manager	DEBUG	Provider finished startup: <unnamed-provider>
1465910656415	DeferredSave.extensions.json	DEBUG	Starting write
1465910656595	addons.repository	DEBUG	No addons.json found.
1465910656595	DeferredSave.addons.json	DEBUG	Save changes
1465910656601	DeferredSave.addons.json	DEBUG	Starting timer
1465910656634	addons.manager	DEBUG	Starting provider: PreviousExperimentProvider
1465910656635	addons.manager	DEBUG	Registering shutdown blocker for PreviousExperimentProvider
1465910656635	addons.manager	DEBUG	Provider finished startup: PreviousExperimentProvider
1465910656638	DeferredSave.extensions.json	DEBUG	Write succeeded
1465910656639	addons.xpi-utils	DEBUG	XPI Database saved, setting schema version preference to 17
1465910656656	DeferredSave.addons.json	DEBUG	Starting write
1465910656673	DeferredSave.addons.json	DEBUG	Write succeeded

Build info: version: '2.53.0', revision: '35ae25b1534ae328c771e0856c93e187490ca824', time: '2016-03-15 10:43:46'
System info: host: 'MacBook-Pro-3.local', ip: '10.100.25.118', os.name: 'Mac OS X', os.arch: 'x86_64', os.version: '10.11.4', java.version: '1.8.0_91'
Driver info: driver.version: FirefoxDriver
	at org.openqa.selenium.firefox.internal.NewProfileExtensionConnection.start(NewProfileExtensionConnection.java:125)
	at org.openqa.selenium.firefox.FirefoxDriver.startClient(FirefoxDriver.java:271)
	at org.openqa.selenium.remote.RemoteWebDriver.<init>(RemoteWebDriver.java:119)
	at org.openqa.selenium.firefox.FirefoxDriver.<init>(FirefoxDriver.java:216)
	at org.openqa.selenium.firefox.FirefoxDriver.<init>(FirefoxDriver.java:211)
	at org.openqa.selenium.firefox.FirefoxDriver.<init>(FirefoxDriver.java:207)
	at org.openqa.selenium.firefox.FirefoxDriver.<init>(FirefoxDriver.java:120)
	at patientClinic.Login.login(Login.java:50)
	at patientClinic.PatientAssessment.Assessment_View_Back(PatientAssessment.java:195)
	at sun.reflect.NativeMethodAccessorImpl.invoke0(Native Method)
	at sun.reflect.NativeMethodAccessorImpl.invoke(NativeMethodAccessorImpl.java:62)
	at sun.reflect.DelegatingMethodAccessorImpl.invoke(DelegatingMethodAccessorImpl.java:43)
	at java.lang.reflect.Method.invoke(Method.java:498)
	at org.testng.internal.MethodInvocationHelper.invokeMethod(MethodInvocationHelper.java:80)
	at org.testng.internal.Invoker.invokeMethod(Invoker.java:714)
	at org.testng.internal.Invoker.invokeTestMethod(Invoker.java:901)
	at org.testng.internal.Invoker.invokeTestMethods(Invoker.java:1231)
	at org.testng.internal.TestMethodWorker.invokeTestMethods(TestMethodWorker.java:127)
	at org.testng.internal.TestMethodWorker.run(TestMethodWorker.java:111)
	at org.testng.TestRunner.privateRun(TestRunner.java:767)
	at org.testng.TestRunner.run(TestRunner.java:617)
	at org.testng.SuiteRunner.runTest(SuiteRunner.java:334)
	at org.testng.SuiteRunner.runSequentially(SuiteRunner.java:329)
	at org.testng.SuiteRunner.privateRun(SuiteRunner.java:291)
	at org.testng.SuiteRunner.run(SuiteRunner.java:240)
	at org.testng.SuiteRunnerWorker.runSuite(SuiteRunnerWorker.java:52)
	at org.testng.SuiteRunnerWorker.run(SuiteRunnerWorker.java:86)
	at org.testng.TestNG.runSuitesSequentially(TestNG.java:1198)
	at org.testng.TestNG.runSuitesLocally(TestNG.java:1123)
	at org.testng.TestNG.run(TestNG.java:1031)
	at org.testng.remote.RemoteTestNG.run(RemoteTestNG.java:115)
	at org.testng.remote.RemoteTestNG.initAndRun(RemoteTestNG.java:207)
	at org.testng.remote.RemoteTestNG.main(RemoteTestNG.java:178)
Caused by: org.openqa.selenium.firefox.NotConnectedException: Unable to connect to host 127.0.0.1 on port 7055 after 45000 ms. Firefox console output:
ocal","version":"2.0","type":"extension","internalName":null,"updateURL":null,"updateKey":null,"optionsURL":null,"optionsType":null,"aboutURL":null,"icons":{},"iconURL":"chrome://web2pdfextension/skin/C_AdobeLogo_48x48.png","icon64URL":"chrome://web2pdfextension/skin/C_AdobeLogo_64x64.png","defaultLocale":{"name":"Adobe Acrobat - Create PDF","description":"Converts a web page to PDF","creator":"Adobe Systems Incorporated","homepageURL":"http://www.adobe.com/"},"visible":true,"active":false,"userDisabled":true,"appDisabled":false,"descriptor":"/Library/Application Support/Mozilla/Extensions/{ec8030f7-c20a-464f-9b0e-13a3a9e97384}/web2pdfextension@web2pdf.adobedotcom","installDate":1408552034000,"updateDate":1408552034000,"applyBackgroundUpdates":1,"bootstrap":false,"skinnable":false,"size":135272,"sourceURI":null,"releaseNotesURI":null,"softDisabled":false,"foreignInstall":true,"hasBinaryComponents":false,"strictCompatibility":false,"locales":[],"targetApplications":[{"id":"{ec8030f7-c20a-464f-9b0e-13a3a9e97384}","minVersion":"4.0","maxVersion":"*.*"}],"targetPlatforms":[],"multiprocessCompatible":false,"signedState":0,"seen":true}
1465910656100	DeferredSave.extensions.json	DEBUG	Save changes
1465910656100	addons.xpi	DEBUG	Updating database with changes to installed add-ons
1465910656100	addons.xpi-utils	DEBUG	Updating add-on states
1465910656100	addons.xpi-utils	DEBUG	Writing add-ons list
1465910656102	addons.xpi	DEBUG	Registering manifest for /Applications/Firefox.app/Contents/Resources/browser/features/e10srollout@mozilla.org.xpi
1465910656102	addons.xpi	DEBUG	Calling bootstrap method startup on e10srollout@mozilla.org version 1.0
1465910656102	addons.xpi	DEBUG	Registering manifest for /Applications/Firefox.app/Contents/Resources/browser/features/firefox@getpocket.com.xpi
1465910656103	addons.xpi	DEBUG	Calling bootstrap method startup on firefox@getpocket.com version 1.0.2
1465910656103	addons.xpi	DEBUG	Registering manifest for /Applications/Firefox.app/Contents/Resources/browser/features/loop@mozilla.org.xpi
1465910656104	addons.xpi	DEBUG	Calling bootstrap method startup on loop@mozilla.org version 1.3.2
1465910656122	addons.manager	DEBUG	Registering shutdown blocker for XPIProvider
1465910656123	addons.manager	DEBUG	Provider finished startup: XPIProvider
1465910656123	addons.manager	DEBUG	Starting provider: LightweightThemeManager
1465910656123	addons.manager	DEBUG	Registering shutdown blocker for LightweightThemeManager
1465910656123	addons.manager	DEBUG	Provider finished startup: LightweightThemeManager
1465910656123	addons.manager	DEBUG	Starting provider: GMPProvider
1465910656128	addons.manager	DEBUG	Registering shutdown blocker for GMPProvider
1465910656128	addons.manager	DEBUG	Provider finished startup: GMPProvider
1465910656128	addons.manager	DEBUG	Starting provider: PluginProvider
1465910656128	addons.manager	DEBUG	Registering shutdown blocker for PluginProvider
1465910656129	addons.manager	DEBUG	Provider finished startup: PluginProvider
1465910656129	addons.manager	DEBUG	Completed startup sequence
1465910656407	addons.manager	DEBUG	Starting provider: <unnamed-provider>
1465910656407	addons.manager	DEBUG	Registering shutdown blocker for <unnamed-provider>
1465910656407	addons.manager	DEBUG	Provider finished startup: <unnamed-provider>
1465910656415	DeferredSave.extensions.json	DEBUG	Starting write
1465910656595	addons.repository	DEBUG	No addons.json found.
1465910656595	DeferredSave.addons.json	DEBUG	Save changes
1465910656601	DeferredSave.addons.json	DEBUG	Starting timer
1465910656634	addons.manager	DEBUG	Starting provider: PreviousExperimentProvider
1465910656635	addons.manager	DEBUG	Registering shutdown blocker for PreviousExperimentProvider
1465910656635	addons.manager	DEBUG	Provider finished startup: PreviousExperimentProvider
1465910656638	DeferredSave.extensions.json	DEBUG	Write succeeded
1465910656639	addons.xpi-utils	DEBUG	XPI Database saved, setting schema version preference to 17
1465910656656	DeferredSave.addons.json	DEBUG	Starting write
1465910656673	DeferredSave.addons.json	DEBUG	Write succeeded

	at org.openqa.selenium.firefox.internal.NewProfileExtensionConnection.start(NewProfileExtensionConnection.java:113)
	... 32 more
]]>
    </failure>
  </testcase> <!-- Assessment_View_Back -->
  <testcase name="Assessment_View_Print" time="45.184" classname="patientClinic.PatientAssessment">
    <failure type="org.openqa.selenium.WebDriverException" message="Failed to connect to binary FirefoxBinary(/Applications/Firefox.app/Contents/MacOS/firefox-bin) on port 7055; process output follows: 
ll,&quot;aboutURL&quot;:null,&quot;icons&quot;:{},&quot;iconURL&quot;:&quot;chrome://web2pdfextension/skin/C_AdobeLogo_48x48.png&quot;,&quot;icon64URL&quot;:&quot;chrome://web2pdfextension/skin/C_AdobeLogo_64x64.png&quot;,&quot;defaultLocale&quot;:{&quot;name&quot;:&quot;Adobe Acrobat - Create PDF&quot;,&quot;description&quot;:&quot;Converts a web page to PDF&quot;,&quot;creator&quot;:&quot;Adobe Systems Incorporated&quot;,&quot;homepageURL&quot;:&quot;http://www.adobe.com/&quot;},&quot;visible&quot;:true,&quot;active&quot;:false,&quot;userDisabled&quot;:true,&quot;appDisabled&quot;:false,&quot;descriptor&quot;:&quot;/Library/Application Support/Mozilla/Extensions/{ec8030f7-c20a-464f-9b0e-13a3a9e97384}/web2pdfextension@web2pdf.adobedotcom&quot;,&quot;installDate&quot;:1408552034000,&quot;updateDate&quot;:1408552034000,&quot;applyBackgroundUpdates&quot;:1,&quot;bootstrap&quot;:false,&quot;skinnable&quot;:false,&quot;size&quot;:135272,&quot;sourceURI&quot;:null,&quot;releaseNotesURI&quot;:null,&quot;softDisabled&quot;:false,&quot;foreignInstall&quot;:true,&quot;hasBinaryComponents&quot;:false,&quot;strictCompatibility&quot;:false,&quot;locales&quot;:[],&quot;targetApplications&quot;:[{&quot;id&quot;:&quot;{ec8030f7-c20a-464f-9b0e-13a3a9e97384}&quot;,&quot;minVersion&quot;:&quot;4.0&quot;,&quot;maxVersion&quot;:&quot;*.*&quot;}],&quot;targetPlatforms&quot;:[],&quot;multiprocessCompatible&quot;:false,&quot;signedState&quot;:0,&quot;seen&quot;:true}
1465910611208	DeferredSave.extensions.json	DEBUG	Save changes
1465910611208	addons.xpi	DEBUG	Updating database with changes to installed add-ons
1465910611208	addons.xpi-utils	DEBUG	Updating add-on states
1465910611210	addons.xpi-utils	DEBUG	Writing add-ons list
1465910611214	addons.xpi	DEBUG	Registering manifest for /Applications/Firefox.app/Contents/Resources/browser/features/e10srollout@mozilla.org.xpi
1465910611214	addons.xpi	DEBUG	Calling bootstrap method startup on e10srollout@mozilla.org version 1.0
1465910611215	addons.xpi	DEBUG	Registering manifest for /Applications/Firefox.app/Contents/Resources/browser/features/firefox@getpocket.com.xpi
1465910611215	addons.xpi	DEBUG	Calling bootstrap method startup on firefox@getpocket.com version 1.0.2
1465910611217	addons.xpi	DEBUG	Registering manifest for /Applications/Firefox.app/Contents/Resources/browser/features/loop@mozilla.org.xpi
1465910611218	addons.xpi	DEBUG	Calling bootstrap method startup on loop@mozilla.org version 1.3.2
1465910611238	addons.manager	DEBUG	Registering shutdown blocker for XPIProvider
1465910611239	addons.manager	DEBUG	Provider finished startup: XPIProvider
1465910611239	addons.manager	DEBUG	Starting provider: LightweightThemeManager
1465910611239	addons.manager	DEBUG	Registering shutdown blocker for LightweightThemeManager
1465910611239	addons.manager	DEBUG	Provider finished startup: LightweightThemeManager
1465910611239	addons.manager	DEBUG	Starting provider: GMPProvider
1465910611248	addons.manager	DEBUG	Registering shutdown blocker for GMPProvider
1465910611249	addons.manager	DEBUG	Provider finished startup: GMPProvider
1465910611249	addons.manager	DEBUG	Starting provider: PluginProvider
1465910611249	addons.manager	DEBUG	Registering shutdown blocker for PluginProvider
1465910611249	addons.manager	DEBUG	Provider finished startup: PluginProvider
1465910611250	addons.manager	DEBUG	Completed startup sequence
1465910611652	addons.manager	DEBUG	Starting provider: &lt;unnamed-provider&gt;
1465910611652	addons.manager	DEBUG	Registering shutdown blocker for &lt;unnamed-provider&gt;
1465910611652	addons.manager	DEBUG	Provider finished startup: &lt;unnamed-provider&gt;
1465910611855	DeferredSave.extensions.json	DEBUG	Write succeeded
1465910611855	addons.xpi-utils	DEBUG	XPI Database saved, setting schema version preference to 17
1465910611855	DeferredSave.extensions.json	DEBUG	Starting timer
1465910611881	addons.repository	DEBUG	No addons.json found.
1465910611882	DeferredSave.addons.json	DEBUG	Save changes
1465910611884	DeferredSave.addons.json	DEBUG	Starting timer
1465910611928	addons.manager	DEBUG	Starting provider: PreviousExperimentProvider
1465910611928	addons.manager	DEBUG	Registering shutdown blocker for PreviousExperimentProvider
1465910611928	addons.manager	DEBUG	Provider finished startup: PreviousExperimentProvider
1465910611931	DeferredSave.extensions.json	DEBUG	Starting write
1465910611937	DeferredSave.addons.json	DEBUG	Starting write
1465910611959	DeferredSave.extensions.json	DEBUG	Write succeeded
1465910611967	DeferredSave.addons.json	DEBUG	Write succeeded

Build info: version: &#039;2.53.0&#039;, revision: &#039;35ae25b1534ae328c771e0856c93e187490ca824&#039;, time: &#039;2016-03-15 10:43:46&#039;
System info: host: &#039;MacBook-Pro-3.local&#039;, ip: &#039;10.100.25.118&#039;, os.name: &#039;Mac OS X&#039;, os.arch: &#039;x86_64&#039;, os.version: &#039;10.11.4&#039;, java.version: &#039;1.8.0_91&#039;
Driver info: driver.version: FirefoxDriver">
      <![CDATA[org.openqa.selenium.WebDriverException: Failed to connect to binary FirefoxBinary(/Applications/Firefox.app/Contents/MacOS/firefox-bin) on port 7055; process output follows: 
ll,"aboutURL":null,"icons":{},"iconURL":"chrome://web2pdfextension/skin/C_AdobeLogo_48x48.png","icon64URL":"chrome://web2pdfextension/skin/C_AdobeLogo_64x64.png","defaultLocale":{"name":"Adobe Acrobat - Create PDF","description":"Converts a web page to PDF","creator":"Adobe Systems Incorporated","homepageURL":"http://www.adobe.com/"},"visible":true,"active":false,"userDisabled":true,"appDisabled":false,"descriptor":"/Library/Application Support/Mozilla/Extensions/{ec8030f7-c20a-464f-9b0e-13a3a9e97384}/web2pdfextension@web2pdf.adobedotcom","installDate":1408552034000,"updateDate":1408552034000,"applyBackgroundUpdates":1,"bootstrap":false,"skinnable":false,"size":135272,"sourceURI":null,"releaseNotesURI":null,"softDisabled":false,"foreignInstall":true,"hasBinaryComponents":false,"strictCompatibility":false,"locales":[],"targetApplications":[{"id":"{ec8030f7-c20a-464f-9b0e-13a3a9e97384}","minVersion":"4.0","maxVersion":"*.*"}],"targetPlatforms":[],"multiprocessCompatible":false,"signedState":0,"seen":true}
1465910611208	DeferredSave.extensions.json	DEBUG	Save changes
1465910611208	addons.xpi	DEBUG	Updating database with changes to installed add-ons
1465910611208	addons.xpi-utils	DEBUG	Updating add-on states
1465910611210	addons.xpi-utils	DEBUG	Writing add-ons list
1465910611214	addons.xpi	DEBUG	Registering manifest for /Applications/Firefox.app/Contents/Resources/browser/features/e10srollout@mozilla.org.xpi
1465910611214	addons.xpi	DEBUG	Calling bootstrap method startup on e10srollout@mozilla.org version 1.0
1465910611215	addons.xpi	DEBUG	Registering manifest for /Applications/Firefox.app/Contents/Resources/browser/features/firefox@getpocket.com.xpi
1465910611215	addons.xpi	DEBUG	Calling bootstrap method startup on firefox@getpocket.com version 1.0.2
1465910611217	addons.xpi	DEBUG	Registering manifest for /Applications/Firefox.app/Contents/Resources/browser/features/loop@mozilla.org.xpi
1465910611218	addons.xpi	DEBUG	Calling bootstrap method startup on loop@mozilla.org version 1.3.2
1465910611238	addons.manager	DEBUG	Registering shutdown blocker for XPIProvider
1465910611239	addons.manager	DEBUG	Provider finished startup: XPIProvider
1465910611239	addons.manager	DEBUG	Starting provider: LightweightThemeManager
1465910611239	addons.manager	DEBUG	Registering shutdown blocker for LightweightThemeManager
1465910611239	addons.manager	DEBUG	Provider finished startup: LightweightThemeManager
1465910611239	addons.manager	DEBUG	Starting provider: GMPProvider
1465910611248	addons.manager	DEBUG	Registering shutdown blocker for GMPProvider
1465910611249	addons.manager	DEBUG	Provider finished startup: GMPProvider
1465910611249	addons.manager	DEBUG	Starting provider: PluginProvider
1465910611249	addons.manager	DEBUG	Registering shutdown blocker for PluginProvider
1465910611249	addons.manager	DEBUG	Provider finished startup: PluginProvider
1465910611250	addons.manager	DEBUG	Completed startup sequence
1465910611652	addons.manager	DEBUG	Starting provider: <unnamed-provider>
1465910611652	addons.manager	DEBUG	Registering shutdown blocker for <unnamed-provider>
1465910611652	addons.manager	DEBUG	Provider finished startup: <unnamed-provider>
1465910611855	DeferredSave.extensions.json	DEBUG	Write succeeded
1465910611855	addons.xpi-utils	DEBUG	XPI Database saved, setting schema version preference to 17
1465910611855	DeferredSave.extensions.json	DEBUG	Starting timer
1465910611881	addons.repository	DEBUG	No addons.json found.
1465910611882	DeferredSave.addons.json	DEBUG	Save changes
1465910611884	DeferredSave.addons.json	DEBUG	Starting timer
1465910611928	addons.manager	DEBUG	Starting provider: PreviousExperimentProvider
1465910611928	addons.manager	DEBUG	Registering shutdown blocker for PreviousExperimentProvider
1465910611928	addons.manager	DEBUG	Provider finished startup: PreviousExperimentProvider
1465910611931	DeferredSave.extensions.json	DEBUG	Starting write
1465910611937	DeferredSave.addons.json	DEBUG	Starting write
1465910611959	DeferredSave.extensions.json	DEBUG	Write succeeded
1465910611967	DeferredSave.addons.json	DEBUG	Write succeeded

Build info: version: '2.53.0', revision: '35ae25b1534ae328c771e0856c93e187490ca824', time: '2016-03-15 10:43:46'
System info: host: 'MacBook-Pro-3.local', ip: '10.100.25.118', os.name: 'Mac OS X', os.arch: 'x86_64', os.version: '10.11.4', java.version: '1.8.0_91'
Driver info: driver.version: FirefoxDriver
	at org.openqa.selenium.firefox.internal.NewProfileExtensionConnection.start(NewProfileExtensionConnection.java:125)
	at org.openqa.selenium.firefox.FirefoxDriver.startClient(FirefoxDriver.java:271)
	at org.openqa.selenium.remote.RemoteWebDriver.<init>(RemoteWebDriver.java:119)
	at org.openqa.selenium.firefox.FirefoxDriver.<init>(FirefoxDriver.java:216)
	at org.openqa.selenium.firefox.FirefoxDriver.<init>(FirefoxDriver.java:211)
	at org.openqa.selenium.firefox.FirefoxDriver.<init>(FirefoxDriver.java:207)
	at org.openqa.selenium.firefox.FirefoxDriver.<init>(FirefoxDriver.java:120)
	at patientClinic.Login.login(Login.java:50)
	at patientClinic.PatientAssessment.Assessment_View_Print(PatientAssessment.java:148)
	at sun.reflect.NativeMethodAccessorImpl.invoke0(Native Method)
	at sun.reflect.NativeMethodAccessorImpl.invoke(NativeMethodAccessorImpl.java:62)
	at sun.reflect.DelegatingMethodAccessorImpl.invoke(DelegatingMethodAccessorImpl.java:43)
	at java.lang.reflect.Method.invoke(Method.java:498)
	at org.testng.internal.MethodInvocationHelper.invokeMethod(MethodInvocationHelper.java:80)
	at org.testng.internal.Invoker.invokeMethod(Invoker.java:714)
	at org.testng.internal.Invoker.invokeTestMethod(Invoker.java:901)
	at org.testng.internal.Invoker.invokeTestMethods(Invoker.java:1231)
	at org.testng.internal.TestMethodWorker.invokeTestMethods(TestMethodWorker.java:127)
	at org.testng.internal.TestMethodWorker.run(TestMethodWorker.java:111)
	at org.testng.TestRunner.privateRun(TestRunner.java:767)
	at org.testng.TestRunner.run(TestRunner.java:617)
	at org.testng.SuiteRunner.runTest(SuiteRunner.java:334)
	at org.testng.SuiteRunner.runSequentially(SuiteRunner.java:329)
	at org.testng.SuiteRunner.privateRun(SuiteRunner.java:291)
	at org.testng.SuiteRunner.run(SuiteRunner.java:240)
	at org.testng.SuiteRunnerWorker.runSuite(SuiteRunnerWorker.java:52)
	at org.testng.SuiteRunnerWorker.run(SuiteRunnerWorker.java:86)
	at org.testng.TestNG.runSuitesSequentially(TestNG.java:1198)
	at org.testng.TestNG.runSuitesLocally(TestNG.java:1123)
	at org.testng.TestNG.run(TestNG.java:1031)
	at org.testng.remote.RemoteTestNG.run(RemoteTestNG.java:115)
	at org.testng.remote.RemoteTestNG.initAndRun(RemoteTestNG.java:207)
	at org.testng.remote.RemoteTestNG.main(RemoteTestNG.java:178)
Caused by: org.openqa.selenium.firefox.NotConnectedException: Unable to connect to host 127.0.0.1 on port 7055 after 45000 ms. Firefox console output:
ll,"aboutURL":null,"icons":{},"iconURL":"chrome://web2pdfextension/skin/C_AdobeLogo_48x48.png","icon64URL":"chrome://web2pdfextension/skin/C_AdobeLogo_64x64.png","defaultLocale":{"name":"Adobe Acrobat - Create PDF","description":"Converts a web page to PDF","creator":"Adobe Systems Incorporated","homepageURL":"http://www.adobe.com/"},"visible":true,"active":false,"userDisabled":true,"appDisabled":false,"descriptor":"/Library/Application Support/Mozilla/Extensions/{ec8030f7-c20a-464f-9b0e-13a3a9e97384}/web2pdfextension@web2pdf.adobedotcom","installDate":1408552034000,"updateDate":1408552034000,"applyBackgroundUpdates":1,"bootstrap":false,"skinnable":false,"size":135272,"sourceURI":null,"releaseNotesURI":null,"softDisabled":false,"foreignInstall":true,"hasBinaryComponents":false,"strictCompatibility":false,"locales":[],"targetApplications":[{"id":"{ec8030f7-c20a-464f-9b0e-13a3a9e97384}","minVersion":"4.0","maxVersion":"*.*"}],"targetPlatforms":[],"multiprocessCompatible":false,"signedState":0,"seen":true}
1465910611208	DeferredSave.extensions.json	DEBUG	Save changes
1465910611208	addons.xpi	DEBUG	Updating database with changes to installed add-ons
1465910611208	addons.xpi-utils	DEBUG	Updating add-on states
1465910611210	addons.xpi-utils	DEBUG	Writing add-ons list
1465910611214	addons.xpi	DEBUG	Registering manifest for /Applications/Firefox.app/Contents/Resources/browser/features/e10srollout@mozilla.org.xpi
1465910611214	addons.xpi	DEBUG	Calling bootstrap method startup on e10srollout@mozilla.org version 1.0
1465910611215	addons.xpi	DEBUG	Registering manifest for /Applications/Firefox.app/Contents/Resources/browser/features/firefox@getpocket.com.xpi
1465910611215	addons.xpi	DEBUG	Calling bootstrap method startup on firefox@getpocket.com version 1.0.2
1465910611217	addons.xpi	DEBUG	Registering manifest for /Applications/Firefox.app/Contents/Resources/browser/features/loop@mozilla.org.xpi
1465910611218	addons.xpi	DEBUG	Calling bootstrap method startup on loop@mozilla.org version 1.3.2
1465910611238	addons.manager	DEBUG	Registering shutdown blocker for XPIProvider
1465910611239	addons.manager	DEBUG	Provider finished startup: XPIProvider
1465910611239	addons.manager	DEBUG	Starting provider: LightweightThemeManager
1465910611239	addons.manager	DEBUG	Registering shutdown blocker for LightweightThemeManager
1465910611239	addons.manager	DEBUG	Provider finished startup: LightweightThemeManager
1465910611239	addons.manager	DEBUG	Starting provider: GMPProvider
1465910611248	addons.manager	DEBUG	Registering shutdown blocker for GMPProvider
1465910611249	addons.manager	DEBUG	Provider finished startup: GMPProvider
1465910611249	addons.manager	DEBUG	Starting provider: PluginProvider
1465910611249	addons.manager	DEBUG	Registering shutdown blocker for PluginProvider
1465910611249	addons.manager	DEBUG	Provider finished startup: PluginProvider
1465910611250	addons.manager	DEBUG	Completed startup sequence
1465910611652	addons.manager	DEBUG	Starting provider: <unnamed-provider>
1465910611652	addons.manager	DEBUG	Registering shutdown blocker for <unnamed-provider>
1465910611652	addons.manager	DEBUG	Provider finished startup: <unnamed-provider>
1465910611855	DeferredSave.extensions.json	DEBUG	Write succeeded
1465910611855	addons.xpi-utils	DEBUG	XPI Database saved, setting schema version preference to 17
1465910611855	DeferredSave.extensions.json	DEBUG	Starting timer
1465910611881	addons.repository	DEBUG	No addons.json found.
1465910611882	DeferredSave.addons.json	DEBUG	Save changes
1465910611884	DeferredSave.addons.json	DEBUG	Starting timer
1465910611928	addons.manager	DEBUG	Starting provider: PreviousExperimentProvider
1465910611928	addons.manager	DEBUG	Registering shutdown blocker for PreviousExperimentProvider
1465910611928	addons.manager	DEBUG	Provider finished startup: PreviousExperimentProvider
1465910611931	DeferredSave.extensions.json	DEBUG	Starting write
1465910611937	DeferredSave.addons.json	DEBUG	Starting write
1465910611959	DeferredSave.extensions.json	DEBUG	Write succeeded
1465910611967	DeferredSave.addons.json	DEBUG	Write succeeded

	at org.openqa.selenium.firefox.internal.NewProfileExtensionConnection.start(NewProfileExtensionConnection.java:113)
	... 32 more
]]>
    </failure>
  </testcase> <!-- Assessment_View_Print -->
  <testcase name="Assessment_view_icon" time="45.836" classname="patientClinic.PatientAssessment">
    <failure type="org.openqa.selenium.WebDriverException" message="Failed to connect to binary FirefoxBinary(/Applications/Firefox.app/Contents/MacOS/firefox-bin) on port 7055; process output follows: 
ocal&quot;,&quot;version&quot;:&quot;2.0&quot;,&quot;type&quot;:&quot;extension&quot;,&quot;internalName&quot;:null,&quot;updateURL&quot;:null,&quot;updateKey&quot;:null,&quot;optionsURL&quot;:null,&quot;optionsType&quot;:null,&quot;aboutURL&quot;:null,&quot;icons&quot;:{},&quot;iconURL&quot;:&quot;chrome://web2pdfextension/skin/C_AdobeLogo_48x48.png&quot;,&quot;icon64URL&quot;:&quot;chrome://web2pdfextension/skin/C_AdobeLogo_64x64.png&quot;,&quot;defaultLocale&quot;:{&quot;name&quot;:&quot;Adobe Acrobat - Create PDF&quot;,&quot;description&quot;:&quot;Converts a web page to PDF&quot;,&quot;creator&quot;:&quot;Adobe Systems Incorporated&quot;,&quot;homepageURL&quot;:&quot;http://www.adobe.com/&quot;},&quot;visible&quot;:true,&quot;active&quot;:false,&quot;userDisabled&quot;:true,&quot;appDisabled&quot;:false,&quot;descriptor&quot;:&quot;/Library/Application Support/Mozilla/Extensions/{ec8030f7-c20a-464f-9b0e-13a3a9e97384}/web2pdfextension@web2pdf.adobedotcom&quot;,&quot;installDate&quot;:1408552034000,&quot;updateDate&quot;:1408552034000,&quot;applyBackgroundUpdates&quot;:1,&quot;bootstrap&quot;:false,&quot;skinnable&quot;:false,&quot;size&quot;:135272,&quot;sourceURI&quot;:null,&quot;releaseNotesURI&quot;:null,&quot;softDisabled&quot;:false,&quot;foreignInstall&quot;:true,&quot;hasBinaryComponents&quot;:false,&quot;strictCompatibility&quot;:false,&quot;locales&quot;:[],&quot;targetApplications&quot;:[{&quot;id&quot;:&quot;{ec8030f7-c20a-464f-9b0e-13a3a9e97384}&quot;,&quot;minVersion&quot;:&quot;4.0&quot;,&quot;maxVersion&quot;:&quot;*.*&quot;}],&quot;targetPlatforms&quot;:[],&quot;multiprocessCompatible&quot;:false,&quot;signedState&quot;:0,&quot;seen&quot;:true}
1465910520555	DeferredSave.extensions.json	DEBUG	Save changes
1465910520555	addons.xpi	DEBUG	Updating database with changes to installed add-ons
1465910520555	addons.xpi-utils	DEBUG	Updating add-on states
1465910520555	addons.xpi-utils	DEBUG	Writing add-ons list
1465910520556	addons.xpi	DEBUG	Registering manifest for /Applications/Firefox.app/Contents/Resources/browser/features/e10srollout@mozilla.org.xpi
1465910520557	addons.xpi	DEBUG	Calling bootstrap method startup on e10srollout@mozilla.org version 1.0
1465910520557	addons.xpi	DEBUG	Registering manifest for /Applications/Firefox.app/Contents/Resources/browser/features/firefox@getpocket.com.xpi
1465910520557	addons.xpi	DEBUG	Calling bootstrap method startup on firefox@getpocket.com version 1.0.2
1465910520558	addons.xpi	DEBUG	Registering manifest for /Applications/Firefox.app/Contents/Resources/browser/features/loop@mozilla.org.xpi
1465910520559	addons.xpi	DEBUG	Calling bootstrap method startup on loop@mozilla.org version 1.3.2
1465910520582	addons.manager	DEBUG	Registering shutdown blocker for XPIProvider
1465910520583	addons.manager	DEBUG	Provider finished startup: XPIProvider
1465910520583	addons.manager	DEBUG	Starting provider: LightweightThemeManager
1465910520583	addons.manager	DEBUG	Registering shutdown blocker for LightweightThemeManager
1465910520583	addons.manager	DEBUG	Provider finished startup: LightweightThemeManager
1465910520584	addons.manager	DEBUG	Starting provider: GMPProvider
1465910520592	addons.manager	DEBUG	Registering shutdown blocker for GMPProvider
1465910520593	addons.manager	DEBUG	Provider finished startup: GMPProvider
1465910520593	addons.manager	DEBUG	Starting provider: PluginProvider
1465910520593	addons.manager	DEBUG	Registering shutdown blocker for PluginProvider
1465910520593	addons.manager	DEBUG	Provider finished startup: PluginProvider
1465910520594	addons.manager	DEBUG	Completed startup sequence
1465910521034	DeferredSave.extensions.json	DEBUG	Starting write
1465910521049	addons.manager	DEBUG	Starting provider: &lt;unnamed-provider&gt;
1465910521049	addons.manager	DEBUG	Registering shutdown blocker for &lt;unnamed-provider&gt;
1465910521050	addons.manager	DEBUG	Provider finished startup: &lt;unnamed-provider&gt;
1465910521283	addons.repository	DEBUG	No addons.json found.
1465910521284	DeferredSave.addons.json	DEBUG	Save changes
1465910521287	DeferredSave.addons.json	DEBUG	Starting timer
1465910521326	addons.manager	DEBUG	Starting provider: PreviousExperimentProvider
1465910521326	addons.manager	DEBUG	Registering shutdown blocker for PreviousExperimentProvider
1465910521326	addons.manager	DEBUG	Provider finished startup: PreviousExperimentProvider
1465910521331	DeferredSave.extensions.json	DEBUG	Write succeeded
1465910521332	addons.xpi-utils	DEBUG	XPI Database saved, setting schema version preference to 17
1465910521340	DeferredSave.addons.json	DEBUG	Starting write
1465910521364	DeferredSave.addons.json	DEBUG	Write succeeded

Build info: version: &#039;2.53.0&#039;, revision: &#039;35ae25b1534ae328c771e0856c93e187490ca824&#039;, time: &#039;2016-03-15 10:43:46&#039;
System info: host: &#039;MacBook-Pro-3.local&#039;, ip: &#039;10.100.25.118&#039;, os.name: &#039;Mac OS X&#039;, os.arch: &#039;x86_64&#039;, os.version: &#039;10.11.4&#039;, java.version: &#039;1.8.0_91&#039;
Driver info: driver.version: FirefoxDriver">
      <![CDATA[org.openqa.selenium.WebDriverException: Failed to connect to binary FirefoxBinary(/Applications/Firefox.app/Contents/MacOS/firefox-bin) on port 7055; process output follows: 
ocal","version":"2.0","type":"extension","internalName":null,"updateURL":null,"updateKey":null,"optionsURL":null,"optionsType":null,"aboutURL":null,"icons":{},"iconURL":"chrome://web2pdfextension/skin/C_AdobeLogo_48x48.png","icon64URL":"chrome://web2pdfextension/skin/C_AdobeLogo_64x64.png","defaultLocale":{"name":"Adobe Acrobat - Create PDF","description":"Converts a web page to PDF","creator":"Adobe Systems Incorporated","homepageURL":"http://www.adobe.com/"},"visible":true,"active":false,"userDisabled":true,"appDisabled":false,"descriptor":"/Library/Application Support/Mozilla/Extensions/{ec8030f7-c20a-464f-9b0e-13a3a9e97384}/web2pdfextension@web2pdf.adobedotcom","installDate":1408552034000,"updateDate":1408552034000,"applyBackgroundUpdates":1,"bootstrap":false,"skinnable":false,"size":135272,"sourceURI":null,"releaseNotesURI":null,"softDisabled":false,"foreignInstall":true,"hasBinaryComponents":false,"strictCompatibility":false,"locales":[],"targetApplications":[{"id":"{ec8030f7-c20a-464f-9b0e-13a3a9e97384}","minVersion":"4.0","maxVersion":"*.*"}],"targetPlatforms":[],"multiprocessCompatible":false,"signedState":0,"seen":true}
1465910520555	DeferredSave.extensions.json	DEBUG	Save changes
1465910520555	addons.xpi	DEBUG	Updating database with changes to installed add-ons
1465910520555	addons.xpi-utils	DEBUG	Updating add-on states
1465910520555	addons.xpi-utils	DEBUG	Writing add-ons list
1465910520556	addons.xpi	DEBUG	Registering manifest for /Applications/Firefox.app/Contents/Resources/browser/features/e10srollout@mozilla.org.xpi
1465910520557	addons.xpi	DEBUG	Calling bootstrap method startup on e10srollout@mozilla.org version 1.0
1465910520557	addons.xpi	DEBUG	Registering manifest for /Applications/Firefox.app/Contents/Resources/browser/features/firefox@getpocket.com.xpi
1465910520557	addons.xpi	DEBUG	Calling bootstrap method startup on firefox@getpocket.com version 1.0.2
1465910520558	addons.xpi	DEBUG	Registering manifest for /Applications/Firefox.app/Contents/Resources/browser/features/loop@mozilla.org.xpi
1465910520559	addons.xpi	DEBUG	Calling bootstrap method startup on loop@mozilla.org version 1.3.2
1465910520582	addons.manager	DEBUG	Registering shutdown blocker for XPIProvider
1465910520583	addons.manager	DEBUG	Provider finished startup: XPIProvider
1465910520583	addons.manager	DEBUG	Starting provider: LightweightThemeManager
1465910520583	addons.manager	DEBUG	Registering shutdown blocker for LightweightThemeManager
1465910520583	addons.manager	DEBUG	Provider finished startup: LightweightThemeManager
1465910520584	addons.manager	DEBUG	Starting provider: GMPProvider
1465910520592	addons.manager	DEBUG	Registering shutdown blocker for GMPProvider
1465910520593	addons.manager	DEBUG	Provider finished startup: GMPProvider
1465910520593	addons.manager	DEBUG	Starting provider: PluginProvider
1465910520593	addons.manager	DEBUG	Registering shutdown blocker for PluginProvider
1465910520593	addons.manager	DEBUG	Provider finished startup: PluginProvider
1465910520594	addons.manager	DEBUG	Completed startup sequence
1465910521034	DeferredSave.extensions.json	DEBUG	Starting write
1465910521049	addons.manager	DEBUG	Starting provider: <unnamed-provider>
1465910521049	addons.manager	DEBUG	Registering shutdown blocker for <unnamed-provider>
1465910521050	addons.manager	DEBUG	Provider finished startup: <unnamed-provider>
1465910521283	addons.repository	DEBUG	No addons.json found.
1465910521284	DeferredSave.addons.json	DEBUG	Save changes
1465910521287	DeferredSave.addons.json	DEBUG	Starting timer
1465910521326	addons.manager	DEBUG	Starting provider: PreviousExperimentProvider
1465910521326	addons.manager	DEBUG	Registering shutdown blocker for PreviousExperimentProvider
1465910521326	addons.manager	DEBUG	Provider finished startup: PreviousExperimentProvider
1465910521331	DeferredSave.extensions.json	DEBUG	Write succeeded
1465910521332	addons.xpi-utils	DEBUG	XPI Database saved, setting schema version preference to 17
1465910521340	DeferredSave.addons.json	DEBUG	Starting write
1465910521364	DeferredSave.addons.json	DEBUG	Write succeeded

Build info: version: '2.53.0', revision: '35ae25b1534ae328c771e0856c93e187490ca824', time: '2016-03-15 10:43:46'
System info: host: 'MacBook-Pro-3.local', ip: '10.100.25.118', os.name: 'Mac OS X', os.arch: 'x86_64', os.version: '10.11.4', java.version: '1.8.0_91'
Driver info: driver.version: FirefoxDriver
	at org.openqa.selenium.firefox.internal.NewProfileExtensionConnection.start(NewProfileExtensionConnection.java:125)
	at org.openqa.selenium.firefox.FirefoxDriver.startClient(FirefoxDriver.java:271)
	at org.openqa.selenium.remote.RemoteWebDriver.<init>(RemoteWebDriver.java:119)
	at org.openqa.selenium.firefox.FirefoxDriver.<init>(FirefoxDriver.java:216)
	at org.openqa.selenium.firefox.FirefoxDriver.<init>(FirefoxDriver.java:211)
	at org.openqa.selenium.firefox.FirefoxDriver.<init>(FirefoxDriver.java:207)
	at org.openqa.selenium.firefox.FirefoxDriver.<init>(FirefoxDriver.java:120)
	at patientClinic.Login.login(Login.java:50)
	at patientClinic.PatientAssessment.Assessment_view_icon(PatientAssessment.java:18)
	at sun.reflect.NativeMethodAccessorImpl.invoke0(Native Method)
	at sun.reflect.NativeMethodAccessorImpl.invoke(NativeMethodAccessorImpl.java:62)
	at sun.reflect.DelegatingMethodAccessorImpl.invoke(DelegatingMethodAccessorImpl.java:43)
	at java.lang.reflect.Method.invoke(Method.java:498)
	at org.testng.internal.MethodInvocationHelper.invokeMethod(MethodInvocationHelper.java:80)
	at org.testng.internal.Invoker.invokeMethod(Invoker.java:714)
	at org.testng.internal.Invoker.invokeTestMethod(Invoker.java:901)
	at org.testng.internal.Invoker.invokeTestMethods(Invoker.java:1231)
	at org.testng.internal.TestMethodWorker.invokeTestMethods(TestMethodWorker.java:127)
	at org.testng.internal.TestMethodWorker.run(TestMethodWorker.java:111)
	at org.testng.TestRunner.privateRun(TestRunner.java:767)
	at org.testng.TestRunner.run(TestRunner.java:617)
	at org.testng.SuiteRunner.runTest(SuiteRunner.java:334)
	at org.testng.SuiteRunner.runSequentially(SuiteRunner.java:329)
	at org.testng.SuiteRunner.privateRun(SuiteRunner.java:291)
	at org.testng.SuiteRunner.run(SuiteRunner.java:240)
	at org.testng.SuiteRunnerWorker.runSuite(SuiteRunnerWorker.java:52)
	at org.testng.SuiteRunnerWorker.run(SuiteRunnerWorker.java:86)
	at org.testng.TestNG.runSuitesSequentially(TestNG.java:1198)
	at org.testng.TestNG.runSuitesLocally(TestNG.java:1123)
	at org.testng.TestNG.run(TestNG.java:1031)
	at org.testng.remote.RemoteTestNG.run(RemoteTestNG.java:115)
	at org.testng.remote.RemoteTestNG.initAndRun(RemoteTestNG.java:207)
	at org.testng.remote.RemoteTestNG.main(RemoteTestNG.java:178)
Caused by: org.openqa.selenium.firefox.NotConnectedException: Unable to connect to host 127.0.0.1 on port 7055 after 45000 ms. Firefox console output:
ocal","version":"2.0","type":"extension","internalName":null,"updateURL":null,"updateKey":null,"optionsURL":null,"optionsType":null,"aboutURL":null,"icons":{},"iconURL":"chrome://web2pdfextension/skin/C_AdobeLogo_48x48.png","icon64URL":"chrome://web2pdfextension/skin/C_AdobeLogo_64x64.png","defaultLocale":{"name":"Adobe Acrobat - Create PDF","description":"Converts a web page to PDF","creator":"Adobe Systems Incorporated","homepageURL":"http://www.adobe.com/"},"visible":true,"active":false,"userDisabled":true,"appDisabled":false,"descriptor":"/Library/Application Support/Mozilla/Extensions/{ec8030f7-c20a-464f-9b0e-13a3a9e97384}/web2pdfextension@web2pdf.adobedotcom","installDate":1408552034000,"updateDate":1408552034000,"applyBackgroundUpdates":1,"bootstrap":false,"skinnable":false,"size":135272,"sourceURI":null,"releaseNotesURI":null,"softDisabled":false,"foreignInstall":true,"hasBinaryComponents":false,"strictCompatibility":false,"locales":[],"targetApplications":[{"id":"{ec8030f7-c20a-464f-9b0e-13a3a9e97384}","minVersion":"4.0","maxVersion":"*.*"}],"targetPlatforms":[],"multiprocessCompatible":false,"signedState":0,"seen":true}
1465910520555	DeferredSave.extensions.json	DEBUG	Save changes
1465910520555	addons.xpi	DEBUG	Updating database with changes to installed add-ons
1465910520555	addons.xpi-utils	DEBUG	Updating add-on states
1465910520555	addons.xpi-utils	DEBUG	Writing add-ons list
1465910520556	addons.xpi	DEBUG	Registering manifest for /Applications/Firefox.app/Contents/Resources/browser/features/e10srollout@mozilla.org.xpi
1465910520557	addons.xpi	DEBUG	Calling bootstrap method startup on e10srollout@mozilla.org version 1.0
1465910520557	addons.xpi	DEBUG	Registering manifest for /Applications/Firefox.app/Contents/Resources/browser/features/firefox@getpocket.com.xpi
1465910520557	addons.xpi	DEBUG	Calling bootstrap method startup on firefox@getpocket.com version 1.0.2
1465910520558	addons.xpi	DEBUG	Registering manifest for /Applications/Firefox.app/Contents/Resources/browser/features/loop@mozilla.org.xpi
1465910520559	addons.xpi	DEBUG	Calling bootstrap method startup on loop@mozilla.org version 1.3.2
1465910520582	addons.manager	DEBUG	Registering shutdown blocker for XPIProvider
1465910520583	addons.manager	DEBUG	Provider finished startup: XPIProvider
1465910520583	addons.manager	DEBUG	Starting provider: LightweightThemeManager
1465910520583	addons.manager	DEBUG	Registering shutdown blocker for LightweightThemeManager
1465910520583	addons.manager	DEBUG	Provider finished startup: LightweightThemeManager
1465910520584	addons.manager	DEBUG	Starting provider: GMPProvider
1465910520592	addons.manager	DEBUG	Registering shutdown blocker for GMPProvider
1465910520593	addons.manager	DEBUG	Provider finished startup: GMPProvider
1465910520593	addons.manager	DEBUG	Starting provider: PluginProvider
1465910520593	addons.manager	DEBUG	Registering shutdown blocker for PluginProvider
1465910520593	addons.manager	DEBUG	Provider finished startup: PluginProvider
1465910520594	addons.manager	DEBUG	Completed startup sequence
1465910521034	DeferredSave.extensions.json	DEBUG	Starting write
1465910521049	addons.manager	DEBUG	Starting provider: <unnamed-provider>
1465910521049	addons.manager	DEBUG	Registering shutdown blocker for <unnamed-provider>
1465910521050	addons.manager	DEBUG	Provider finished startup: <unnamed-provider>
1465910521283	addons.repository	DEBUG	No addons.json found.
1465910521284	DeferredSave.addons.json	DEBUG	Save changes
1465910521287	DeferredSave.addons.json	DEBUG	Starting timer
1465910521326	addons.manager	DEBUG	Starting provider: PreviousExperimentProvider
1465910521326	addons.manager	DEBUG	Registering shutdown blocker for PreviousExperimentProvider
1465910521326	addons.manager	DEBUG	Provider finished startup: PreviousExperimentProvider
1465910521331	DeferredSave.extensions.json	DEBUG	Write succeeded
1465910521332	addons.xpi-utils	DEBUG	XPI Database saved, setting schema version preference to 17
1465910521340	DeferredSave.addons.json	DEBUG	Starting write
1465910521364	DeferredSave.addons.json	DEBUG	Write succeeded

	at org.openqa.selenium.firefox.internal.NewProfileExtensionConnection.start(NewProfileExtensionConnection.java:113)
	... 32 more
]]>
    </failure>
  </testcase> <!-- Assessment_view_icon -->
  <testcase name="Assessment_view_email" time="45.129" classname="patientClinic.PatientAssessment">
    <failure type="org.openqa.selenium.WebDriverException" message="Failed to connect to binary FirefoxBinary(/Applications/Firefox.app/Contents/MacOS/firefox-bin) on port 7055; process output follows: 
ocal&quot;,&quot;version&quot;:&quot;2.0&quot;,&quot;type&quot;:&quot;extension&quot;,&quot;internalName&quot;:null,&quot;updateURL&quot;:null,&quot;updateKey&quot;:null,&quot;optionsURL&quot;:null,&quot;optionsType&quot;:null,&quot;aboutURL&quot;:null,&quot;icons&quot;:{},&quot;iconURL&quot;:&quot;chrome://web2pdfextension/skin/C_AdobeLogo_48x48.png&quot;,&quot;icon64URL&quot;:&quot;chrome://web2pdfextension/skin/C_AdobeLogo_64x64.png&quot;,&quot;defaultLocale&quot;:{&quot;name&quot;:&quot;Adobe Acrobat - Create PDF&quot;,&quot;description&quot;:&quot;Converts a web page to PDF&quot;,&quot;creator&quot;:&quot;Adobe Systems Incorporated&quot;,&quot;homepageURL&quot;:&quot;http://www.adobe.com/&quot;},&quot;visible&quot;:true,&quot;active&quot;:false,&quot;userDisabled&quot;:true,&quot;appDisabled&quot;:false,&quot;descriptor&quot;:&quot;/Library/Application Support/Mozilla/Extensions/{ec8030f7-c20a-464f-9b0e-13a3a9e97384}/web2pdfextension@web2pdf.adobedotcom&quot;,&quot;installDate&quot;:1408552034000,&quot;updateDate&quot;:1408552034000,&quot;applyBackgroundUpdates&quot;:1,&quot;bootstrap&quot;:false,&quot;skinnable&quot;:false,&quot;size&quot;:135272,&quot;sourceURI&quot;:null,&quot;releaseNotesURI&quot;:null,&quot;softDisabled&quot;:false,&quot;foreignInstall&quot;:true,&quot;hasBinaryComponents&quot;:false,&quot;strictCompatibility&quot;:false,&quot;locales&quot;:[],&quot;targetApplications&quot;:[{&quot;id&quot;:&quot;{ec8030f7-c20a-464f-9b0e-13a3a9e97384}&quot;,&quot;minVersion&quot;:&quot;4.0&quot;,&quot;maxVersion&quot;:&quot;*.*&quot;}],&quot;targetPlatforms&quot;:[],&quot;multiprocessCompatible&quot;:false,&quot;signedState&quot;:0,&quot;seen&quot;:true}
1465910565750	DeferredSave.extensions.json	DEBUG	Save changes
1465910565750	addons.xpi	DEBUG	Updating database with changes to installed add-ons
1465910565750	addons.xpi-utils	DEBUG	Updating add-on states
1465910565751	addons.xpi-utils	DEBUG	Writing add-ons list
1465910565752	addons.xpi	DEBUG	Registering manifest for /Applications/Firefox.app/Contents/Resources/browser/features/e10srollout@mozilla.org.xpi
1465910565752	addons.xpi	DEBUG	Calling bootstrap method startup on e10srollout@mozilla.org version 1.0
1465910565752	addons.xpi	DEBUG	Registering manifest for /Applications/Firefox.app/Contents/Resources/browser/features/firefox@getpocket.com.xpi
1465910565753	addons.xpi	DEBUG	Calling bootstrap method startup on firefox@getpocket.com version 1.0.2
1465910565753	addons.xpi	DEBUG	Registering manifest for /Applications/Firefox.app/Contents/Resources/browser/features/loop@mozilla.org.xpi
1465910565754	addons.xpi	DEBUG	Calling bootstrap method startup on loop@mozilla.org version 1.3.2
1465910565771	addons.manager	DEBUG	Registering shutdown blocker for XPIProvider
1465910565771	addons.manager	DEBUG	Provider finished startup: XPIProvider
1465910565771	addons.manager	DEBUG	Starting provider: LightweightThemeManager
1465910565771	addons.manager	DEBUG	Registering shutdown blocker for LightweightThemeManager
1465910565772	addons.manager	DEBUG	Provider finished startup: LightweightThemeManager
1465910565772	addons.manager	DEBUG	Starting provider: GMPProvider
1465910565777	addons.manager	DEBUG	Registering shutdown blocker for GMPProvider
1465910565777	addons.manager	DEBUG	Provider finished startup: GMPProvider
1465910565777	addons.manager	DEBUG	Starting provider: PluginProvider
1465910565777	addons.manager	DEBUG	Registering shutdown blocker for PluginProvider
1465910565777	addons.manager	DEBUG	Provider finished startup: PluginProvider
1465910565777	addons.manager	DEBUG	Completed startup sequence
1465910566047	addons.manager	DEBUG	Starting provider: &lt;unnamed-provider&gt;
1465910566047	addons.manager	DEBUG	Registering shutdown blocker for &lt;unnamed-provider&gt;
1465910566048	addons.manager	DEBUG	Provider finished startup: &lt;unnamed-provider&gt;
1465910566055	DeferredSave.extensions.json	DEBUG	Starting write
1465910566209	addons.repository	DEBUG	No addons.json found.
1465910566210	DeferredSave.addons.json	DEBUG	Save changes
1465910566240	DeferredSave.addons.json	DEBUG	Starting timer
1465910566288	addons.manager	DEBUG	Starting provider: PreviousExperimentProvider
1465910566288	addons.manager	DEBUG	Registering shutdown blocker for PreviousExperimentProvider
1465910566288	addons.manager	DEBUG	Provider finished startup: PreviousExperimentProvider
1465910566293	DeferredSave.extensions.json	DEBUG	Write succeeded
1465910566294	addons.xpi-utils	DEBUG	XPI Database saved, setting schema version preference to 17
1465910566295	DeferredSave.addons.json	DEBUG	Starting write
1465910566320	DeferredSave.addons.json	DEBUG	Write succeeded

Build info: version: &#039;2.53.0&#039;, revision: &#039;35ae25b1534ae328c771e0856c93e187490ca824&#039;, time: &#039;2016-03-15 10:43:46&#039;
System info: host: &#039;MacBook-Pro-3.local&#039;, ip: &#039;10.100.25.118&#039;, os.name: &#039;Mac OS X&#039;, os.arch: &#039;x86_64&#039;, os.version: &#039;10.11.4&#039;, java.version: &#039;1.8.0_91&#039;
Driver info: driver.version: FirefoxDriver">
      <![CDATA[org.openqa.selenium.WebDriverException: Failed to connect to binary FirefoxBinary(/Applications/Firefox.app/Contents/MacOS/firefox-bin) on port 7055; process output follows: 
ocal","version":"2.0","type":"extension","internalName":null,"updateURL":null,"updateKey":null,"optionsURL":null,"optionsType":null,"aboutURL":null,"icons":{},"iconURL":"chrome://web2pdfextension/skin/C_AdobeLogo_48x48.png","icon64URL":"chrome://web2pdfextension/skin/C_AdobeLogo_64x64.png","defaultLocale":{"name":"Adobe Acrobat - Create PDF","description":"Converts a web page to PDF","creator":"Adobe Systems Incorporated","homepageURL":"http://www.adobe.com/"},"visible":true,"active":false,"userDisabled":true,"appDisabled":false,"descriptor":"/Library/Application Support/Mozilla/Extensions/{ec8030f7-c20a-464f-9b0e-13a3a9e97384}/web2pdfextension@web2pdf.adobedotcom","installDate":1408552034000,"updateDate":1408552034000,"applyBackgroundUpdates":1,"bootstrap":false,"skinnable":false,"size":135272,"sourceURI":null,"releaseNotesURI":null,"softDisabled":false,"foreignInstall":true,"hasBinaryComponents":false,"strictCompatibility":false,"locales":[],"targetApplications":[{"id":"{ec8030f7-c20a-464f-9b0e-13a3a9e97384}","minVersion":"4.0","maxVersion":"*.*"}],"targetPlatforms":[],"multiprocessCompatible":false,"signedState":0,"seen":true}
1465910565750	DeferredSave.extensions.json	DEBUG	Save changes
1465910565750	addons.xpi	DEBUG	Updating database with changes to installed add-ons
1465910565750	addons.xpi-utils	DEBUG	Updating add-on states
1465910565751	addons.xpi-utils	DEBUG	Writing add-ons list
1465910565752	addons.xpi	DEBUG	Registering manifest for /Applications/Firefox.app/Contents/Resources/browser/features/e10srollout@mozilla.org.xpi
1465910565752	addons.xpi	DEBUG	Calling bootstrap method startup on e10srollout@mozilla.org version 1.0
1465910565752	addons.xpi	DEBUG	Registering manifest for /Applications/Firefox.app/Contents/Resources/browser/features/firefox@getpocket.com.xpi
1465910565753	addons.xpi	DEBUG	Calling bootstrap method startup on firefox@getpocket.com version 1.0.2
1465910565753	addons.xpi	DEBUG	Registering manifest for /Applications/Firefox.app/Contents/Resources/browser/features/loop@mozilla.org.xpi
1465910565754	addons.xpi	DEBUG	Calling bootstrap method startup on loop@mozilla.org version 1.3.2
1465910565771	addons.manager	DEBUG	Registering shutdown blocker for XPIProvider
1465910565771	addons.manager	DEBUG	Provider finished startup: XPIProvider
1465910565771	addons.manager	DEBUG	Starting provider: LightweightThemeManager
1465910565771	addons.manager	DEBUG	Registering shutdown blocker for LightweightThemeManager
1465910565772	addons.manager	DEBUG	Provider finished startup: LightweightThemeManager
1465910565772	addons.manager	DEBUG	Starting provider: GMPProvider
1465910565777	addons.manager	DEBUG	Registering shutdown blocker for GMPProvider
1465910565777	addons.manager	DEBUG	Provider finished startup: GMPProvider
1465910565777	addons.manager	DEBUG	Starting provider: PluginProvider
1465910565777	addons.manager	DEBUG	Registering shutdown blocker for PluginProvider
1465910565777	addons.manager	DEBUG	Provider finished startup: PluginProvider
1465910565777	addons.manager	DEBUG	Completed startup sequence
1465910566047	addons.manager	DEBUG	Starting provider: <unnamed-provider>
1465910566047	addons.manager	DEBUG	Registering shutdown blocker for <unnamed-provider>
1465910566048	addons.manager	DEBUG	Provider finished startup: <unnamed-provider>
1465910566055	DeferredSave.extensions.json	DEBUG	Starting write
1465910566209	addons.repository	DEBUG	No addons.json found.
1465910566210	DeferredSave.addons.json	DEBUG	Save changes
1465910566240	DeferredSave.addons.json	DEBUG	Starting timer
1465910566288	addons.manager	DEBUG	Starting provider: PreviousExperimentProvider
1465910566288	addons.manager	DEBUG	Registering shutdown blocker for PreviousExperimentProvider
1465910566288	addons.manager	DEBUG	Provider finished startup: PreviousExperimentProvider
1465910566293	DeferredSave.extensions.json	DEBUG	Write succeeded
1465910566294	addons.xpi-utils	DEBUG	XPI Database saved, setting schema version preference to 17
1465910566295	DeferredSave.addons.json	DEBUG	Starting write
1465910566320	DeferredSave.addons.json	DEBUG	Write succeeded

Build info: version: '2.53.0', revision: '35ae25b1534ae328c771e0856c93e187490ca824', time: '2016-03-15 10:43:46'
System info: host: 'MacBook-Pro-3.local', ip: '10.100.25.118', os.name: 'Mac OS X', os.arch: 'x86_64', os.version: '10.11.4', java.version: '1.8.0_91'
Driver info: driver.version: FirefoxDriver
	at org.openqa.selenium.firefox.internal.NewProfileExtensionConnection.start(NewProfileExtensionConnection.java:125)
	at org.openqa.selenium.firefox.FirefoxDriver.startClient(FirefoxDriver.java:271)
	at org.openqa.selenium.remote.RemoteWebDriver.<init>(RemoteWebDriver.java:119)
	at org.openqa.selenium.firefox.FirefoxDriver.<init>(FirefoxDriver.java:216)
	at org.openqa.selenium.firefox.FirefoxDriver.<init>(FirefoxDriver.java:211)
	at org.openqa.selenium.firefox.FirefoxDriver.<init>(FirefoxDriver.java:207)
	at org.openqa.selenium.firefox.FirefoxDriver.<init>(FirefoxDriver.java:120)
	at patientClinic.Login.login(Login.java:50)
	at patientClinic.PatientAssessment.Assessment_view_email(PatientAssessment.java:61)
	at sun.reflect.NativeMethodAccessorImpl.invoke0(Native Method)
	at sun.reflect.NativeMethodAccessorImpl.invoke(NativeMethodAccessorImpl.java:62)
	at sun.reflect.DelegatingMethodAccessorImpl.invoke(DelegatingMethodAccessorImpl.java:43)
	at java.lang.reflect.Method.invoke(Method.java:498)
	at org.testng.internal.MethodInvocationHelper.invokeMethod(MethodInvocationHelper.java:80)
	at org.testng.internal.Invoker.invokeMethod(Invoker.java:714)
	at org.testng.internal.Invoker.invokeTestMethod(Invoker.java:901)
	at org.testng.internal.Invoker.invokeTestMethods(Invoker.java:1231)
	at org.testng.internal.TestMethodWorker.invokeTestMethods(TestMethodWorker.java:127)
	at org.testng.internal.TestMethodWorker.run(TestMethodWorker.java:111)
	at org.testng.TestRunner.privateRun(TestRunner.java:767)
	at org.testng.TestRunner.run(TestRunner.java:617)
	at org.testng.SuiteRunner.runTest(SuiteRunner.java:334)
	at org.testng.SuiteRunner.runSequentially(SuiteRunner.java:329)
	at org.testng.SuiteRunner.privateRun(SuiteRunner.java:291)
	at org.testng.SuiteRunner.run(SuiteRunner.java:240)
	at org.testng.SuiteRunnerWorker.runSuite(SuiteRunnerWorker.java:52)
	at org.testng.SuiteRunnerWorker.run(SuiteRunnerWorker.java:86)
	at org.testng.TestNG.runSuitesSequentially(TestNG.java:1198)
	at org.testng.TestNG.runSuitesLocally(TestNG.java:1123)
	at org.testng.TestNG.run(TestNG.java:1031)
	at org.testng.remote.RemoteTestNG.run(RemoteTestNG.java:115)
	at org.testng.remote.RemoteTestNG.initAndRun(RemoteTestNG.java:207)
	at org.testng.remote.RemoteTestNG.main(RemoteTestNG.java:178)
Caused by: org.openqa.selenium.firefox.NotConnectedException: Unable to connect to host 127.0.0.1 on port 7055 after 45000 ms. Firefox console output:
ocal","version":"2.0","type":"extension","internalName":null,"updateURL":null,"updateKey":null,"optionsURL":null,"optionsType":null,"aboutURL":null,"icons":{},"iconURL":"chrome://web2pdfextension/skin/C_AdobeLogo_48x48.png","icon64URL":"chrome://web2pdfextension/skin/C_AdobeLogo_64x64.png","defaultLocale":{"name":"Adobe Acrobat - Create PDF","description":"Converts a web page to PDF","creator":"Adobe Systems Incorporated","homepageURL":"http://www.adobe.com/"},"visible":true,"active":false,"userDisabled":true,"appDisabled":false,"descriptor":"/Library/Application Support/Mozilla/Extensions/{ec8030f7-c20a-464f-9b0e-13a3a9e97384}/web2pdfextension@web2pdf.adobedotcom","installDate":1408552034000,"updateDate":1408552034000,"applyBackgroundUpdates":1,"bootstrap":false,"skinnable":false,"size":135272,"sourceURI":null,"releaseNotesURI":null,"softDisabled":false,"foreignInstall":true,"hasBinaryComponents":false,"strictCompatibility":false,"locales":[],"targetApplications":[{"id":"{ec8030f7-c20a-464f-9b0e-13a3a9e97384}","minVersion":"4.0","maxVersion":"*.*"}],"targetPlatforms":[],"multiprocessCompatible":false,"signedState":0,"seen":true}
1465910565750	DeferredSave.extensions.json	DEBUG	Save changes
1465910565750	addons.xpi	DEBUG	Updating database with changes to installed add-ons
1465910565750	addons.xpi-utils	DEBUG	Updating add-on states
1465910565751	addons.xpi-utils	DEBUG	Writing add-ons list
1465910565752	addons.xpi	DEBUG	Registering manifest for /Applications/Firefox.app/Contents/Resources/browser/features/e10srollout@mozilla.org.xpi
1465910565752	addons.xpi	DEBUG	Calling bootstrap method startup on e10srollout@mozilla.org version 1.0
1465910565752	addons.xpi	DEBUG	Registering manifest for /Applications/Firefox.app/Contents/Resources/browser/features/firefox@getpocket.com.xpi
1465910565753	addons.xpi	DEBUG	Calling bootstrap method startup on firefox@getpocket.com version 1.0.2
1465910565753	addons.xpi	DEBUG	Registering manifest for /Applications/Firefox.app/Contents/Resources/browser/features/loop@mozilla.org.xpi
1465910565754	addons.xpi	DEBUG	Calling bootstrap method startup on loop@mozilla.org version 1.3.2
1465910565771	addons.manager	DEBUG	Registering shutdown blocker for XPIProvider
1465910565771	addons.manager	DEBUG	Provider finished startup: XPIProvider
1465910565771	addons.manager	DEBUG	Starting provider: LightweightThemeManager
1465910565771	addons.manager	DEBUG	Registering shutdown blocker for LightweightThemeManager
1465910565772	addons.manager	DEBUG	Provider finished startup: LightweightThemeManager
1465910565772	addons.manager	DEBUG	Starting provider: GMPProvider
1465910565777	addons.manager	DEBUG	Registering shutdown blocker for GMPProvider
1465910565777	addons.manager	DEBUG	Provider finished startup: GMPProvider
1465910565777	addons.manager	DEBUG	Starting provider: PluginProvider
1465910565777	addons.manager	DEBUG	Registering shutdown blocker for PluginProvider
1465910565777	addons.manager	DEBUG	Provider finished startup: PluginProvider
1465910565777	addons.manager	DEBUG	Completed startup sequence
1465910566047	addons.manager	DEBUG	Starting provider: <unnamed-provider>
1465910566047	addons.manager	DEBUG	Registering shutdown blocker for <unnamed-provider>
1465910566048	addons.manager	DEBUG	Provider finished startup: <unnamed-provider>
1465910566055	DeferredSave.extensions.json	DEBUG	Starting write
1465910566209	addons.repository	DEBUG	No addons.json found.
1465910566210	DeferredSave.addons.json	DEBUG	Save changes
1465910566240	DeferredSave.addons.json	DEBUG	Starting timer
1465910566288	addons.manager	DEBUG	Starting provider: PreviousExperimentProvider
1465910566288	addons.manager	DEBUG	Registering shutdown blocker for PreviousExperimentProvider
1465910566288	addons.manager	DEBUG	Provider finished startup: PreviousExperimentProvider
1465910566293	DeferredSave.extensions.json	DEBUG	Write succeeded
1465910566294	addons.xpi-utils	DEBUG	XPI Database saved, setting schema version preference to 17
1465910566295	DeferredSave.addons.json	DEBUG	Starting write
1465910566320	DeferredSave.addons.json	DEBUG	Write succeeded

	at org.openqa.selenium.firefox.internal.NewProfileExtensionConnection.start(NewProfileExtensionConnection.java:113)
	... 32 more
]]>
    </failure>
  </testcase> <!-- Assessment_view_email -->
</testsuite> <!-- patientClinic.PatientAssessment -->
