<?xml version="1.0" encoding="UTF-8"?>
<!-- Generated by org.testng.reporters.JUnitReportReporter -->
<testsuite hostname="MacBook-Pro-2.local" name="patientClinic.Login" tests="1" failures="0" timestamp="6 May 2016 22:38:24 GMT" time="24.069" errors="0">
  <testcase name="login" time="24.069" classname="patientClinic.Login"/>
</testsuite> <!-- patientClinic.Login -->
