<?xml version="1.0" encoding="UTF-8"?>
<!-- Generated by org.testng.reporters.JUnitReportReporter -->
<testsuite hostname="MacBook-Pro-3.local" name="patientClinic.PatientNotes" tests="5" failures="0" timestamp="11 May 2016 14:37:01 GMT" time="47.394" errors="0">
  <testcase name="Notes_Edit_Cancel_link" time="9.249" classname="patientClinic.PatientNotes"/>
  <testcase name="Add_Note" time="9.731" classname="patientClinic.PatientNotes"/>
  <testcase name="Notes_Delete" time="9.418" classname="patientClinic.PatientNotes"/>
  <testcase name="Notes_Edit" time="9.675" classname="patientClinic.PatientNotes"/>
  <testcase name="Notes_Add_Cancel_link" time="9.321" classname="patientClinic.PatientNotes"/>
</testsuite> <!-- patientClinic.PatientNotes -->
