<?xml version="1.0" encoding="UTF-8"?>
<!-- Generated by org.testng.reporters.JUnitReportReporter -->
<testsuite hostname="MacBook-Pro.local" name="patientClinic.PatientJournal" tests="2" failures="0" timestamp="3 May 2016 18:32:35 GMT" time="21.698" errors="0">
  <testcase name="Journal_View" time="9.601" classname="patientClinic.PatientJournal"/>
  <testcase name="Journal_New_Entry" time="12.097" classname="patientClinic.PatientJournal"/>
</testsuite> <!-- patientClinic.PatientJournal -->
