<?xml version="1.0" encoding="UTF-8"?>
<!-- Generated by org.testng.reporters.JUnitReportReporter -->
<testsuite hostname="MacBook-Pro-3.local" name="practitionerClinic.Practitioner_Assign_Survey" tests="1" failures="0" timestamp="27 May 2016 12:52:14 GMT" time="17.201" errors="0">
  <testcase name="assign_survey" time="17.201" classname="practitionerClinic.Practitioner_Assign_Survey"/>
</testsuite> <!-- practitionerClinic.Practitioner_Assign_Survey -->
