<?xml version="1.0" encoding="UTF-8"?>
<!-- Generated by org.testng.reporters.JUnitReportReporter -->
<testsuite hostname="MacBook-Pro.local" name="practitionerClinic.PracLogin" tests="1" failures="0" timestamp="4 May 2016 12:22:47 GMT" time="7.381" errors="0">
  <testcase name="login" time="7.381" classname="practitionerClinic.PracLogin"/>
</testsuite> <!-- practitionerClinic.PracLogin -->
