<?xml version="1.0" encoding="UTF-8"?>
<!-- Generated by org.testng.reporters.JUnitReportReporter -->
<testsuite hostname="KLS-00004.local" name="patientClinic.PatientCalendar" tests="3" failures="0" timestamp="29 Apr 2016 12:29:01 GMT" time="52.669" errors="0">
  <testcase name="Calendar_Add_Event" time="20.842" classname="patientClinic.PatientCalendar"/>
  <testcase name="Calendar_Add_Event_Cancel" time="16.508" classname="patientClinic.PatientCalendar"/>
  <testcase name="Calendar_Export" time="15.319" classname="patientClinic.PatientCalendar"/>
</testsuite> <!-- patientClinic.PatientCalendar -->
