<?xml version="1.0" encoding="UTF-8"?>
<!-- Generated by org.testng.reporters.JUnitReportReporter -->
<testsuite hostname="MacBook-Pro-3.lan" name="patientClinic.PatientResources" tests="5" failures="0" timestamp="5 Jun 2016 18:10:43 GMT" time="52.330" errors="0">
  <testcase name="Resources_Edit_Cancel_link" time="9.888" classname="patientClinic.PatientResources"/>
  <testcase name="Resources_Delete" time="9.486" classname="patientClinic.PatientResources"/>
  <testcase name="Resources_Add_Cancel_link" time="9.847" classname="patientClinic.PatientResources"/>
  <testcase name="Add_Resources" time="12.802" classname="patientClinic.PatientResources"/>
  <testcase name="Edit_Resources" time="10.307" classname="patientClinic.PatientResources"/>
</testsuite> <!-- patientClinic.PatientResources -->
