<?xml version="1.0" encoding="UTF-8"?>
<!-- Generated by org.testng.reporters.JUnitReportReporter -->
<testsuite hostname="MacBook-Pro-3.local" name="patientClinic.PatientAssessment" tests="4" failures="0" timestamp="12 May 2016 15:28:52 GMT" time="55.026" errors="0">
  <testcase name="Assessment_view_icon" time="16.146" classname="patientClinic.PatientAssessment"/>
  <testcase name="Assessment_View_Back" time="14.330" classname="patientClinic.PatientAssessment"/>
  <testcase name="Assessment_view_email" time="13.403" classname="patientClinic.PatientAssessment"/>
  <testcase name="Assessment_View_Print" time="11.147" classname="patientClinic.PatientAssessment"/>
</testsuite> <!-- patientClinic.PatientAssessment -->
