<?xml version="1.0" encoding="UTF-8"?>
<!-- Generated by org.testng.reporters.JUnitReportReporter -->
<testsuite hostname="KLS-00004.local" name="adminClinic.AdminLogin" tests="1" failures="0" timestamp="22 Apr 2016 18:19:04 GMT" time="12.547" errors="0">
  <testcase name="adminlogin" time="12.547" classname="adminClinic.AdminLogin"/>
</testsuite> <!-- adminClinic.AdminLogin -->
