<?xml version="1.0" encoding="UTF-8"?>
<!-- Generated by org.testng.reporters.JUnitReportReporter -->
<testsuite hostname="MacBook-Pro-3.local" name="practitionerClinic.PracLogin" tests="1" failures="0" timestamp="26 May 2016 12:12:38 GMT" time="7.656" errors="0">
  <testcase name="login" time="7.656" classname="practitionerClinic.PracLogin"/>
</testsuite> <!-- practitionerClinic.PracLogin -->
