<?xml version="1.0" encoding="UTF-8"?>
<!-- Generated by org.testng.reporters.JUnitReportReporter -->
<testsuite hostname="MacBook-Pro-3.local" name="patientClinic.PatientCalendar" tests="3" failures="0" timestamp="12 May 2016 17:44:35 GMT" time="39.086" errors="0">
  <testcase name="Calendar_Add_Event_Cancel" time="12.117" classname="patientClinic.PatientCalendar"/>
  <testcase name="Calendar_Add_Event" time="16.789" classname="patientClinic.PatientCalendar"/>
  <testcase name="Calendar_Export" time="10.180" classname="patientClinic.PatientCalendar"/>
</testsuite> <!-- patientClinic.PatientCalendar -->
