<?xml version="1.0" encoding="UTF-8"?>
<!-- Generated by org.testng.reporters.JUnitReportReporter -->
<testsuite hostname="MacBook-Pro-3.lan" name="patientClinic.PatientNotes" tests="5" failures="0" timestamp="5 Jun 2016 18:10:43 GMT" time="52.286" errors="0">
  <testcase name="Add_Note" time="12.078" classname="patientClinic.PatientNotes"/>
  <testcase name="Notes_Delete" time="9.656" classname="patientClinic.PatientNotes"/>
  <testcase name="Notes_Edit_Cancel_link" time="9.751" classname="patientClinic.PatientNotes"/>
  <testcase name="Notes_Add_Cancel_link" time="10.786" classname="patientClinic.PatientNotes"/>
  <testcase name="Notes_Edit" time="10.015" classname="patientClinic.PatientNotes"/>
</testsuite> <!-- patientClinic.PatientNotes -->
