<?xml version="1.0" encoding="UTF-8"?>
<!-- Generated by org.testng.reporters.JUnitReportReporter -->
<testsuite hostname="MacBook-Pro.local" name="patientClinic.PatientResources" tests="5" failures="0" timestamp="4 May 2016 12:43:58 GMT" time="43.963" errors="0">
  <testcase name="Resources_Edit_Cancel_link" time="8.632" classname="patientClinic.PatientResources"/>
  <testcase name="Resources_Delete" time="8.694" classname="patientClinic.PatientResources"/>
  <testcase name="Add_Resources" time="8.970" classname="patientClinic.PatientResources"/>
  <testcase name="Resources_Add_Cancel_link" time="8.521" classname="patientClinic.PatientResources"/>
  <testcase name="Edit_Resources" time="9.146" classname="patientClinic.PatientResources"/>
</testsuite> <!-- patientClinic.PatientResources -->
