<?xml version="1.0" encoding="UTF-8"?>
<!-- Generated by org.testng.reporters.JUnitReportReporter -->
<testsuite hostname="KLS-00004.local" name="practitionerClinic.BuildProtocol" tests="1" failures="0" timestamp="1 May 2016 12:55:14 GMT" time="26.710" errors="0">
  <testcase name="protocol" time="26.710" classname="practitionerClinic.BuildProtocol"/>
</testsuite> <!-- practitionerClinic.BuildProtocol -->
