<?xml version="1.0" encoding="UTF-8"?>
<!-- Generated by org.testng.reporters.JUnitReportReporter -->
<testsuite hostname="MacBook-Pro-3.local" name="practitionerClinic.SearchPatient" tests="2" failures="0" timestamp="19 Jun 2016 21:12:06 GMT" time="13.699" errors="0">
  <testcase name="searchPatient" time="7.335" classname="practitionerClinic.SearchPatient"/>
  <testcase name="searchClear" time="6.364" classname="practitionerClinic.SearchPatient"/>
</testsuite> <!-- practitionerClinic.SearchPatient -->
