<?xml version="1.0" encoding="UTF-8"?>
<!-- Generated by org.testng.reporters.JUnitReportReporter -->
<testsuite hostname="MacBook-Pro-3.local" name="patientClinic.PatientResources" tests="5" failures="0" timestamp="11 May 2016 14:37:01 GMT" time="48.141" errors="0">
  <testcase name="Add_Resources" time="10.125" classname="patientClinic.PatientResources"/>
  <testcase name="Edit_Resources" time="9.886" classname="patientClinic.PatientResources"/>
  <testcase name="Resources_Edit_Cancel_link" time="9.452" classname="patientClinic.PatientResources"/>
  <testcase name="Resources_Delete" time="9.420" classname="patientClinic.PatientResources"/>
  <testcase name="Resources_Add_Cancel_link" time="9.258" classname="patientClinic.PatientResources"/>
</testsuite> <!-- patientClinic.PatientResources -->
