<?xml version="1.0" encoding="UTF-8"?>
<!-- Generated by org.testng.reporters.JUnitReportReporter -->
<testsuite hostname="MacBook-Pro-3.local" name="patientClinic.PatientResources" tests="5" failures="0" timestamp="18 May 2016 00:58:56 GMT" time="50.036" errors="0">
  <testcase name="Edit_Resources" time="10.832" classname="patientClinic.PatientResources"/>
  <testcase name="Add_Resources" time="10.152" classname="patientClinic.PatientResources"/>
  <testcase name="Resources_Add_Cancel_link" time="9.792" classname="patientClinic.PatientResources"/>
  <testcase name="Resources_Edit_Cancel_link" time="9.888" classname="patientClinic.PatientResources"/>
  <testcase name="Resources_Delete" time="9.372" classname="patientClinic.PatientResources"/>
</testsuite> <!-- patientClinic.PatientResources -->
