<?xml version="1.0" encoding="UTF-8"?>
<!-- Generated by org.testng.reporters.JUnitReportReporter -->
<testsuite hostname="MacBook-Pro-3.local" name="patientClinic.PatientMessage" tests="5" failures="0" timestamp="18 May 2016 00:58:56 GMT" time="60.195" errors="0">
  <testcase name="Message_Hide" time="11.853" classname="patientClinic.PatientMessage"/>
  <testcase name="Post_Message" time="14.438" classname="patientClinic.PatientMessage"/>
  <testcase name="Message_Show" time="10.484" classname="patientClinic.PatientMessage"/>
  <testcase name="Post_Message_Cancel_link" time="11.966" classname="patientClinic.PatientMessage"/>
  <testcase name="Message_Delete" time="11.454" classname="patientClinic.PatientMessage"/>
</testsuite> <!-- patientClinic.PatientMessage -->
