<?xml version="1.0" encoding="UTF-8"?>
<!-- Generated by org.testng.reporters.JUnitReportReporter -->
<testsuite hostname="KLS-00004.local" name="patientClinic.PatientNotes" tests="5" failures="0" timestamp="27 Apr 2016 13:43:01 GMT" time="99.524" errors="0">
  <testcase name="Notes_Delete" time="20.777" classname="patientClinic.PatientNotes"/>
  <testcase name="Add_Note" time="22.146" classname="patientClinic.PatientNotes"/>
  <testcase name="Notes_Edit_Cancel_link" time="24.458" classname="patientClinic.PatientNotes"/>
  <testcase name="Notes_Add_Cancel_link" time="16.668" classname="patientClinic.PatientNotes"/>
  <testcase name="Notes_Edit" time="15.475" classname="patientClinic.PatientNotes"/>
</testsuite> <!-- patientClinic.PatientNotes -->
