<?xml version="1.0" encoding="UTF-8"?>
<!-- Generated by org.testng.reporters.JUnitReportReporter -->
<testsuite hostname="MacBook-Pro-2.local" name="practitionerClinic.PracLogin" tests="1" failures="0" timestamp="6 May 2016 16:17:17 GMT" time="7.654" errors="0">
  <testcase name="login" time="7.654" classname="practitionerClinic.PracLogin"/>
</testsuite> <!-- practitionerClinic.PracLogin -->
