<?xml version="1.0" encoding="UTF-8"?>
<!-- Generated by org.testng.reporters.JUnitReportReporter -->
<testsuite hostname="KLS-00004.local" name="patientClinic.PatientDashboard" tests="2" failures="2" timestamp="27 Apr 2016 13:43:01 GMT" time="35.936" errors="0">
  <testcase name="procedure" time="13.842" classname="patientClinic.PatientDashboard">
    <failure type="org.openqa.selenium.NoSuchWindowException" message="{&quot;errorMessage&quot;:&quot;Unable to close window (closed already?)&quot;,&quot;request&quot;:{&quot;headers&quot;:{&quot;Accept-Encoding&quot;:&quot;gzip,deflate&quot;,&quot;Connection&quot;:&quot;Keep-Alive&quot;,&quot;Host&quot;:&quot;localhost:48899&quot;,&quot;User-Agent&quot;:&quot;Apache-HttpClient/4.3.4 (java 1.5)&quot;},&quot;httpVersion&quot;:&quot;1.1&quot;,&quot;method&quot;:&quot;DELETE&quot;,&quot;url&quot;:&quot;/window&quot;,&quot;urlParsed&quot;:{&quot;anchor&quot;:&quot;&quot;,&quot;query&quot;:&quot;&quot;,&quot;file&quot;:&quot;window&quot;,&quot;directory&quot;:&quot;/&quot;,&quot;path&quot;:&quot;/window&quot;,&quot;relative&quot;:&quot;/window&quot;,&quot;port&quot;:&quot;&quot;,&quot;host&quot;:&quot;&quot;,&quot;password&quot;:&quot;&quot;,&quot;user&quot;:&quot;&quot;,&quot;userInfo&quot;:&quot;&quot;,&quot;authority&quot;:&quot;&quot;,&quot;protocol&quot;:&quot;&quot;,&quot;source&quot;:&quot;/window&quot;,&quot;queryKey&quot;:{},&quot;chunks&quot;:[&quot;window&quot;]},&quot;urlOriginal&quot;:&quot;/session/cb194dd0-0c7c-11e6-afef-1f14e30f8a3f/window&quot;}}
Command duration or timeout: 19 milliseconds
Build info: version: &#039;2.44.0&#039;, revision: &#039;76d78cf323ce037c5f92db6c1bba601c2ac43ad8&#039;, time: &#039;2014-10-23 13:11:40&#039;
System info: host: &#039;KLS-00004.local&#039;, ip: &#039;10.1.1.10&#039;, os.name: &#039;Mac OS X&#039;, os.arch: &#039;x86_64&#039;, os.version: &#039;10.11.4&#039;, java.version: &#039;1.8.0_77&#039;
Driver info: org.openqa.selenium.phantomjs.PhantomJSDriver
Capabilities [{applicationCacheEnabled=false, rotatable=false, handlesAlerts=false, databaseEnabled=false, version=2.1.1, platform=MAC, browserConnectionEnabled=false, proxy={proxyType=direct}, nativeEvents=true, acceptSslCerts=false, driverVersion=1.2.0, locationContextEnabled=false, webStorageEnabled=false, browserName=phantomjs, takesScreenshot=true, driverName=ghostdriver, javascriptEnabled=true, cssSelectorsEnabled=true}]
Session ID: cb194dd0-0c7c-11e6-afef-1f14e30f8a3f">
      <![CDATA[org.openqa.selenium.NoSuchWindowException: {"errorMessage":"Unable to close window (closed already?)","request":{"headers":{"Accept-Encoding":"gzip,deflate","Connection":"Keep-Alive","Host":"localhost:48899","User-Agent":"Apache-HttpClient/4.3.4 (java 1.5)"},"httpVersion":"1.1","method":"DELETE","url":"/window","urlParsed":{"anchor":"","query":"","file":"window","directory":"/","path":"/window","relative":"/window","port":"","host":"","password":"","user":"","userInfo":"","authority":"","protocol":"","source":"/window","queryKey":{},"chunks":["window"]},"urlOriginal":"/session/cb194dd0-0c7c-11e6-afef-1f14e30f8a3f/window"}}
Command duration or timeout: 19 milliseconds
Build info: version: '2.44.0', revision: '76d78cf323ce037c5f92db6c1bba601c2ac43ad8', time: '2014-10-23 13:11:40'
System info: host: 'KLS-00004.local', ip: '10.1.1.10', os.name: 'Mac OS X', os.arch: 'x86_64', os.version: '10.11.4', java.version: '1.8.0_77'
Driver info: org.openqa.selenium.phantomjs.PhantomJSDriver
Capabilities [{applicationCacheEnabled=false, rotatable=false, handlesAlerts=false, databaseEnabled=false, version=2.1.1, platform=MAC, browserConnectionEnabled=false, proxy={proxyType=direct}, nativeEvents=true, acceptSslCerts=false, driverVersion=1.2.0, locationContextEnabled=false, webStorageEnabled=false, browserName=phantomjs, takesScreenshot=true, driverName=ghostdriver, javascriptEnabled=true, cssSelectorsEnabled=true}]
Session ID: cb194dd0-0c7c-11e6-afef-1f14e30f8a3f
	at sun.reflect.NativeConstructorAccessorImpl.newInstance0(Native Method)
	at sun.reflect.NativeConstructorAccessorImpl.newInstance(NativeConstructorAccessorImpl.java:62)
	at sun.reflect.DelegatingConstructorAccessorImpl.newInstance(DelegatingConstructorAccessorImpl.java:45)
	at java.lang.reflect.Constructor.newInstance(Constructor.java:423)
	at org.openqa.selenium.remote.ErrorHandler.createThrowable(ErrorHandler.java:204)
	at org.openqa.selenium.remote.ErrorHandler.throwIfResponseFailed(ErrorHandler.java:156)
	at org.openqa.selenium.remote.RemoteWebDriver.execute(RemoteWebDriver.java:599)
	at org.openqa.selenium.remote.RemoteWebDriver.execute(RemoteWebDriver.java:614)
	at org.openqa.selenium.remote.RemoteWebDriver.close(RemoteWebDriver.java:463)
	at patientClinic.PatientDashboard.procedure(PatientDashboard.java:121)
	at sun.reflect.NativeMethodAccessorImpl.invoke0(Native Method)
	at sun.reflect.NativeMethodAccessorImpl.invoke(NativeMethodAccessorImpl.java:62)
	at sun.reflect.DelegatingMethodAccessorImpl.invoke(DelegatingMethodAccessorImpl.java:43)
	at java.lang.reflect.Method.invoke(Method.java:498)
	at org.testng.internal.MethodInvocationHelper.invokeMethod(MethodInvocationHelper.java:80)
	at org.testng.internal.Invoker.invokeMethod(Invoker.java:714)
	at org.testng.internal.Invoker.invokeTestMethod(Invoker.java:901)
	at org.testng.internal.Invoker.invokeTestMethods(Invoker.java:1231)
	at org.testng.internal.TestMethodWorker.invokeTestMethods(TestMethodWorker.java:127)
	at org.testng.internal.TestMethodWorker.run(TestMethodWorker.java:111)
	at org.testng.TestRunner.privateRun(TestRunner.java:767)
	at org.testng.TestRunner.run(TestRunner.java:617)
	at org.testng.SuiteRunner.runTest(SuiteRunner.java:334)
	at org.testng.SuiteRunner.runSequentially(SuiteRunner.java:329)
	at org.testng.SuiteRunner.privateRun(SuiteRunner.java:291)
	at org.testng.SuiteRunner.run(SuiteRunner.java:240)
	at org.testng.SuiteRunnerWorker.runSuite(SuiteRunnerWorker.java:52)
	at org.testng.SuiteRunnerWorker.run(SuiteRunnerWorker.java:86)
	at org.testng.TestNG.runSuitesSequentially(TestNG.java:1198)
	at org.testng.TestNG.runSuitesLocally(TestNG.java:1123)
	at org.testng.TestNG.run(TestNG.java:1031)
	at org.testng.remote.RemoteTestNG.run(RemoteTestNG.java:115)
	at org.testng.remote.RemoteTestNG.initAndRun(RemoteTestNG.java:207)
	at org.testng.remote.RemoteTestNG.main(RemoteTestNG.java:178)
Caused by: org.openqa.selenium.remote.ScreenshotException: Screen shot has been taken
Build info: version: '2.44.0', revision: '76d78cf323ce037c5f92db6c1bba601c2ac43ad8', time: '2014-10-23 13:11:40'
System info: host: 'KLS-00004.local', ip: '10.1.1.10', os.name: 'Mac OS X', os.arch: 'x86_64', os.version: '10.11.4', java.version: '1.8.0_77'
Driver info: driver.version: RemoteWebDriver
	at org.openqa.selenium.remote.ErrorHandler.throwIfResponseFailed(ErrorHandler.java:136)
	... 28 more
Caused by: org.openqa.selenium.NoSuchWindowException: {"errorMessage":"Unable to close window (closed already?)","request":{"headers":{"Accept-Encoding":"gzip,deflate","Connection":"Keep-Alive","Host":"localhost:48899","User-Agent":"Apache-HttpClient/4.3.4 (java 1.5)"},"httpVersion":"1.1","method":"DELETE","url":"/window","urlParsed":{"anchor":"","query":"","file":"window","directory":"/","path":"/window","relative":"/window","port":"","host":"","password":"","user":"","userInfo":"","authority":"","protocol":"","source":"/window","queryKey":{},"chunks":["window"]},"urlOriginal":"/session/cb194dd0-0c7c-11e6-afef-1f14e30f8a3f/window"}}
Build info: version: '2.44.0', revision: '76d78cf323ce037c5f92db6c1bba601c2ac43ad8', time: '2014-10-23 13:11:40'
System info: host: 'KLS-00004.local', ip: '10.1.1.10', os.name: 'Mac OS X', os.arch: 'x86_64', os.version: '10.11.4', java.version: '1.8.0_77'
Driver info: driver.version: unknown
]]>
    </failure>
  </testcase> <!-- procedure -->
  <testcase name="condition" time="22.094" classname="patientClinic.PatientDashboard">
    <failure type="org.openqa.selenium.NoSuchWindowException" message="{&quot;errorMessage&quot;:&quot;Unable to close window (closed already?)&quot;,&quot;request&quot;:{&quot;headers&quot;:{&quot;Accept-Encoding&quot;:&quot;gzip,deflate&quot;,&quot;Connection&quot;:&quot;Keep-Alive&quot;,&quot;Host&quot;:&quot;localhost:18725&quot;,&quot;User-Agent&quot;:&quot;Apache-HttpClient/4.3.4 (java 1.5)&quot;},&quot;httpVersion&quot;:&quot;1.1&quot;,&quot;method&quot;:&quot;DELETE&quot;,&quot;url&quot;:&quot;/window&quot;,&quot;urlParsed&quot;:{&quot;anchor&quot;:&quot;&quot;,&quot;query&quot;:&quot;&quot;,&quot;file&quot;:&quot;window&quot;,&quot;directory&quot;:&quot;/&quot;,&quot;path&quot;:&quot;/window&quot;,&quot;relative&quot;:&quot;/window&quot;,&quot;port&quot;:&quot;&quot;,&quot;host&quot;:&quot;&quot;,&quot;password&quot;:&quot;&quot;,&quot;user&quot;:&quot;&quot;,&quot;userInfo&quot;:&quot;&quot;,&quot;authority&quot;:&quot;&quot;,&quot;protocol&quot;:&quot;&quot;,&quot;source&quot;:&quot;/window&quot;,&quot;queryKey&quot;:{},&quot;chunks&quot;:[&quot;window&quot;]},&quot;urlOriginal&quot;:&quot;/session/bfd9f870-0c7c-11e6-b135-ed23bf9ed446/window&quot;}}
Command duration or timeout: 27 milliseconds
Build info: version: &#039;2.44.0&#039;, revision: &#039;76d78cf323ce037c5f92db6c1bba601c2ac43ad8&#039;, time: &#039;2014-10-23 13:11:40&#039;
System info: host: &#039;KLS-00004.local&#039;, ip: &#039;10.1.1.10&#039;, os.name: &#039;Mac OS X&#039;, os.arch: &#039;x86_64&#039;, os.version: &#039;10.11.4&#039;, java.version: &#039;1.8.0_77&#039;
Driver info: org.openqa.selenium.phantomjs.PhantomJSDriver
Capabilities [{applicationCacheEnabled=false, rotatable=false, handlesAlerts=false, databaseEnabled=false, version=2.1.1, platform=MAC, browserConnectionEnabled=false, proxy={proxyType=direct}, nativeEvents=true, acceptSslCerts=false, driverVersion=1.2.0, locationContextEnabled=false, webStorageEnabled=false, browserName=phantomjs, takesScreenshot=true, driverName=ghostdriver, javascriptEnabled=true, cssSelectorsEnabled=true}]
Session ID: bfd9f870-0c7c-11e6-b135-ed23bf9ed446">
      <![CDATA[org.openqa.selenium.NoSuchWindowException: {"errorMessage":"Unable to close window (closed already?)","request":{"headers":{"Accept-Encoding":"gzip,deflate","Connection":"Keep-Alive","Host":"localhost:18725","User-Agent":"Apache-HttpClient/4.3.4 (java 1.5)"},"httpVersion":"1.1","method":"DELETE","url":"/window","urlParsed":{"anchor":"","query":"","file":"window","directory":"/","path":"/window","relative":"/window","port":"","host":"","password":"","user":"","userInfo":"","authority":"","protocol":"","source":"/window","queryKey":{},"chunks":["window"]},"urlOriginal":"/session/bfd9f870-0c7c-11e6-b135-ed23bf9ed446/window"}}
Command duration or timeout: 27 milliseconds
Build info: version: '2.44.0', revision: '76d78cf323ce037c5f92db6c1bba601c2ac43ad8', time: '2014-10-23 13:11:40'
System info: host: 'KLS-00004.local', ip: '10.1.1.10', os.name: 'Mac OS X', os.arch: 'x86_64', os.version: '10.11.4', java.version: '1.8.0_77'
Driver info: org.openqa.selenium.phantomjs.PhantomJSDriver
Capabilities [{applicationCacheEnabled=false, rotatable=false, handlesAlerts=false, databaseEnabled=false, version=2.1.1, platform=MAC, browserConnectionEnabled=false, proxy={proxyType=direct}, nativeEvents=true, acceptSslCerts=false, driverVersion=1.2.0, locationContextEnabled=false, webStorageEnabled=false, browserName=phantomjs, takesScreenshot=true, driverName=ghostdriver, javascriptEnabled=true, cssSelectorsEnabled=true}]
Session ID: bfd9f870-0c7c-11e6-b135-ed23bf9ed446
	at sun.reflect.NativeConstructorAccessorImpl.newInstance0(Native Method)
	at sun.reflect.NativeConstructorAccessorImpl.newInstance(NativeConstructorAccessorImpl.java:62)
	at sun.reflect.DelegatingConstructorAccessorImpl.newInstance(DelegatingConstructorAccessorImpl.java:45)
	at java.lang.reflect.Constructor.newInstance(Constructor.java:423)
	at org.openqa.selenium.remote.ErrorHandler.createThrowable(ErrorHandler.java:204)
	at org.openqa.selenium.remote.ErrorHandler.throwIfResponseFailed(ErrorHandler.java:156)
	at org.openqa.selenium.remote.RemoteWebDriver.execute(RemoteWebDriver.java:599)
	at org.openqa.selenium.remote.RemoteWebDriver.execute(RemoteWebDriver.java:614)
	at org.openqa.selenium.remote.RemoteWebDriver.close(RemoteWebDriver.java:463)
	at patientClinic.PatientDashboard.condition(PatientDashboard.java:64)
	at sun.reflect.NativeMethodAccessorImpl.invoke0(Native Method)
	at sun.reflect.NativeMethodAccessorImpl.invoke(NativeMethodAccessorImpl.java:62)
	at sun.reflect.DelegatingMethodAccessorImpl.invoke(DelegatingMethodAccessorImpl.java:43)
	at java.lang.reflect.Method.invoke(Method.java:498)
	at org.testng.internal.MethodInvocationHelper.invokeMethod(MethodInvocationHelper.java:80)
	at org.testng.internal.Invoker.invokeMethod(Invoker.java:714)
	at org.testng.internal.Invoker.invokeTestMethod(Invoker.java:901)
	at org.testng.internal.Invoker.invokeTestMethods(Invoker.java:1231)
	at org.testng.internal.TestMethodWorker.invokeTestMethods(TestMethodWorker.java:127)
	at org.testng.internal.TestMethodWorker.run(TestMethodWorker.java:111)
	at org.testng.TestRunner.privateRun(TestRunner.java:767)
	at org.testng.TestRunner.run(TestRunner.java:617)
	at org.testng.SuiteRunner.runTest(SuiteRunner.java:334)
	at org.testng.SuiteRunner.runSequentially(SuiteRunner.java:329)
	at org.testng.SuiteRunner.privateRun(SuiteRunner.java:291)
	at org.testng.SuiteRunner.run(SuiteRunner.java:240)
	at org.testng.SuiteRunnerWorker.runSuite(SuiteRunnerWorker.java:52)
	at org.testng.SuiteRunnerWorker.run(SuiteRunnerWorker.java:86)
	at org.testng.TestNG.runSuitesSequentially(TestNG.java:1198)
	at org.testng.TestNG.runSuitesLocally(TestNG.java:1123)
	at org.testng.TestNG.run(TestNG.java:1031)
	at org.testng.remote.RemoteTestNG.run(RemoteTestNG.java:115)
	at org.testng.remote.RemoteTestNG.initAndRun(RemoteTestNG.java:207)
	at org.testng.remote.RemoteTestNG.main(RemoteTestNG.java:178)
Caused by: org.openqa.selenium.remote.ScreenshotException: Screen shot has been taken
Build info: version: '2.44.0', revision: '76d78cf323ce037c5f92db6c1bba601c2ac43ad8', time: '2014-10-23 13:11:40'
System info: host: 'KLS-00004.local', ip: '10.1.1.10', os.name: 'Mac OS X', os.arch: 'x86_64', os.version: '10.11.4', java.version: '1.8.0_77'
Driver info: driver.version: RemoteWebDriver
	at org.openqa.selenium.remote.ErrorHandler.throwIfResponseFailed(ErrorHandler.java:136)
	... 28 more
Caused by: org.openqa.selenium.NoSuchWindowException: {"errorMessage":"Unable to close window (closed already?)","request":{"headers":{"Accept-Encoding":"gzip,deflate","Connection":"Keep-Alive","Host":"localhost:18725","User-Agent":"Apache-HttpClient/4.3.4 (java 1.5)"},"httpVersion":"1.1","method":"DELETE","url":"/window","urlParsed":{"anchor":"","query":"","file":"window","directory":"/","path":"/window","relative":"/window","port":"","host":"","password":"","user":"","userInfo":"","authority":"","protocol":"","source":"/window","queryKey":{},"chunks":["window"]},"urlOriginal":"/session/bfd9f870-0c7c-11e6-b135-ed23bf9ed446/window"}}
Build info: version: '2.44.0', revision: '76d78cf323ce037c5f92db6c1bba601c2ac43ad8', time: '2014-10-23 13:11:40'
System info: host: 'KLS-00004.local', ip: '10.1.1.10', os.name: 'Mac OS X', os.arch: 'x86_64', os.version: '10.11.4', java.version: '1.8.0_77'
Driver info: driver.version: unknown
]]>
    </failure>
  </testcase> <!-- condition -->
</testsuite> <!-- patientClinic.PatientDashboard -->
