<?xml version="1.0" encoding="UTF-8"?>
<!-- Generated by org.testng.reporters.JUnitReportReporter -->
<testsuite hostname="KLS-00004.local" name="practitionerClinic.RecentActivity" tests="1" failures="0" timestamp="28 Apr 2016 15:33:06 GMT" time="24.092" errors="0">
  <testcase name="recentActivity" time="24.092" classname="practitionerClinic.RecentActivity"/>
</testsuite> <!-- practitionerClinic.RecentActivity -->
