<?xml version="1.0" encoding="UTF-8"?>
<!-- Generated by org.testng.reporters.JUnitReportReporter -->
<testsuite hostname="MacBook-Pro-3.local" name="practitionerClinic.FAQ_Builder" tests="6" failures="0" timestamp="20 May 2016 11:48:21 GMT" time="66.554" errors="0">
  <testcase name="Search_Clear_faq_builder" time="9.268" classname="practitionerClinic.FAQ_Builder"/>
  <testcase name="Search_faq_builder" time="9.375" classname="practitionerClinic.FAQ_Builder"/>
  <testcase name="create_faq_builder_Practitioner" time="16.290" classname="practitionerClinic.FAQ_Builder"/>
  <testcase name="create_faq_builder_cancel_button" time="11.432" classname="practitionerClinic.FAQ_Builder"/>
  <testcase name="faq_builder_sort_Question" time="9.026" classname="practitionerClinic.FAQ_Builder"/>
  <testcase name="delete_faq_builder" time="11.163" classname="practitionerClinic.FAQ_Builder"/>
</testsuite> <!-- practitionerClinic.FAQ_Builder -->
