<?xml version="1.0" encoding="UTF-8"?>
<!-- Generated by org.testng.reporters.JUnitReportReporter -->
<testsuite hostname="MacBook-Pro-3.local" name="patientClinic.PatientJournal" tests="2" failures="0" timestamp="11 May 2016 14:37:01 GMT" time="21.927" errors="0">
  <testcase name="Journal_New_Entry" time="12.113" classname="patientClinic.PatientJournal"/>
  <testcase name="Journal_View" time="9.814" classname="patientClinic.PatientJournal"/>
</testsuite> <!-- patientClinic.PatientJournal -->
