<?xml version="1.0" encoding="UTF-8"?>
<!-- Generated by org.testng.reporters.JUnitReportReporter -->
<testsuite hostname="KLS-00004.local" name="patientClinic.PatientCalendar" tests="3" failures="0" timestamp="27 Apr 2016 15:20:55 GMT" time="47.439" errors="0">
  <testcase name="Calendar_Export" time="11.807" classname="patientClinic.PatientCalendar"/>
  <testcase name="Calendar_Add_Event" time="18.551" classname="patientClinic.PatientCalendar"/>
  <testcase name="Calendar_Add_Event_Cancel" time="17.081" classname="patientClinic.PatientCalendar"/>
</testsuite> <!-- patientClinic.PatientCalendar -->
