<?xml version="1.0" encoding="UTF-8"?>
<!-- Generated by org.testng.reporters.JUnitReportReporter -->
<testsuite hostname="KLS-00004.local" name="practitionerClinic.AddPatient" tests="2" failures="0" timestamp="28 Apr 2016 13:34:24 GMT" time="56.451" errors="0">
  <testcase name="addPatient" time="35.480" classname="practitionerClinic.AddPatient"/>
  <testcase name="addPatient_cancel_link" time="20.971" classname="practitionerClinic.AddPatient"/>
</testsuite> <!-- practitionerClinic.AddPatient -->
