<?xml version="1.0" encoding="UTF-8"?>
<!-- Generated by org.testng.reporters.JUnitReportReporter -->
<testsuite hostname="MacBook-Pro.local" name="patientClinic.PatientResources" tests="5" failures="0" timestamp="3 May 2016 18:32:35 GMT" time="48.378" errors="0">
  <testcase name="Resources_Edit_Cancel_link" time="9.480" classname="patientClinic.PatientResources"/>
  <testcase name="Resources_Delete" time="9.124" classname="patientClinic.PatientResources"/>
  <testcase name="Add_Resources" time="9.586" classname="patientClinic.PatientResources"/>
  <testcase name="Resources_Add_Cancel_link" time="9.575" classname="patientClinic.PatientResources"/>
  <testcase name="Edit_Resources" time="10.613" classname="patientClinic.PatientResources"/>
</testsuite> <!-- patientClinic.PatientResources -->
