<?xml version="1.0" encoding="UTF-8"?>
<!-- Generated by org.testng.reporters.JUnitReportReporter -->
<testsuite hostname="KLS-00004.local" name="patientClinic.PatientAssessment" tests="4" failures="0" timestamp="29 Apr 2016 12:29:01 GMT" time="47.138" errors="0">
  <testcase name="Assessment_View_Print" time="11.192" classname="patientClinic.PatientAssessment"/>
  <testcase name="Assessment_View_Back" time="11.338" classname="patientClinic.PatientAssessment"/>
  <testcase name="Assessment_view_icon" time="13.343" classname="patientClinic.PatientAssessment"/>
  <testcase name="Assessment_view_email" time="11.265" classname="patientClinic.PatientAssessment"/>
</testsuite> <!-- patientClinic.PatientAssessment -->
