<?xml version="1.0" encoding="UTF-8"?>
<!-- Generated by org.testng.reporters.JUnitReportReporter -->
<testsuite hostname="MacBook-Pro.local" name="patientClinic.PatientNotes" tests="5" failures="0" timestamp="3 May 2016 18:32:35 GMT" time="45.734" errors="0">
  <testcase name="Notes_Add_Cancel_link" time="8.798" classname="patientClinic.PatientNotes"/>
  <testcase name="Notes_Edit_Cancel_link" time="8.792" classname="patientClinic.PatientNotes"/>
  <testcase name="Add_Note" time="9.886" classname="patientClinic.PatientNotes"/>
  <testcase name="Notes_Edit" time="9.072" classname="patientClinic.PatientNotes"/>
  <testcase name="Notes_Delete" time="9.186" classname="patientClinic.PatientNotes"/>
</testsuite> <!-- patientClinic.PatientNotes -->
