<?xml version="1.0" encoding="UTF-8"?>
<!-- Generated by org.testng.reporters.JUnitReportReporter -->
<testsuite hostname="KLS-00004.local" name="patientClinic.PatientDashboard" tests="2" failures="2" timestamp="27 Apr 2016 14:51:46 GMT" time="137.634" errors="0">
  <testcase name="condition" time="91.807" classname="patientClinic.PatientDashboard">
    <failure type="org.openqa.selenium.NoSuchWindowException" message="{&quot;errorMessage&quot;:&quot;Unable to close window (closed already?)&quot;,&quot;request&quot;:{&quot;headers&quot;:{&quot;Accept-Encoding&quot;:&quot;gzip,deflate&quot;,&quot;Connection&quot;:&quot;Keep-Alive&quot;,&quot;Host&quot;:&quot;localhost:47013&quot;,&quot;User-Agent&quot;:&quot;Apache-HttpClient/4.5.1 (Java/1.8.0_77)&quot;},&quot;httpVersion&quot;:&quot;1.1&quot;,&quot;method&quot;:&quot;DELETE&quot;,&quot;url&quot;:&quot;/window&quot;,&quot;urlParsed&quot;:{&quot;anchor&quot;:&quot;&quot;,&quot;query&quot;:&quot;&quot;,&quot;file&quot;:&quot;window&quot;,&quot;directory&quot;:&quot;/&quot;,&quot;path&quot;:&quot;/window&quot;,&quot;relative&quot;:&quot;/window&quot;,&quot;port&quot;:&quot;&quot;,&quot;host&quot;:&quot;&quot;,&quot;password&quot;:&quot;&quot;,&quot;user&quot;:&quot;&quot;,&quot;userInfo&quot;:&quot;&quot;,&quot;authority&quot;:&quot;&quot;,&quot;protocol&quot;:&quot;&quot;,&quot;source&quot;:&quot;/window&quot;,&quot;queryKey&quot;:{},&quot;chunks&quot;:[&quot;window&quot;]},&quot;urlOriginal&quot;:&quot;/session/45324720-0c87-11e6-b9fc-0ffa41d3521f/window&quot;}}
Command duration or timeout: 20 milliseconds
Build info: version: &#039;2.53.0&#039;, revision: &#039;35ae25b1534ae328c771e0856c93e187490ca824&#039;, time: &#039;2016-03-15 10:43:46&#039;
System info: host: &#039;KLS-00004.local&#039;, ip: &#039;10.1.1.10&#039;, os.name: &#039;Mac OS X&#039;, os.arch: &#039;x86_64&#039;, os.version: &#039;10.11.4&#039;, java.version: &#039;1.8.0_77&#039;
Driver info: org.openqa.selenium.phantomjs.PhantomJSDriver
Capabilities [{applicationCacheEnabled=false, rotatable=false, handlesAlerts=false, databaseEnabled=false, version=2.1.1, platform=OS X 10.11, browserConnectionEnabled=false, proxy={proxyType=direct}, nativeEvents=true, acceptSslCerts=false, driverVersion=1.2.0, locationContextEnabled=false, webStorageEnabled=false, browserName=phantomjs, takesScreenshot=true, driverName=ghostdriver, javascriptEnabled=true, cssSelectorsEnabled=true}]
Session ID: 45324720-0c87-11e6-b9fc-0ffa41d3521f">
      <![CDATA[org.openqa.selenium.NoSuchWindowException: {"errorMessage":"Unable to close window (closed already?)","request":{"headers":{"Accept-Encoding":"gzip,deflate","Connection":"Keep-Alive","Host":"localhost:47013","User-Agent":"Apache-HttpClient/4.5.1 (Java/1.8.0_77)"},"httpVersion":"1.1","method":"DELETE","url":"/window","urlParsed":{"anchor":"","query":"","file":"window","directory":"/","path":"/window","relative":"/window","port":"","host":"","password":"","user":"","userInfo":"","authority":"","protocol":"","source":"/window","queryKey":{},"chunks":["window"]},"urlOriginal":"/session/45324720-0c87-11e6-b9fc-0ffa41d3521f/window"}}
Command duration or timeout: 20 milliseconds
Build info: version: '2.53.0', revision: '35ae25b1534ae328c771e0856c93e187490ca824', time: '2016-03-15 10:43:46'
System info: host: 'KLS-00004.local', ip: '10.1.1.10', os.name: 'Mac OS X', os.arch: 'x86_64', os.version: '10.11.4', java.version: '1.8.0_77'
Driver info: org.openqa.selenium.phantomjs.PhantomJSDriver
Capabilities [{applicationCacheEnabled=false, rotatable=false, handlesAlerts=false, databaseEnabled=false, version=2.1.1, platform=OS X 10.11, browserConnectionEnabled=false, proxy={proxyType=direct}, nativeEvents=true, acceptSslCerts=false, driverVersion=1.2.0, locationContextEnabled=false, webStorageEnabled=false, browserName=phantomjs, takesScreenshot=true, driverName=ghostdriver, javascriptEnabled=true, cssSelectorsEnabled=true}]
Session ID: 45324720-0c87-11e6-b9fc-0ffa41d3521f
	at sun.reflect.NativeConstructorAccessorImpl.newInstance0(Native Method)
	at sun.reflect.NativeConstructorAccessorImpl.newInstance(NativeConstructorAccessorImpl.java:62)
	at sun.reflect.DelegatingConstructorAccessorImpl.newInstance(DelegatingConstructorAccessorImpl.java:45)
	at java.lang.reflect.Constructor.newInstance(Constructor.java:423)
	at org.openqa.selenium.remote.ErrorHandler.createThrowable(ErrorHandler.java:206)
	at org.openqa.selenium.remote.ErrorHandler.throwIfResponseFailed(ErrorHandler.java:158)
	at org.openqa.selenium.remote.RemoteWebDriver.execute(RemoteWebDriver.java:678)
	at org.openqa.selenium.remote.RemoteWebDriver.execute(RemoteWebDriver.java:701)
	at org.openqa.selenium.remote.RemoteWebDriver.close(RemoteWebDriver.java:521)
	at patientClinic.PatientDashboard.condition(PatientDashboard.java:66)
	at sun.reflect.NativeMethodAccessorImpl.invoke0(Native Method)
	at sun.reflect.NativeMethodAccessorImpl.invoke(NativeMethodAccessorImpl.java:62)
	at sun.reflect.DelegatingMethodAccessorImpl.invoke(DelegatingMethodAccessorImpl.java:43)
	at java.lang.reflect.Method.invoke(Method.java:498)
	at org.testng.internal.MethodInvocationHelper.invokeMethod(MethodInvocationHelper.java:80)
	at org.testng.internal.Invoker.invokeMethod(Invoker.java:714)
	at org.testng.internal.Invoker.invokeTestMethod(Invoker.java:901)
	at org.testng.internal.Invoker.invokeTestMethods(Invoker.java:1231)
	at org.testng.internal.TestMethodWorker.invokeTestMethods(TestMethodWorker.java:127)
	at org.testng.internal.TestMethodWorker.run(TestMethodWorker.java:111)
	at org.testng.TestRunner.privateRun(TestRunner.java:767)
	at org.testng.TestRunner.run(TestRunner.java:617)
	at org.testng.SuiteRunner.runTest(SuiteRunner.java:334)
	at org.testng.SuiteRunner.runSequentially(SuiteRunner.java:329)
	at org.testng.SuiteRunner.privateRun(SuiteRunner.java:291)
	at org.testng.SuiteRunner.run(SuiteRunner.java:240)
	at org.testng.SuiteRunnerWorker.runSuite(SuiteRunnerWorker.java:52)
	at org.testng.SuiteRunnerWorker.run(SuiteRunnerWorker.java:86)
	at org.testng.TestNG.runSuitesSequentially(TestNG.java:1198)
	at org.testng.TestNG.runSuitesLocally(TestNG.java:1123)
	at org.testng.TestNG.run(TestNG.java:1031)
	at org.testng.remote.RemoteTestNG.run(RemoteTestNG.java:115)
	at org.testng.remote.RemoteTestNG.initAndRun(RemoteTestNG.java:207)
	at org.testng.remote.RemoteTestNG.main(RemoteTestNG.java:178)
Caused by: org.openqa.selenium.remote.ScreenshotException: Screen shot has been taken
Build info: version: '2.53.0', revision: '35ae25b1534ae328c771e0856c93e187490ca824', time: '2016-03-15 10:43:46'
System info: host: 'KLS-00004.local', ip: '10.1.1.10', os.name: 'Mac OS X', os.arch: 'x86_64', os.version: '10.11.4', java.version: '1.8.0_77'
Driver info: driver.version: RemoteWebDriver
	at org.openqa.selenium.remote.ErrorHandler.throwIfResponseFailed(ErrorHandler.java:138)
	... 28 more
Caused by: org.openqa.selenium.NoSuchWindowException: {"errorMessage":"Unable to close window (closed already?)","request":{"headers":{"Accept-Encoding":"gzip,deflate","Connection":"Keep-Alive","Host":"localhost:47013","User-Agent":"Apache-HttpClient/4.5.1 (Java/1.8.0_77)"},"httpVersion":"1.1","method":"DELETE","url":"/window","urlParsed":{"anchor":"","query":"","file":"window","directory":"/","path":"/window","relative":"/window","port":"","host":"","password":"","user":"","userInfo":"","authority":"","protocol":"","source":"/window","queryKey":{},"chunks":["window"]},"urlOriginal":"/session/45324720-0c87-11e6-b9fc-0ffa41d3521f/window"}}
Build info: version: '2.53.0', revision: '35ae25b1534ae328c771e0856c93e187490ca824', time: '2016-03-15 10:43:46'
System info: host: 'KLS-00004.local', ip: '10.1.1.10', os.name: 'Mac OS X', os.arch: 'x86_64', os.version: '10.11.4', java.version: '1.8.0_77'
Driver info: driver.version: unknown
]]>
    </failure>
  </testcase> <!-- condition -->
  <testcase name="procedure" time="45.827" classname="patientClinic.PatientDashboard">
    <failure type="org.openqa.selenium.TimeoutException" message="Timed out after 10 seconds waiting for element to be clickable: By.xpath: .//.//*[@id=&#039;profile_main&#039;]/article/div[2]/div[1]/div[2]/div/div[2]/a/img
Build info: version: &#039;2.53.0&#039;, revision: &#039;35ae25b1534ae328c771e0856c93e187490ca824&#039;, time: &#039;2016-03-15 10:43:46&#039;
System info: host: &#039;KLS-00004.local&#039;, ip: &#039;10.1.1.10&#039;, os.name: &#039;Mac OS X&#039;, os.arch: &#039;x86_64&#039;, os.version: &#039;10.11.4&#039;, java.version: &#039;1.8.0_77&#039;
Driver info: org.openqa.selenium.phantomjs.PhantomJSDriver
Capabilities [{applicationCacheEnabled=false, rotatable=false, handlesAlerts=false, databaseEnabled=false, version=2.1.1, platform=OS X 10.11, browserConnectionEnabled=false, proxy={proxyType=direct}, nativeEvents=true, acceptSslCerts=false, driverVersion=1.2.0, locationContextEnabled=false, webStorageEnabled=false, browserName=phantomjs, takesScreenshot=true, driverName=ghostdriver, javascriptEnabled=true, cssSelectorsEnabled=true}]
Session ID: 75f09c40-0c87-11e6-bca0-c5666a09d129">
      <![CDATA[org.openqa.selenium.TimeoutException: Timed out after 10 seconds waiting for element to be clickable: By.xpath: .//.//*[@id='profile_main']/article/div[2]/div[1]/div[2]/div/div[2]/a/img
Build info: version: '2.53.0', revision: '35ae25b1534ae328c771e0856c93e187490ca824', time: '2016-03-15 10:43:46'
System info: host: 'KLS-00004.local', ip: '10.1.1.10', os.name: 'Mac OS X', os.arch: 'x86_64', os.version: '10.11.4', java.version: '1.8.0_77'
Driver info: org.openqa.selenium.phantomjs.PhantomJSDriver
Capabilities [{applicationCacheEnabled=false, rotatable=false, handlesAlerts=false, databaseEnabled=false, version=2.1.1, platform=OS X 10.11, browserConnectionEnabled=false, proxy={proxyType=direct}, nativeEvents=true, acceptSslCerts=false, driverVersion=1.2.0, locationContextEnabled=false, webStorageEnabled=false, browserName=phantomjs, takesScreenshot=true, driverName=ghostdriver, javascriptEnabled=true, cssSelectorsEnabled=true}]
Session ID: 75f09c40-0c87-11e6-bca0-c5666a09d129
	at org.openqa.selenium.support.ui.WebDriverWait.timeoutException(WebDriverWait.java:80)
	at org.openqa.selenium.support.ui.FluentWait.until(FluentWait.java:261)
	at patientClinic.Login.wait(Login.java:37)
	at patientClinic.PatientDashboard.procedure(PatientDashboard.java:88)
	at sun.reflect.NativeMethodAccessorImpl.invoke0(Native Method)
	at sun.reflect.NativeMethodAccessorImpl.invoke(NativeMethodAccessorImpl.java:62)
	at sun.reflect.DelegatingMethodAccessorImpl.invoke(DelegatingMethodAccessorImpl.java:43)
	at java.lang.reflect.Method.invoke(Method.java:498)
	at org.testng.internal.MethodInvocationHelper.invokeMethod(MethodInvocationHelper.java:80)
	at org.testng.internal.Invoker.invokeMethod(Invoker.java:714)
	at org.testng.internal.Invoker.invokeTestMethod(Invoker.java:901)
	at org.testng.internal.Invoker.invokeTestMethods(Invoker.java:1231)
	at org.testng.internal.TestMethodWorker.invokeTestMethods(TestMethodWorker.java:127)
	at org.testng.internal.TestMethodWorker.run(TestMethodWorker.java:111)
	at org.testng.TestRunner.privateRun(TestRunner.java:767)
	at org.testng.TestRunner.run(TestRunner.java:617)
	at org.testng.SuiteRunner.runTest(SuiteRunner.java:334)
	at org.testng.SuiteRunner.runSequentially(SuiteRunner.java:329)
	at org.testng.SuiteRunner.privateRun(SuiteRunner.java:291)
	at org.testng.SuiteRunner.run(SuiteRunner.java:240)
	at org.testng.SuiteRunnerWorker.runSuite(SuiteRunnerWorker.java:52)
	at org.testng.SuiteRunnerWorker.run(SuiteRunnerWorker.java:86)
	at org.testng.TestNG.runSuitesSequentially(TestNG.java:1198)
	at org.testng.TestNG.runSuitesLocally(TestNG.java:1123)
	at org.testng.TestNG.run(TestNG.java:1031)
	at org.testng.remote.RemoteTestNG.run(RemoteTestNG.java:115)
	at org.testng.remote.RemoteTestNG.initAndRun(RemoteTestNG.java:207)
	at org.testng.remote.RemoteTestNG.main(RemoteTestNG.java:178)
Caused by: org.openqa.selenium.NoSuchElementException: {"errorMessage":"Unable to find element with xpath './/.//*[@id='profile_main']/article/div[2]/div[1]/div[2]/div/div[2]/a/img'","request":{"headers":{"Accept-Encoding":"gzip,deflate","Connection":"Keep-Alive","Content-Length":"101","Content-Type":"application/json; charset=utf-8","Host":"localhost:35399","User-Agent":"Apache-HttpClient/4.5.1 (Java/1.8.0_77)"},"httpVersion":"1.1","method":"POST","post":"{\"using\":\"xpath\",\"value\":\".//.//*[@id='profile_main']/article/div[2]/div[1]/div[2]/div/div[2]/a/img\"}","url":"/element","urlParsed":{"anchor":"","query":"","file":"element","directory":"/","path":"/element","relative":"/element","port":"","host":"","password":"","user":"","userInfo":"","authority":"","protocol":"","source":"/element","queryKey":{},"chunks":["element"]},"urlOriginal":"/session/75f09c40-0c87-11e6-bca0-c5666a09d129/element"}}
Command duration or timeout: 3.78 seconds
For documentation on this error, please visit: http://seleniumhq.org/exceptions/no_such_element.html
Build info: version: '2.53.0', revision: '35ae25b1534ae328c771e0856c93e187490ca824', time: '2016-03-15 10:43:46'
System info: host: 'KLS-00004.local', ip: '10.1.1.10', os.name: 'Mac OS X', os.arch: 'x86_64', os.version: '10.11.4', java.version: '1.8.0_77'
Driver info: org.openqa.selenium.phantomjs.PhantomJSDriver
Capabilities [{applicationCacheEnabled=false, rotatable=false, handlesAlerts=false, databaseEnabled=false, version=2.1.1, platform=OS X 10.11, browserConnectionEnabled=false, proxy={proxyType=direct}, nativeEvents=true, acceptSslCerts=false, driverVersion=1.2.0, locationContextEnabled=false, webStorageEnabled=false, browserName=phantomjs, takesScreenshot=true, driverName=ghostdriver, javascriptEnabled=true, cssSelectorsEnabled=true}]
Session ID: 75f09c40-0c87-11e6-bca0-c5666a09d129
*** Element info: {Using=xpath, value=.//.//*[@id='profile_main']/article/div[2]/div[1]/div[2]/div/div[2]/a/img}
	at sun.reflect.NativeConstructorAccessorImpl.newInstance0(Native Method)
	at sun.reflect.NativeConstructorAccessorImpl.newInstance(NativeConstructorAccessorImpl.java:62)
	at sun.reflect.DelegatingConstructorAccessorImpl.newInstance(DelegatingConstructorAccessorImpl.java:45)
	at java.lang.reflect.Constructor.newInstance(Constructor.java:423)
	at org.openqa.selenium.remote.ErrorHandler.createThrowable(ErrorHandler.java:206)
	at org.openqa.selenium.remote.ErrorHandler.throwIfResponseFailed(ErrorHandler.java:158)
	at org.openqa.selenium.remote.RemoteWebDriver.execute(RemoteWebDriver.java:678)
	at org.openqa.selenium.remote.RemoteWebDriver.findElement(RemoteWebDriver.java:363)
	at org.openqa.selenium.remote.RemoteWebDriver.findElementByXPath(RemoteWebDriver.java:500)
	at org.openqa.selenium.By$ByXPath.findElement(By.java:361)
	at org.openqa.selenium.remote.RemoteWebDriver.findElement(RemoteWebDriver.java:355)
	at org.openqa.selenium.support.ui.ExpectedConditions.findElement(ExpectedConditions.java:899)
	at org.openqa.selenium.support.ui.ExpectedConditions.access$000(ExpectedConditions.java:41)
	at org.openqa.selenium.support.ui.ExpectedConditions$7.apply(ExpectedConditions.java:205)
	at org.openqa.selenium.support.ui.ExpectedConditions$7.apply(ExpectedConditions.java:201)
	at org.openqa.selenium.support.ui.ExpectedConditions$22.apply(ExpectedConditions.java:653)
	at org.openqa.selenium.support.ui.ExpectedConditions$22.apply(ExpectedConditions.java:646)
	at org.openqa.selenium.support.ui.FluentWait.until(FluentWait.java:238)
	... 26 more
Caused by: org.openqa.selenium.remote.ScreenshotException: Screen shot has been taken
Build info: version: '2.53.0', revision: '35ae25b1534ae328c771e0856c93e187490ca824', time: '2016-03-15 10:43:46'
System info: host: 'KLS-00004.local', ip: '10.1.1.10', os.name: 'Mac OS X', os.arch: 'x86_64', os.version: '10.11.4', java.version: '1.8.0_77'
Driver info: driver.version: RemoteWebDriver
	at org.openqa.selenium.remote.ErrorHandler.throwIfResponseFailed(ErrorHandler.java:138)
	... 38 more
Caused by: org.openqa.selenium.NoSuchElementException: {"errorMessage":"Unable to find element with xpath './/.//*[@id='profile_main']/article/div[2]/div[1]/div[2]/div/div[2]/a/img'","request":{"headers":{"Accept-Encoding":"gzip,deflate","Connection":"Keep-Alive","Content-Length":"101","Content-Type":"application/json; charset=utf-8","Host":"localhost:35399","User-Agent":"Apache-HttpClient/4.5.1 (Java/1.8.0_77)"},"httpVersion":"1.1","method":"POST","post":"{\"using\":\"xpath\",\"value\":\".//.//*[@id='profile_main']/article/div[2]/div[1]/div[2]/div/div[2]/a/img\"}","url":"/element","urlParsed":{"anchor":"","query":"","file":"element","directory":"/","path":"/element","relative":"/element","port":"","host":"","password":"","user":"","userInfo":"","authority":"","protocol":"","source":"/element","queryKey":{},"chunks":["element"]},"urlOriginal":"/session/75f09c40-0c87-11e6-bca0-c5666a09d129/element"}}
For documentation on this error, please visit: http://seleniumhq.org/exceptions/no_such_element.html
Build info: version: '2.53.0', revision: '35ae25b1534ae328c771e0856c93e187490ca824', time: '2016-03-15 10:43:46'
System info: host: 'KLS-00004.local', ip: '10.1.1.10', os.name: 'Mac OS X', os.arch: 'x86_64', os.version: '10.11.4', java.version: '1.8.0_77'
Driver info: driver.version: unknown
]]>
    </failure>
  </testcase> <!-- procedure -->
</testsuite> <!-- patientClinic.PatientDashboard -->
