<?xml version="1.0" encoding="UTF-8"?>
<!-- Generated by org.testng.reporters.JUnitReportReporter -->
<testsuite hostname="MacBook-Pro-3.local" name="practitionerClinic.test1" tests="1" failures="0" timestamp="26 May 2016 13:39:36 GMT" time="16.900" errors="0">
  <testcase name="assign_survey" time="16.900" classname="practitionerClinic.test1"/>
</testsuite> <!-- practitionerClinic.test1 -->
