<?xml version="1.0" encoding="UTF-8"?>
<!-- Generated by org.testng.reporters.JUnitReportReporter -->
<testsuite hostname="MacBook-Pro.local" name="patientClinic.PatientAssessment" tests="4" failures="0" timestamp="4 May 2016 12:43:58 GMT" time="44.363" errors="0">
  <testcase name="Assessment_view_email" time="11.811" classname="patientClinic.PatientAssessment"/>
  <testcase name="Assessment_View_Back" time="11.323" classname="patientClinic.PatientAssessment"/>
  <testcase name="Assessment_view_icon" time="12.127" classname="patientClinic.PatientAssessment"/>
  <testcase name="Assessment_View_Print" time="9.102" classname="patientClinic.PatientAssessment"/>
</testsuite> <!-- patientClinic.PatientAssessment -->
