<?xml version="1.0" encoding="UTF-8"?>
<!-- Generated by org.testng.reporters.JUnitReportReporter -->
<testsuite hostname="KLS-00004.local" name="practitionerClinic.BuildProtocol" tests="1" failures="0" timestamp="2 May 2016 23:34:09 GMT" time="25.636" errors="0">
  <testcase name="protocol" time="25.636" classname="practitionerClinic.BuildProtocol"/>
</testsuite> <!-- practitionerClinic.BuildProtocol -->
