<?xml version="1.0" encoding="UTF-8"?>
<!-- Generated by org.testng.reporters.JUnitReportReporter -->
<testsuite hostname="KLS-00004.local" name="practitonerClinic.RespondMessage" tests="1" failures="0" timestamp="18 Apr 2016 15:18:54 GMT" time="34.536" errors="0">
  <testcase name="respondmessage" time="34.536" classname="practitonerClinic.RespondMessage"/>
</testsuite> <!-- practitonerClinic.RespondMessage -->
