<?xml version="1.0" encoding="UTF-8"?>
<!-- Generated by org.testng.reporters.JUnitReportReporter -->
<testsuite hostname="KLS-00004.local" name="patientClinic.PatientAssessment" tests="4" failures="0" timestamp="23 Apr 2016 20:45:56 GMT" time="53.681" errors="0">
  <testcase name="Assessment_view_icon" time="15.571" classname="patientClinic.PatientAssessment"/>
  <testcase name="Assessment_View_Print" time="13.357" classname="patientClinic.PatientAssessment"/>
  <testcase name="Assessment_view_email" time="13.733" classname="patientClinic.PatientAssessment"/>
  <testcase name="Assessment_View_Back" time="11.020" classname="patientClinic.PatientAssessment"/>
</testsuite> <!-- patientClinic.PatientAssessment -->
