<?xml version="1.0" encoding="UTF-8"?>
<!-- Generated by org.testng.reporters.JUnitReportReporter -->
<testsuite hostname="KLS-00004.local" name="patientClinic.PatientResources" tests="5" failures="0" timestamp="27 Apr 2016 15:20:55 GMT" time="64.404" errors="0">
  <testcase name="Resources_Delete" time="12.197" classname="patientClinic.PatientResources"/>
  <testcase name="Edit_Resources" time="16.290" classname="patientClinic.PatientResources"/>
  <testcase name="Resources_Add_Cancel_link" time="12.270" classname="patientClinic.PatientResources"/>
  <testcase name="Add_Resources" time="10.274" classname="patientClinic.PatientResources"/>
  <testcase name="Resources_Edit_Cancel_link" time="13.373" classname="patientClinic.PatientResources"/>
</testsuite> <!-- patientClinic.PatientResources -->
