<?xml version="1.0" encoding="UTF-8"?>
<!-- Generated by org.testng.reporters.JUnitReportReporter -->
<testsuite hostname="MacBook-Pro-3.local" name="patientClinic.PatientAssessment" tests="4" failures="0" timestamp="18 May 2016 14:55:21 GMT" time="52.101" errors="0">
  <testcase name="Assessment_view_icon" time="13.885" classname="patientClinic.PatientAssessment"/>
  <testcase name="Assessment_View_Print" time="10.616" classname="patientClinic.PatientAssessment"/>
  <testcase name="Assessment_view_email" time="12.794" classname="patientClinic.PatientAssessment"/>
  <testcase name="Assessment_View_Back" time="14.806" classname="patientClinic.PatientAssessment"/>
</testsuite> <!-- patientClinic.PatientAssessment -->
