<?xml version="1.0" encoding="UTF-8"?>
<!-- Generated by org.testng.reporters.JUnitReportReporter -->
<testsuite hostname="MacBook-Pro.local" name="patientClinic.PatientCalendar" tests="3" failures="0" timestamp="3 May 2016 18:32:35 GMT" time="36.860" errors="0">
  <testcase name="Calendar_Add_Event_Cancel" time="12.297" classname="patientClinic.PatientCalendar"/>
  <testcase name="Calendar_Add_Event" time="13.536" classname="patientClinic.PatientCalendar"/>
  <testcase name="Calendar_Export" time="11.027" classname="patientClinic.PatientCalendar"/>
</testsuite> <!-- patientClinic.PatientCalendar -->
