<?xml version="1.0" encoding="UTF-8"?>
<!-- Generated by org.testng.reporters.JUnitReportReporter -->
<testsuite hostname="MacBook-Pro.local" name="patientClinic.PatientAssessment" tests="4" failures="0" timestamp="3 May 2016 18:32:35 GMT" time="48.366" errors="0">
  <testcase name="Assessment_view_email" time="12.718" classname="patientClinic.PatientAssessment"/>
  <testcase name="Assessment_View_Back" time="12.336" classname="patientClinic.PatientAssessment"/>
  <testcase name="Assessment_view_icon" time="13.487" classname="patientClinic.PatientAssessment"/>
  <testcase name="Assessment_View_Print" time="9.825" classname="patientClinic.PatientAssessment"/>
</testsuite> <!-- patientClinic.PatientAssessment -->
