<?xml version="1.0" encoding="UTF-8"?>
<!-- Generated by org.testng.reporters.JUnitReportReporter -->
<testsuite hostname="KLS-00004.local" name="patientClinic.PatientNotes" tests="5" failures="0" timestamp="27 Apr 2016 15:20:55 GMT" time="62.344" errors="0">
  <testcase name="Notes_Add_Cancel_link" time="12.363" classname="patientClinic.PatientNotes"/>
  <testcase name="Add_Note" time="13.171" classname="patientClinic.PatientNotes"/>
  <testcase name="Notes_Edit" time="11.606" classname="patientClinic.PatientNotes"/>
  <testcase name="Notes_Edit_Cancel_link" time="12.660" classname="patientClinic.PatientNotes"/>
  <testcase name="Notes_Delete" time="12.544" classname="patientClinic.PatientNotes"/>
</testsuite> <!-- patientClinic.PatientNotes -->
